This is pdfTeX, Version 3.14159265-2.6-1.40.20 (TeX Live 2019/Debian) (preloaded format=pdflatex 2022.5.1)  26 MAY 2022 15:32
entering extended mode
 restricted \write18 enabled.
 %&-line parsing enabled.
**refman
(./refman.tex
LaTeX2e <2020-02-02> patch level 2
L3 programming layer <2020-02-14>
(/usr/share/texlive/texmf-dist/tex/latex/base/book.cls
Document Class: book 2019/12/20 v1.4l Standard LaTeX document class
(/usr/share/texlive/texmf-dist/tex/latex/base/bk10.clo
File: bk10.clo 2019/12/20 v1.4l Standard LaTeX file (size option)
)
\c@part=\count167
\c@chapter=\count168
\c@section=\count169
\c@subsection=\count170
\c@subsubsection=\count171
\c@paragraph=\count172
\c@subparagraph=\count173
\c@figure=\count174
\c@table=\count175
\abovecaptionskip=\skip47
\belowcaptionskip=\skip48
\bibindent=\dimen134
)
(/usr/share/texlive/texmf-dist/tex/latex/base/ifthen.sty
Package: ifthen 2014/09/29 v1.1c Standard LaTeX ifthen package (DPC)
)
(/usr/share/texlive/texmf-dist/tex/latex/tools/array.sty
Rollback for package 'array' requested -> date 2016-10-06.
         Best approximation is the release introduced on 2016-10-06.

(/usr/share/texlive/texmf-dist/tex/latex/tools/array-2016-10-06.sty
Package: array 2016/10/06 v2.4d Tabular extension package (FMi)
\col@sep=\dimen135
\extrarowheight=\dimen136
\NC@list=\toks14
\extratabsurround=\skip49
\backup@length=\skip50
))
(/usr/share/texlive/texmf-dist/tex/latex/base/fixltx2e.sty
Package: fixltx2e 2016/12/29 v2.1a fixes to LaTeX (obsolete)
Applying: [2015/01/01] Old fixltx2e package on input line 46.


Package fixltx2e Warning: fixltx2e is not required with releases after 2015
(fixltx2e)                All fixes are now in the LaTeX kernel.
(fixltx2e)                See the latexrelease package for details.

Already applied: [0000/00/00] Old fixltx2e package on input line 53.
) (./doxygen.sty
Package: doxygen 
 (/usr/share/texlive/texmf-dist/tex/latex/base/alltt.sty
Package: alltt 1997/06/16 v2.0g defines alltt environment
)
(/usr/share/texlive/texmf-dist/tex/latex/tools/calc.sty
Package: calc 2017/05/25 v4.3 Infix arithmetic (KKT,FJ)
\calc@Acount=\count176
\calc@Bcount=\count177
\calc@Adimen=\dimen137
\calc@Bdimen=\dimen138
\calc@Askip=\skip51
\calc@Bskip=\skip52
LaTeX Info: Redefining \setlength on input line 80.
LaTeX Info: Redefining \addtolength on input line 81.
\calc@Ccount=\count178
\calc@Cskip=\skip53
)
(/usr/share/texlive/texmf-dist/tex/latex/float/float.sty
Package: float 2001/11/08 v1.3d Float enhancements (AL)
\c@float@type=\count179
\float@exts=\toks15
\float@box=\box45
\@float@everytoks=\toks16
\@floatcapt=\box46
)
(/usr/share/texlive/texmf-dist/tex/latex/tools/verbatim.sty
Package: verbatim 2019/11/10 v1.5r LaTeX2e package for verbatim enhancements
\every@verbatim=\toks17
\verbatim@line=\toks18
\verbatim@in@stream=\read2
)
(/usr/share/texlive/texmf-dist/tex/latex/xcolor/xcolor.sty
Package: xcolor 2016/05/11 v2.12 LaTeX color extensions (UK)

(/usr/share/texlive/texmf-dist/tex/latex/graphics-cfg/color.cfg
File: color.cfg 2016/01/02 v1.6 sample color configuration
)
Package xcolor Info: Driver file: pdftex.def on input line 225.

(/usr/share/texlive/texmf-dist/tex/latex/graphics-def/pdftex.def
File: pdftex.def 2018/01/08 v1.0l Graphics/color driver for pdftex
)
(/usr/share/texlive/texmf-dist/tex/latex/colortbl/colortbl.sty
Package: colortbl 2020/01/04 v1.0e Color table columns (DPC)
\everycr=\toks19
\minrowclearance=\skip54
)
\rownum=\count180
Package xcolor Info: Model `cmy' substituted by `cmy0' on input line 1348.
Package xcolor Info: Model `hsb' substituted by `rgb' on input line 1352.
Package xcolor Info: Model `RGB' extended on input line 1364.
Package xcolor Info: Model `HTML' substituted by `rgb' on input line 1366.
Package xcolor Info: Model `Hsb' substituted by `hsb' on input line 1367.
Package xcolor Info: Model `tHsb' substituted by `hsb' on input line 1368.
Package xcolor Info: Model `HSB' substituted by `hsb' on input line 1369.
Package xcolor Info: Model `Gray' substituted by `gray' on input line 1370.
Package xcolor Info: Model `wave' substituted by `hsb' on input line 1371.
)
(./longtable_doxygen.sty
Package: longtable_doxygen 2014/10/28 v4.11 Multi-page Table package (DPC) - fr
ozen version for doxygen
\LTleft=\skip55
\LTright=\skip56
\LTpre=\skip57
\LTpost=\skip58
\LTchunksize=\count181
\LTcapwidth=\dimen139
\LT@head=\box47
\LT@firsthead=\box48
\LT@foot=\box49
\LT@lastfoot=\box50
\LT@cols=\count182
\LT@rows=\count183
\c@LT@tables=\count184
\c@LT@chunks=\count185
\LT@p@ftn=\toks20
) (./tabu_doxygen.sty
Package: tabu_doxygen 2011/02/26 v2.8 - flexible LaTeX tabulars (FC), frozen ve
rsion for doxygen

(/usr/share/texlive/texmf-dist/tex/latex/varwidth/varwidth.sty
Package: varwidth 2009/03/30 ver 0.92;  Variable-width minipages
\@vwid@box=\box51
\sift@deathcycles=\count186
\@vwid@loff=\dimen140
\@vwid@roff=\dimen141
)
\c@taburow=\count187
\tabu@nbcols=\count188
\tabu@cnt=\count189
\tabu@Xcol=\count190
\tabu@alloc=\count191
\tabu@nested=\count192
\tabu@target=\dimen142
\tabu@spreadtarget=\dimen143
\tabu@naturalX=\dimen144
\tabucolX=\dimen145
\tabu@Xsum=\dimen146
\extrarowdepth=\dimen147
\abovetabulinesep=\dimen148
\belowtabulinesep=\dimen149
\tabustrutrule=\dimen150
\tabu@thebody=\toks21
\tabu@footnotes=\toks22
\tabu@box=\box52
\tabu@arstrutbox=\box53
\tabu@hleads=\box54
\tabu@vleads=\box55
\tabu@cellskip=\skip59
)
(/usr/share/texlive/texmf-dist/tex/latex/fancyvrb/fancyvrb.sty
Package: fancyvrb 2020/01/13 v3.5 verbatim text (tvz,hv)

(/usr/share/texlive/texmf-dist/tex/latex/graphics/keyval.sty
Package: keyval 2014/10/28 v1.15 key=value parser (DPC)
\KV@toks@=\toks23
)
\FV@CodeLineNo=\count193
\FV@InFile=\read3
\FV@TabBox=\box56
\c@FancyVerbLine=\count194
\FV@StepNumber=\count195
\FV@OutFile=\write3
)
(/usr/share/texlive/texmf-dist/tex/latex/tools/tabularx.sty
Package: tabularx 2020/01/15 v2.11c `tabularx' package (DPC)
\TX@col@width=\dimen151
\TX@old@table=\dimen152
\TX@old@col=\dimen153
\TX@target=\dimen154
\TX@delta=\dimen155
\TX@cols=\count196
\TX@ftn=\toks24
)
(/usr/share/texlive/texmf-dist/tex/latex/tools/multicol.sty
Package: multicol 2019/12/09 v1.8y multicolumn formatting (FMi)
\c@tracingmulticols=\count197
\mult@box=\box57
\multicol@leftmargin=\dimen156
\c@unbalance=\count198
\c@collectmore=\count199
\doublecol@number=\count266
\multicoltolerance=\count267
\multicolpretolerance=\count268
\full@width=\dimen157
\page@free=\dimen158
\premulticols=\dimen159
\postmulticols=\dimen160
\multicolsep=\skip60
\multicolbaselineskip=\skip61
\partial@page=\box58
\last@line=\box59
\maxbalancingoverflow=\dimen161
\mult@rightbox=\box60
\mult@grightbox=\box61
\mult@gfirstbox=\box62
\mult@firstbox=\box63
\@tempa=\box64
\@tempa=\box65
\@tempa=\box66
\@tempa=\box67
\@tempa=\box68
\@tempa=\box69
\@tempa=\box70
\@tempa=\box71
\@tempa=\box72
\@tempa=\box73
\@tempa=\box74
\@tempa=\box75
\@tempa=\box76
\@tempa=\box77
\@tempa=\box78
\@tempa=\box79
\@tempa=\box80
\@tempa=\box81
\@tempa=\box82
\@tempa=\box83
\@tempa=\box84
\@tempa=\box85
\@tempa=\box86
\@tempa=\box87
\@tempa=\box88
\@tempa=\box89
\@tempa=\box90
\@tempa=\box91
\@tempa=\box92
\@tempa=\box93
\@tempa=\box94
\@tempa=\box95
\@tempa=\box96
\@tempa=\box97
\@tempa=\box98
\@tempa=\box99
\@tempa=\box100
\c@minrows=\count269
\c@columnbadness=\count270
\c@finalcolumnbadness=\count271
\last@try=\dimen162
\multicolovershoot=\dimen163
\multicolundershoot=\dimen164
\mult@nat@firstbox=\box101
\colbreak@box=\box102
\mc@col@check@num=\count272
)
(/usr/share/texlive/texmf-dist/tex/latex/multirow/multirow.sty
Package: multirow 2019/05/31 v2.5 Span multiple rows of a table
\multirow@colwidth=\skip62
\multirow@cntb=\count273
\multirow@dima=\skip63
\bigstrutjot=\dimen165
)
(/usr/share/texlive/texmf-dist/tex/latex/hanging/hanging.sty
Package: hanging 2009/09/02 v1.2b hanging paragraphs and punctuation
\h@ngcommawd=\skip64
\h@ngfstopwd=\skip65
\h@ngquotewd=\skip66
\h@ngdquotewd=\skip67
\h@ngquerywd=\skip68
\h@ngexclwd=\skip69
\h@ngcolonwd=\skip70
\h@ngscolonwd=\skip71
)
(/usr/share/texlive/texmf-dist/tex/generic/iftex/ifpdf.sty
Package: ifpdf 2019/10/25 v3.4 ifpdf legacy package. Use iftex instead.

(/usr/share/texlive/texmf-dist/tex/generic/iftex/iftex.sty
Package: iftex 2019/11/07 v1.0c TeX engine tests
))
(/usr/share/texlive/texmf-dist/tex/latex/adjustbox/adjustbox.sty
Package: adjustbox 2019/01/04 v1.2 Adjusting TeX boxes (trim, clip, ...)

(/usr/share/texlive/texmf-dist/tex/latex/xkeyval/xkeyval.sty
Package: xkeyval 2014/12/03 v2.7a package option processing (HA)

(/usr/share/texlive/texmf-dist/tex/generic/xkeyval/xkeyval.tex
(/usr/share/texlive/texmf-dist/tex/generic/xkeyval/xkvutils.tex
\XKV@toks=\toks25
\XKV@tempa@toks=\toks26
)
\XKV@depth=\count274
File: xkeyval.tex 2014/12/03 v2.7a key=value parser (HA)
))
(/usr/share/texlive/texmf-dist/tex/latex/adjustbox/adjcalc.sty
Package: adjcalc 2012/05/16 v1.1 Provides advanced setlength with multiple back
-ends (calc, etex, pgfmath)
)
(/usr/share/texlive/texmf-dist/tex/latex/adjustbox/trimclip.sty
Package: trimclip 2018/04/08 v1.1 Trim and clip general TeX material

(/usr/share/texlive/texmf-dist/tex/latex/graphics/graphicx.sty
Package: graphicx 2019/11/30 v1.2a Enhanced LaTeX Graphics (DPC,SPQR)

(/usr/share/texlive/texmf-dist/tex/latex/graphics/graphics.sty
Package: graphics 2019/11/30 v1.4a Standard LaTeX Graphics (DPC,SPQR)

(/usr/share/texlive/texmf-dist/tex/latex/graphics/trig.sty
Package: trig 2016/01/03 v1.10 sin cos tan (DPC)
)
(/usr/share/texlive/texmf-dist/tex/latex/graphics-cfg/graphics.cfg
File: graphics.cfg 2016/06/04 v1.11 sample graphics configuration
)
Package graphics Info: Driver file: pdftex.def on input line 105.
)
\Gin@req@height=\dimen166
\Gin@req@width=\dimen167
)
(/usr/share/texlive/texmf-dist/tex/latex/collectbox/collectbox.sty
Package: collectbox 2012/05/17 v0.4b Collect macro arguments as boxes
\collectedbox=\box103
)
\tc@llx=\dimen168
\tc@lly=\dimen169
\tc@urx=\dimen170
\tc@ury=\dimen171
Package trimclip Info: Using driver 'tc-pdftex.def'.

(/usr/share/texlive/texmf-dist/tex/latex/adjustbox/tc-pdftex.def
File: tc-pdftex.def 2019/01/04 v2.2 Clipping driver for pdftex
))
\adjbox@Width=\dimen172
\adjbox@Height=\dimen173
\adjbox@Depth=\dimen174
\adjbox@Totalheight=\dimen175
\adjbox@pwidth=\dimen176
\adjbox@pheight=\dimen177
\adjbox@pdepth=\dimen178
\adjbox@ptotalheight=\dimen179

(/usr/share/texlive/texmf-dist/tex/latex/ifoddpage/ifoddpage.sty
Package: ifoddpage 2016/04/23 v1.1 Conditionals for odd/even page detection
\c@checkoddpage=\count275
))
(/usr/share/texlive/texmf-dist/tex/latex/amsfonts/amssymb.sty
Package: amssymb 2013/01/14 v3.01 AMS font symbols

(/usr/share/texlive/texmf-dist/tex/latex/amsfonts/amsfonts.sty
Package: amsfonts 2013/01/14 v3.01 Basic AMSFonts support
\@emptytoks=\toks27
\symAMSa=\mathgroup4
\symAMSb=\mathgroup5
LaTeX Font Info:    Redeclaring math symbol \hbar on input line 98.
LaTeX Font Info:    Overwriting math alphabet `\mathfrak' in version `bold'
(Font)                  U/euf/m/n --> U/euf/b/n on input line 106.
))
(/usr/share/texlive/texmf-dist/tex/latex/stackengine/stackengine.sty
Package: stackengine 2017/02/13 v4.01\ Stacking text and objects in convenient 
ways

(/usr/share/texlive/texmf-dist/tex/latex/etoolbox/etoolbox.sty
Package: etoolbox 2019/09/21 v2.5h e-TeX tools for LaTeX (JAW)
\etb@tempcnta=\count276
)
(/usr/share/texlive/texmf-dist/tex/generic/listofitems/listofitems.sty
(/usr/share/texlive/texmf-dist/tex/generic/listofitems/listofitems.tex
\loi_cnt_foreach_nest=\count277
\loi_nestcnt=\count278
)
Package: listofitems 2019/08/21 v1.63 Grab items in lists using user-specified 
sep char (CT)
)
\c@@stackindex=\count279
\@boxshift=\skip72
\stack@tmplength=\skip73
\temp@stkl=\skip74
\@stackedboxwidth=\skip75
\@addedbox=\box104
\@anchorbox=\box105
\stackedbox=\box106
\@centerbox=\box107
\c@ROWcellindex@=\count280
)
(/usr/share/texlive/texmf-dist/tex/latex/enumitem/enumitem.sty
Package: enumitem 2019/06/20 v3.9 Customized lists
\labelindent=\skip76
\enit@outerparindent=\dimen180
\enit@toks=\toks28
\enit@inbox=\box108
\enit@count@id=\count281
\enitdp@description=\count282
)
(/usr/share/texlive/texmf-dist/tex/generic/alphalph/alphalph.sty
Package: alphalph 2019/12/09 v2.6 Convert numbers to letters (HO)

(/usr/share/texlive/texmf-dist/tex/generic/infwarerr/infwarerr.sty
Package: infwarerr 2019/12/03 v1.5 Providing info/warning/error messages (HO)
)
(/usr/share/texlive/texmf-dist/tex/generic/intcalc/intcalc.sty
Package: intcalc 2019/12/15 v1.3 Expandable calculations with integers (HO)
))
(/usr/share/texlive/texmf-dist/tex/generic/ulem/ulem.sty
\UL@box=\box109
\UL@hyphenbox=\box110
\UL@skip=\skip77
\UL@hook=\toks29
\UL@height=\dimen181
\UL@pe=\count283
\UL@pixel=\dimen182
\ULC@box=\box111
Package: ulem 2019/11/18
\ULdepth=\dimen183
)
\xrefbox=\box112
\xreflength=\skip78
\CodeWidthChar=\skip79
\CodeHeightChar=\skip80
\DoxyCodeWidth=\skip81
\c@DoxyEnumeratei=\count284
\c@DoxyEnumerateii=\count285
\c@DoxyEnumerateiii=\count286
\c@DoxyEnumerateiv=\count287
\c@DoxyEnumeratev=\count288
\c@DoxyEnumeratevi=\count289
\c@DoxyEnumeratevii=\count290
\c@DoxyEnumerateviii=\count291
\c@DoxyEnumerateix=\count292
\c@DoxyEnumeratex=\count293
\c@DoxyEnumeratexi=\count294
\c@DoxyEnumeratexii=\count295
\enitdp@DoxyEnumerate=\count296
\enitdp@DoxyItemize=\count297
)
(/usr/share/texlive/texmf-dist/tex/latex/base/inputenc.sty
Package: inputenc 2018/08/11 v1.3c Input encoding file
\inpenc@prehook=\toks30
\inpenc@posthook=\toks31
)
(/usr/share/texlive/texmf-dist/tex/latex/base/makeidx.sty
Package: makeidx 2014/09/29 v1.0m Standard LaTeX package
)
(/usr/share/texlive/texmf-dist/tex/latex/base/textcomp.sty
Package: textcomp 2020/02/02 v2.0n Standard LaTeX package
)
(/usr/share/texlive/texmf-dist/tex/latex/wasysym/wasysym.sty
Package: wasysym 2020/01/19 v2.4 Wasy-2 symbol support package
\symwasy=\mathgroup6
LaTeX Font Info:    Overwriting symbol font `wasy' in version `bold'
(Font)                  U/wasy/m/n --> U/wasy/b/n on input line 93.
)
(/usr/share/texlive/texmf-dist/tex/generic/iftex/ifxetex.sty
Package: ifxetex 2019/10/25 v0.7 ifxetex legacy package. Use iftex instead.
)
(/usr/share/texlive/texmf-dist/tex/latex/base/fontenc.sty
Package: fontenc 2020/02/11 v2.0o Standard LaTeX package
)
(/usr/share/texlive/texmf-dist/tex/latex/psnfss/helvet.sty
Package: helvet 2005/04/12 PSNFSS-v9.2a (WaS) 
)
(/usr/share/texlive/texmf-dist/tex/latex/psnfss/courier.sty
Package: courier 2005/04/12 PSNFSS-v9.2a (WaS) 
)
(/usr/share/texlive/texmf-dist/tex/latex/sectsty/sectsty.sty
Package: sectsty 2002/02/25 v2.0.2 Commands to change all sectional heading sty
les


LaTeX Warning: Command \underbar  has changed.
               Check if current package is valid.


LaTeX Warning: Command \underline  has changed.
               Check if current package is valid.

) (/usr/share/texlive/texmf-dist/tex/latex/geometry/geometry.sty
Package: geometry 2020/01/02 v5.9 Page Geometry

(/usr/share/texlive/texmf-dist/tex/generic/iftex/ifvtex.sty
Package: ifvtex 2019/10/25 v1.7 ifvtex legacy package. Use iftex instead.
)
\Gm@cnth=\count298
\Gm@cntv=\count299
\c@Gm@tempcnt=\count300
\Gm@bindingoffset=\dimen184
\Gm@wd@mp=\dimen185
\Gm@odd@mp=\dimen186
\Gm@even@mp=\dimen187
\Gm@layoutwidth=\dimen188
\Gm@layoutheight=\dimen189
\Gm@layouthoffset=\dimen190
\Gm@layoutvoffset=\dimen191
\Gm@dimlist=\toks32
)
(/usr/share/texlive/texmf-dist/tex/latex/fancyhdr/fancyhdr.sty
Package: fancyhdr 2019/01/31 v3.10 Extensive control of page headers and footer
s
\f@nch@headwidth=\skip82
\f@nch@O@elh=\skip83
\f@nch@O@erh=\skip84
\f@nch@O@olh=\skip85
\f@nch@O@orh=\skip86
\f@nch@O@elf=\skip87
\f@nch@O@erf=\skip88
\f@nch@O@olf=\skip89
\f@nch@O@orf=\skip90
)
(/usr/share/texlive/texmf-dist/tex/latex/natbib/natbib.sty
Package: natbib 2010/09/13 8.31b (PWD, AO)
\bibhang=\skip91
\bibsep=\skip92
LaTeX Info: Redefining \cite on input line 694.
\c@NAT@ctr=\count301
)
(/usr/share/texlive/texmf-dist/tex/latex/tocloft/tocloft.sty
Package: tocloft 2017/08/31 v2.3i parameterised ToC, etc., typesetting
Package tocloft Info: The document has chapter divisions on input line 51.
\cftparskip=\skip93
\cftbeforetoctitleskip=\skip94
\cftaftertoctitleskip=\skip95
\cftbeforepartskip=\skip96
\cftpartnumwidth=\skip97
\cftpartindent=\skip98
\cftbeforechapskip=\skip99
\cftchapindent=\skip100
\cftchapnumwidth=\skip101
\cftbeforesecskip=\skip102
\cftsecindent=\skip103
\cftsecnumwidth=\skip104
\cftbeforesubsecskip=\skip105
\cftsubsecindent=\skip106
\cftsubsecnumwidth=\skip107
\cftbeforesubsubsecskip=\skip108
\cftsubsubsecindent=\skip109
\cftsubsubsecnumwidth=\skip110
\cftbeforeparaskip=\skip111
\cftparaindent=\skip112
\cftparanumwidth=\skip113
\cftbeforesubparaskip=\skip114
\cftsubparaindent=\skip115
\cftsubparanumwidth=\skip116
\cftbeforeloftitleskip=\skip117
\cftafterloftitleskip=\skip118
\cftbeforefigskip=\skip119
\cftfigindent=\skip120
\cftfignumwidth=\skip121
\c@lofdepth=\count302
\c@lotdepth=\count303
\cftbeforelottitleskip=\skip122
\cftafterlottitleskip=\skip123
\cftbeforetabskip=\skip124
\cfttabindent=\skip125
\cfttabnumwidth=\skip126
)
\@indexfile=\write4
\openout4 = `refman.idx'.


Writing index file refman.idx
(/usr/share/texlive/texmf-dist/tex/latex/newunicodechar/newunicodechar.sty
Package: newunicodechar 2018/04/08 v1.2 Defining Unicode characters
)

Package newunicodechar Warning: Redefining Unicode character on input line 116.



Package newunicodechar Warning: Redefining Unicode character on input line 117.


(/usr/share/texlive/texmf-dist/tex/latex/hyperref/hyperref.sty
Package: hyperref 2020/01/14 v7.00d Hypertext links for LaTeX

(/usr/share/texlive/texmf-dist/tex/generic/ltxcmds/ltxcmds.sty
Package: ltxcmds 2019/12/15 v1.24 LaTeX kernel commands for general use (HO)
)
(/usr/share/texlive/texmf-dist/tex/latex/pdftexcmds/pdftexcmds.sty
Package: pdftexcmds 2019/11/24 v0.31 Utility functions of pdfTeX for LuaTeX (HO
)
Package pdftexcmds Info: \pdf@primitive is available.
Package pdftexcmds Info: \pdf@ifprimitive is available.
Package pdftexcmds Info: \pdfdraftmode found.
)
(/usr/share/texlive/texmf-dist/tex/generic/kvsetkeys/kvsetkeys.sty
Package: kvsetkeys 2019/12/15 v1.18 Key value parser (HO)
)
(/usr/share/texlive/texmf-dist/tex/generic/kvdefinekeys/kvdefinekeys.sty
Package: kvdefinekeys 2019-12-19 v1.6 Define keys (HO)
)
(/usr/share/texlive/texmf-dist/tex/generic/pdfescape/pdfescape.sty
Package: pdfescape 2019/12/09 v1.15 Implements pdfTeX's escape features (HO)
)
(/usr/share/texlive/texmf-dist/tex/latex/hycolor/hycolor.sty
Package: hycolor 2020-01-27 v1.10 Color options for hyperref/bookmark (HO)
)
(/usr/share/texlive/texmf-dist/tex/latex/letltxmacro/letltxmacro.sty
Package: letltxmacro 2019/12/03 v1.6 Let assignment for LaTeX macros (HO)
)
(/usr/share/texlive/texmf-dist/tex/latex/auxhook/auxhook.sty
Package: auxhook 2019-12-17 v1.6 Hooks for auxiliary files (HO)
)
(/usr/share/texlive/texmf-dist/tex/latex/kvoptions/kvoptions.sty
Package: kvoptions 2019/11/29 v3.13 Key value format for package options (HO)
)
\@linkdim=\dimen192
\Hy@linkcounter=\count304
\Hy@pagecounter=\count305

(/usr/share/texlive/texmf-dist/tex/latex/hyperref/pd1enc.def
File: pd1enc.def 2020/01/14 v7.00d Hyperref: PDFDocEncoding definition (HO)
Now handling font encoding PD1 ...
... no UTF-8 mapping file for font encoding PD1
)
(/usr/share/texlive/texmf-dist/tex/generic/etexcmds/etexcmds.sty
Package: etexcmds 2019/12/15 v1.7 Avoid name clashes with e-TeX commands (HO)
)
\Hy@SavedSpaceFactor=\count306
\pdfmajorversion=\count307
Package hyperref Info: Hyper figures OFF on input line 4547.
Package hyperref Info: Link nesting OFF on input line 4552.
Package hyperref Info: Hyper index ON on input line 4555.
Package hyperref Info: Plain pages OFF on input line 4562.
Package hyperref Info: Backreferencing ON on input line 4565.
Package hyperref Info: Implicit mode ON; LaTeX internals redefined.
Package hyperref Info: Bookmarks ON on input line 4800.

(/usr/share/texlive/texmf-dist/tex/latex/hyperref/backref.sty
Package: backref 2020/01/14 v1.40 Bibliographical back referencing

(/usr/share/texlive/texmf-dist/tex/latex/rerunfilecheck/rerunfilecheck.sty
Package: rerunfilecheck 2019/12/05 v1.9 Rerun checks for auxiliary files (HO)

(/usr/share/texlive/texmf-dist/tex/latex/atveryend/atveryend.sty
Package: atveryend 2019-12-11 v1.11 Hooks at the very end of document (HO)
)
(/usr/share/texlive/texmf-dist/tex/generic/uniquecounter/uniquecounter.sty
Package: uniquecounter 2019/12/15 v1.4 Provide unlimited unique counter (HO)

(/usr/share/texlive/texmf-dist/tex/generic/bigintcalc/bigintcalc.sty
Package: bigintcalc 2019/12/15 v1.5 Expandable calculations on big integers (HO
)
))
Package uniquecounter Info: New unique counter `rerunfilecheck' on input line 2
86.
))
\c@Hy@tempcnt=\count308

(/usr/share/texlive/texmf-dist/tex/latex/url/url.sty
\Urlmuskip=\muskip16
Package: url 2013/09/16  ver 3.4  Verb mode for urls, etc.
)
LaTeX Info: Redefining \url on input line 5159.
\XeTeXLinkMargin=\dimen193

(/usr/share/texlive/texmf-dist/tex/generic/bitset/bitset.sty
Package: bitset 2019/12/09 v1.3 Handle bit-vector datatype (HO)
)
\Fld@menulength=\count309
\Field@Width=\dimen194
\Fld@charsize=\dimen195
Package hyperref Info: Hyper figures OFF on input line 6430.
Package hyperref Info: Link nesting OFF on input line 6435.
Package hyperref Info: Hyper index ON on input line 6438.
Package hyperref Info: backreferencing ON on input line 6443.
Package hyperref Info: Link coloring OFF on input line 6450.
Package hyperref Info: Link coloring with OCG OFF on input line 6455.
Package hyperref Info: PDF/A mode OFF on input line 6460.
LaTeX Info: Redefining \ref on input line 6500.
LaTeX Info: Redefining \pageref on input line 6504.

(/usr/share/texlive/texmf-dist/tex/generic/atbegshi/atbegshi.sty
Package: atbegshi 2019/12/05 v1.19 At begin shipout hook (HO)
)
\Hy@abspage=\count310
\c@Item=\count311
\c@Hfootnote=\count312
)
Package hyperref Info: Driver: hpdftex.

(/usr/share/texlive/texmf-dist/tex/latex/hyperref/hpdftex.def
File: hpdftex.def 2020/01/14 v7.00d Hyperref driver for pdfTeX
\Fld@listcount=\count313
\c@bookmark@seq@number=\count314
\Hy@SectionHShift=\skip127
)
Package hyperref Info: Option `colorlinks' set `true' on input line 136.
Package hyperref Info: Option `unicode' set `true' on input line 136.

(/usr/share/texlive/texmf-dist/tex/latex/hyperref/puenc.def
File: puenc.def 2020/01/14 v7.00d Hyperref: PDF Unicode definition (HO)
Now handling font encoding PU ...
... no UTF-8 mapping file for font encoding PU
)
(/usr/share/texlive/texmf-dist/tex/latex/caption/caption.sty
Package: caption 2020/01/03 v3.4h Customizing captions (AR)

(/usr/share/texlive/texmf-dist/tex/latex/caption/caption3.sty
Package: caption3 2020/01/03 v1.8h caption3 kernel (AR)
Package caption3 Info: TeX engine: e-TeX on input line 61.
\captionmargin=\dimen196
\captionmargin@=\dimen197
\captionwidth=\dimen198
\caption@tempdima=\dimen199
\caption@indent=\dimen256
\caption@parindent=\dimen257
\caption@hangindent=\dimen258
Package caption Info: Standard document class detected.
)
\c@caption@flags=\count315
\c@continuedfloat=\count316
Package caption Info: float package is loaded.
Package caption Info: hyperref package is loaded.
Package caption Info: longtable package is loaded.

(/usr/share/texlive/texmf-dist/tex/latex/caption/ltcaption.sty
Package: ltcaption 2018/08/26 v1.4a longtable captions (AR)
))
(/usr/share/texlive/texmf-dist/tex/latex/etoc/etoc.sty
Package: etoc 2019/11/17 v1.09b Completely customisable TOCs (JFB)
\Etoc@toctoks=\toks33
\c@etoc@tocid=\count317
\c@etoc@tocdepth=\count318
\etoc@framed@titlebox=\box113
\etoc@framed@contentsbox=\box114
)
(/usr/share/texlive/texmf-dist/tex/latex/l3backend/l3backend-pdfmode.def
File: l3backend-pdfmode.def 2020-02-03 L3 backend support: PDF mode
\l__kernel_color_stack_int=\count319
\l__pdf_internal_box=\box115
)
(./refman.aux

LaTeX Warning: Label `class_exponencial_flow_a3f5d88df645307180879a88501b64863'
 multiply defined.

)
\openout1 = `refman.aux'.

LaTeX Font Info:    Checking defaults for OML/cmm/m/it on input line 152.
LaTeX Font Info:    ... okay on input line 152.
LaTeX Font Info:    Checking defaults for OMS/cmsy/m/n on input line 152.
LaTeX Font Info:    ... okay on input line 152.
LaTeX Font Info:    Checking defaults for OT1/cmr/m/n on input line 152.
LaTeX Font Info:    ... okay on input line 152.
LaTeX Font Info:    Checking defaults for T1/cmr/m/n on input line 152.
LaTeX Font Info:    ... okay on input line 152.
LaTeX Font Info:    Checking defaults for TS1/cmr/m/n on input line 152.
LaTeX Font Info:    ... okay on input line 152.
LaTeX Font Info:    Checking defaults for OMX/cmex/m/n on input line 152.
LaTeX Font Info:    ... okay on input line 152.
LaTeX Font Info:    Checking defaults for U/cmr/m/n on input line 152.
LaTeX Font Info:    ... okay on input line 152.
LaTeX Font Info:    Checking defaults for PD1/pdf/m/n on input line 152.
LaTeX Font Info:    ... okay on input line 152.
LaTeX Font Info:    Checking defaults for PU/pdf/m/n on input line 152.
LaTeX Font Info:    ... okay on input line 152.
LaTeX Font Info:    Trying to load font information for T1+phv on input line 15
2.
 (/usr/share/texlive/texmf-dist/tex/latex/psnfss/t1phv.fd
File: t1phv.fd 2001/06/04 scalable font definitions for T1/phv.
)
LaTeX Font Info:    Font shape `T1/phv/m/n' will be
(Font)              scaled to size 8.99994pt on input line 152.

(/usr/share/texlive/texmf-dist/tex/context/base/mkii/supp-pdf.mkii
[Loading MPS to PDF converter (version 2006.09.02).]
\scratchcounter=\count320
\scratchdimen=\dimen259
\scratchbox=\box116
\nofMPsegments=\count321
\nofMParguments=\count322
\everyMPshowfont=\toks34
\MPscratchCnt=\count323
\MPscratchDim=\dimen260
\MPnumerator=\count324
\makeMPintoPDFobject=\count325
\everyMPtoPDFconversion=\toks35
) (/usr/share/texlive/texmf-dist/tex/latex/epstopdf-pkg/epstopdf-base.sty
Package: epstopdf-base 2020-01-24 v2.11 Base part for package epstopdf
Package epstopdf-base Info: Redefining graphics rule for `.eps' on input line 4
85.

(/usr/share/texlive/texmf-dist/tex/latex/latexconfig/epstopdf-sys.cfg
File: epstopdf-sys.cfg 2010/07/13 v1.3 Configuration of (r)epstopdf for TeX Liv
e
))
*geometry* driver: auto-detecting
*geometry* detected driver: pdftex
*geometry* verbose mode - [ preamble ] result:
* driver: pdftex
* paper: a4paper
* layout: <same size as paper>
* layoutoffset:(h,v)=(0.0pt,0.0pt)
* modes: twoside 
* h-part:(L,W,R)=(71.13188pt, 455.24411pt, 71.13188pt)
* v-part:(T,H,B)=(71.13188pt, 702.78308pt, 71.13188pt)
* \paperwidth=597.50787pt
* \paperheight=845.04684pt
* \textwidth=455.24411pt
* \textheight=702.78308pt
* \oddsidemargin=-1.1381pt
* \evensidemargin=-1.1381pt
* \topmargin=-31.2056pt
* \headheight=12.0pt
* \headsep=18.06749pt
* \topskip=10.0pt
* \footskip=25.29494pt
* \marginparwidth=125.0pt
* \marginparsep=7.0pt
* \columnsep=10.0pt
* \skip\footins=9.0pt plus 4.0pt minus 2.0pt
* \hoffset=0.0pt
* \voffset=0.0pt
* \mag=1000
* \@twocolumnfalse
* \@twosidetrue
* \@mparswitchtrue
* \@reversemarginfalse
* (1in=72.27pt=25.4mm, 1cm=28.453pt)

Package backref Info: ** backref set up for natbib ** on input line 152.
\AtBeginShipoutBox=\box117
Package hyperref Info: Link coloring ON on input line 152.
(/usr/share/texlive/texmf-dist/tex/latex/hyperref/nameref.sty
Package: nameref 2019/09/16 v2.46 Cross-referencing by name of section

(/usr/share/texlive/texmf-dist/tex/latex/refcount/refcount.sty
Package: refcount 2019/12/15 v3.6 Data extraction from label references (HO)
)
(/usr/share/texlive/texmf-dist/tex/generic/gettitlestring/gettitlestring.sty
Package: gettitlestring 2019/12/15 v1.6 Cleanup title references (HO)
)
\c@section@level=\count326
)
LaTeX Info: Redefining \ref on input line 152.
LaTeX Info: Redefining \pageref on input line 152.
LaTeX Info: Redefining \nameref on input line 152.

(./refman.out) (./refman.out)
\@outlinefile=\write5
\openout5 = `refman.out'.

Package caption Info: Begin \AtBeginDocument code.
Package caption Info: End \AtBeginDocument code.
\Etoc@tf=\read4
Package hyperref Info: Option `pageanchor' set `false' on input line 160.
Package hyperref Info: Option `bookmarksnumbered' set `true' on input line 160.

Package hyperref Info: Option `unicode' set `true' on input line 160.
LaTeX Font Info:    Font shape `T1/phv/m/n' will be
(Font)              scaled to size 12.9599pt on input line 165.
LaTeX Font Info:    Font shape `T1/phv/m/n' will be
(Font)              scaled to size 6.29996pt on input line 165.
LaTeX Font Info:    Trying to load font information for U+msa on input line 165
.

(/usr/share/texlive/texmf-dist/tex/latex/amsfonts/umsa.fd
File: umsa.fd 2013/01/14 v3.01 AMS symbols A
)
LaTeX Font Info:    Trying to load font information for U+msb on input line 165
.

(/usr/share/texlive/texmf-dist/tex/latex/amsfonts/umsb.fd
File: umsb.fd 2013/01/14 v3.01 AMS symbols B
)
LaTeX Font Info:    Trying to load font information for U+wasy on input line 16
5.

(/usr/share/texlive/texmf-dist/tex/latex/wasysym/uwasy.fd
File: uwasy.fd 2020/01/19 v2.4 Wasy-2 symbol font definitions
)
LaTeX Font Info:    Font shape `T1/phv/m/n' will be
(Font)              scaled to size 10.79993pt on input line 167.
 [1


{/var/lib/texmf/fonts/map/pdftex/updmap/pdftex.map}] [2

]
\tf@toc=\write6
\openout6 = `refman.toc'.

LaTeX Font Info:    Font shape `T1/phv/b/n' will be
(Font)              scaled to size 8.99994pt on input line 173.
LaTeX Font Info:    Font shape `T1/phv/b/n' will be
(Font)              scaled to size 6.29996pt on input line 173.
 [1]
LaTeX Font Info:    Font shape `T1/phv/m/n' will be
(Font)              scaled to size 7.19995pt on input line 173.
LaTeX Font Info:    Trying to load font information for T1+pcr on input line 17
3.

(/usr/share/texlive/texmf-dist/tex/latex/psnfss/t1pcr.fd
File: t1pcr.fd 2001/06/04 font definitions for T1/pcr.
) [2] [3] [4] [5]
[6] [7] [8] [9] [10]
Package hyperref Info: Option `pageanchor' set `true' on input line 176.

Chapter 1.
LaTeX Font Info:    Font shape `T1/phv/m/n' will be
(Font)              scaled to size 18.66588pt on input line 178.
LaTeX Font Info:    Font shape `T1/phv/b/n' will be
(Font)              scaled to size 18.66588pt on input line 178.
LaTeX Font Info:    Font shape `T1/phv/bc/n' will be
(Font)              scaled to size 18.66588pt on input line 178.
LaTeX Font Info:    Font shape `T1/phv/m/n' will be
(Font)              scaled to size 22.39185pt on input line 178.
LaTeX Font Info:    Font shape `T1/phv/b/n' will be
(Font)              scaled to size 22.39185pt on input line 178.
LaTeX Font Info:    Font shape `T1/phv/bc/n' will be
(Font)              scaled to size 22.39185pt on input line 178.
(./hierarchy.tex
LaTeX Font Info:    Font shape `T1/phv/b/n' will be
(Font)              scaled to size 12.9599pt on input line 1.
) [1


] [2

]
Chapter 2.
(./annotated.tex) [3] [4

]
Chapter 3.
(./files.tex) [5] [6

]
Chapter 4.
(./class_complex_flow_f.tex <./class_complex_flow_f__inherit__graph.pdf

pdfTeX warning: pdflatex (file ./class_complex_flow_f__inherit__graph.pdf): PDF
 inclusion: multiple pdfs with page group included in a single page
>
<class_complex_flow_f__inherit__graph.pdf, id=2198, 161.60374pt x 212.795pt>
File: class_complex_flow_f__inherit__graph.pdf Graphic file (type pdf)
<use class_complex_flow_f__inherit__graph.pdf>
Package pdftex.def Info: class_complex_flow_f__inherit__graph.pdf  used on inpu
t line 19.
(pdftex.def)             Requested size: 161.0pt x 212.01193pt.
 <./class_complex_flow_f__coll__graph.pdf

pdfTeX warning: pdflatex (file ./class_complex_flow_f__coll__graph.pdf): PDF in
clusion: multiple pdfs with page group included in a single page
>
<class_complex_flow_f__coll__graph.pdf, id=2206, 256.96pt x 235.88126pt>
File: class_complex_flow_f__coll__graph.pdf Graphic file (type pdf)
<use class_complex_flow_f__coll__graph.pdf>
Package pdftex.def Info: class_complex_flow_f__coll__graph.pdf  used on input l
ine 29.
(pdftex.def)             Requested size: 256.0pt x 235.01685pt.
 [7]
LaTeX Font Info:    Font shape `T1/phv/b/n' will be
(Font)              scaled to size 10.79993pt on input line 32.
LaTeX Font Info:    Trying to load font information for TS1+phv on input line 3
5.
 (/usr/share/texlive/texmf-dist/tex/latex/psnfss/ts1phv.fd
File: ts1phv.fd 2001/06/04 scalable font definitions for TS1/phv.
)
LaTeX Font Info:    Font shape `TS1/phv/m/n' will be
(Font)              scaled to size 8.99994pt on input line 35.
LaTeX Font Info:    Font shape `T1/pcr/m/it' in size <8> not available
(Font)              Font shape `T1/pcr/m/sl' tried instead on input line 56.
 [8]
Underfull \hbox (badness 10000) in paragraph at lines 80--81

 []

) (./class_complex_flow_g.tex <./class_complex_flow_g__inherit__graph.pdf>
<class_complex_flow_g__inherit__graph.pdf, id=2269, 163.61125pt x 212.795pt>
File: class_complex_flow_g__inherit__graph.pdf Graphic file (type pdf)
<use class_complex_flow_g__inherit__graph.pdf>
Package pdftex.def Info: class_complex_flow_g__inherit__graph.pdf  used on inpu
t line 19.
(pdftex.def)             Requested size: 163.0pt x 211.99895pt.
 <./class_complex_flow_g__coll__graph.pdf

pdfTeX warning: pdflatex (file ./class_complex_flow_g__coll__graph.pdf): PDF in
clusion: multiple pdfs with page group included in a single page
>
<class_complex_flow_g__coll__graph.pdf, id=2277, 256.96pt x 235.88126pt>
File: class_complex_flow_g__coll__graph.pdf Graphic file (type pdf)
<use class_complex_flow_g__coll__graph.pdf>
Package pdftex.def Info: class_complex_flow_g__coll__graph.pdf  used on input l
ine 29.
(pdftex.def)             Requested size: 256.0pt x 235.01685pt.
 [9] [10]
Underfull \hbox (badness 10000) in paragraph at lines 80--81

 []

) (./class_complex_flow_r.tex <./class_complex_flow_r__inherit__graph.pdf>
<class_complex_flow_r__inherit__graph.pdf, id=2338, 162.6075pt x 212.795pt>
File: class_complex_flow_r__inherit__graph.pdf Graphic file (type pdf)
<use class_complex_flow_r__inherit__graph.pdf>
Package pdftex.def Info: class_complex_flow_r__inherit__graph.pdf  used on inpu
t line 19.
(pdftex.def)             Requested size: 162.0pt x 212.01518pt.
 <./class_complex_flow_r__coll__graph.pdf

pdfTeX warning: pdflatex (file ./class_complex_flow_r__coll__graph.pdf): PDF in
clusion: multiple pdfs with page group included in a single page
>
<class_complex_flow_r__coll__graph.pdf, id=2346, 256.96pt x 235.88126pt>
File: class_complex_flow_r__coll__graph.pdf Graphic file (type pdf)
<use class_complex_flow_r__coll__graph.pdf>
Package pdftex.def Info: class_complex_flow_r__coll__graph.pdf  used on input l
ine 29.
(pdftex.def)             Requested size: 256.0pt x 235.01685pt.
 [11] [12]
Underfull \hbox (badness 10000) in paragraph at lines 80--81

 []

) (./class_complex_flow_t.tex <./class_complex_flow_t__inherit__graph.pdf>
<class_complex_flow_t__inherit__graph.pdf, id=2404, 160.6pt x 212.795pt>
File: class_complex_flow_t__inherit__graph.pdf Graphic file (type pdf)
<use class_complex_flow_t__inherit__graph.pdf>
Package pdftex.def Info: class_complex_flow_t__inherit__graph.pdf  used on inpu
t line 19.
(pdftex.def)             Requested size: 160.0pt x 212.00543pt.
 <./class_complex_flow_t__coll__graph.pdf

pdfTeX warning: pdflatex (file ./class_complex_flow_t__coll__graph.pdf): PDF in
clusion: multiple pdfs with page group included in a single page
>
<class_complex_flow_t__coll__graph.pdf, id=2412, 256.96pt x 235.88126pt>
File: class_complex_flow_t__coll__graph.pdf Graphic file (type pdf)
<use class_complex_flow_t__coll__graph.pdf>
Package pdftex.def Info: class_complex_flow_t__coll__graph.pdf  used on input l
ine 29.
(pdftex.def)             Requested size: 256.0pt x 235.01685pt.
 [13] [14]
Underfull \hbox (badness 10000) in paragraph at lines 80--81

 []

) (./class_complex_flow_u.tex <./class_complex_flow_u__inherit__graph.pdf>
<class_complex_flow_u__inherit__graph.pdf, id=2472, 162.6075pt x 212.795pt>
File: class_complex_flow_u__inherit__graph.pdf Graphic file (type pdf)
<use class_complex_flow_u__inherit__graph.pdf>
Package pdftex.def Info: class_complex_flow_u__inherit__graph.pdf  used on inpu
t line 19.
(pdftex.def)             Requested size: 162.0pt x 212.01518pt.
 <./class_complex_flow_u__coll__graph.pdf

pdfTeX warning: pdflatex (file ./class_complex_flow_u__coll__graph.pdf): PDF in
clusion: multiple pdfs with page group included in a single page
>
<class_complex_flow_u__coll__graph.pdf, id=2480, 256.96pt x 235.88126pt>
File: class_complex_flow_u__coll__graph.pdf Graphic file (type pdf)
<use class_complex_flow_u__coll__graph.pdf>
Package pdftex.def Info: class_complex_flow_u__coll__graph.pdf  used on input l
ine 29.
(pdftex.def)             Requested size: 256.0pt x 235.01685pt.
 [15] [16]
Underfull \hbox (badness 10000) in paragraph at lines 80--81

 []

) (./class_complex_flow_v.tex <./class_complex_flow_v__inherit__graph.pdf>
<class_complex_flow_v__inherit__graph.pdf, id=2538, 162.6075pt x 212.795pt>
File: class_complex_flow_v__inherit__graph.pdf Graphic file (type pdf)
<use class_complex_flow_v__inherit__graph.pdf>
Package pdftex.def Info: class_complex_flow_v__inherit__graph.pdf  used on inpu
t line 19.
(pdftex.def)             Requested size: 162.0pt x 212.01518pt.
 <./class_complex_flow_v__coll__graph.pdf

pdfTeX warning: pdflatex (file ./class_complex_flow_v__coll__graph.pdf): PDF in
clusion: multiple pdfs with page group included in a single page
>
<class_complex_flow_v__coll__graph.pdf, id=2547, 256.96pt x 235.88126pt>
File: class_complex_flow_v__coll__graph.pdf Graphic file (type pdf)
<use class_complex_flow_v__coll__graph.pdf>
Package pdftex.def Info: class_complex_flow_v__coll__graph.pdf  used on input l
ine 29.
(pdftex.def)             Requested size: 256.0pt x 235.01685pt.
 [17] [18]
Underfull \hbox (badness 10000) in paragraph at lines 80--81

 []

) (./class_exponencial_flow.tex <./class_exponencial_flow__inherit__graph.pdf>
<class_exponencial_flow__inherit__graph.pdf, id=2604, 170.6375pt x 212.795pt>
File: class_exponencial_flow__inherit__graph.pdf Graphic file (type pdf)
<use class_exponencial_flow__inherit__graph.pdf>
Package pdftex.def Info: class_exponencial_flow__inherit__graph.pdf  used on in
put line 19.
(pdftex.def)             Requested size: 170.0pt x 212.01193pt.
 <./class_exponencial_flow__coll__graph.pdf

pdfTeX warning: pdflatex (file ./class_exponencial_flow__coll__graph.pdf): PDF 
inclusion: multiple pdfs with page group included in a single page
>
<class_exponencial_flow__coll__graph.pdf, id=2612, 256.96pt x 235.88126pt>
File: class_exponencial_flow__coll__graph.pdf Graphic file (type pdf)
<use class_exponencial_flow__coll__graph.pdf>
Package pdftex.def Info: class_exponencial_flow__coll__graph.pdf  used on input
 line 29.
(pdftex.def)             Requested size: 256.0pt x 235.01685pt.
 [19]
LaTeX Font Info:    Font shape `T1/phv/b/n' will be
(Font)              scaled to size 7.19995pt on input line 63.
 [20]
Underfull \hbox (badness 10000) in paragraph at lines 107--108

 []


Underfull \hbox (badness 10000) in paragraph at lines 122--123

 []

[21pdfTeX warning (ext4): destination with the same identifier (name{class_expo
nencial_flow_a3f5d88df645307180879a88501b64863}) has been already used, duplica
te ignored

\AtBegShi@Output ...ipout \box \AtBeginShipoutBox 
                                                  \fi \fi 
l.136 t
       est/unit/\mbox{\hyperlink{unit__flow_8h}{unit\+\_\+flow.\+h}}\end{Dox...
]) (./class_flow.tex <./class_flow__inherit__graph.pdf

pdfTeX warning: pdflatex (file ./class_flow__inherit__graph.pdf): PDF inclusion
: multiple pdfs with page group included in a single page
>
<class_flow__inherit__graph.pdf, id=2714, 351.3125pt x 367.3725pt>
File: class_flow__inherit__graph.pdf Graphic file (type pdf)
<use class_flow__inherit__graph.pdf>
Package pdftex.def Info: class_flow__inherit__graph.pdf  used on input line 19.

(pdftex.def)             Requested size: 350.0pt x 366.02621pt.
 <./class_flow__coll__graph.pdf

pdfTeX warning: pdflatex (file ./class_flow__coll__graph.pdf): PDF inclusion: m
ultiple pdfs with page group included in a single page
>
<class_flow__coll__graph.pdf, id=2722, 256.96pt x 178.6675pt>
File: class_flow__coll__graph.pdf Graphic file (type pdf)
<use class_flow__coll__graph.pdf>
Package pdftex.def Info: class_flow__coll__graph.pdf  used on input line 29.
(pdftex.def)             Requested size: 256.0pt x 178.01274pt.
 [22] [23]
Underfull \hbox (badness 10000) detected at line 124
[][][]
 []

[24]
Underfull \hbox (badness 10000) detected at line 192
[][][]
 []


Underfull \hbox (badness 10000) in paragraph at lines 193--194

 []

[25]
Underfull \hbox (badness 10000) in paragraph at lines 210--211

 []


Underfull \hbox (badness 10000) detected at line 211
[][][]
 []


Underfull \hbox (badness 10000) detected at line 228
[][][]
 []

LaTeX Font Info:    Font shape `T1/pcr/m/it' in size <7> not available
(Font)              Font shape `T1/pcr/m/sl' tried instead on input line 253.
[26]
Underfull \hbox (badness 10000) in paragraph at lines 293--294

 []

[27]) (./class_flow_inteface.tex [28] <./class_flow_inteface__inherit__graph.pd
f

pdfTeX warning: pdflatex (file ./class_flow_inteface__inherit__graph.pdf): PDF 
inclusion: multiple pdfs with page group included in a single page
>
<class_flow_inteface__inherit__graph.pdf, id=2948, 351.3125pt x 367.3725pt>
File: class_flow_inteface__inherit__graph.pdf Graphic file (type pdf)
<use class_flow_inteface__inherit__graph.pdf>
Package pdftex.def Info: class_flow_inteface__inherit__graph.pdf  used on input
 line 19.
(pdftex.def)             Requested size: 350.0pt x 366.02621pt.
 [29] [30]
Underfull \hbox (badness 10000) detected at line 106
[][][]
 []


Underfull \hbox (badness 10000) in paragraph at lines 107--108

 []

[31]
Underfull \hbox (badness 10000) detected at line 135
[][][]
 []


Underfull \hbox (badness 10000) in paragraph at lines 178--179

 []

[32]) (./class_logistic_flow.tex <./class_logistic_flow__inherit__graph.pdf

pdfTeX warning: pdflatex (file ./class_logistic_flow__inherit__graph.pdf): PDF 
inclusion: multiple pdfs with page group included in a single page
>
<class_logistic_flow__inherit__graph.pdf, id=3027, 151.56625pt x 212.795pt>
File: class_logistic_flow__inherit__graph.pdf Graphic file (type pdf)
<use class_logistic_flow__inherit__graph.pdf>
Package pdftex.def Info: class_logistic_flow__inherit__graph.pdf  used on input
 line 19.
(pdftex.def)             Requested size: 151.0pt x 212.0022pt.
 <./class_logistic_flow__coll__graph.pdf

pdfTeX warning: pdflatex (file ./class_logistic_flow__coll__graph.pdf): PDF inc
lusion: multiple pdfs with page group included in a single page
>
<class_logistic_flow__coll__graph.pdf, id=3035, 256.96pt x 235.88126pt>
File: class_logistic_flow__coll__graph.pdf Graphic file (type pdf)
<use class_logistic_flow__coll__graph.pdf>
Package pdftex.def Info: class_logistic_flow__coll__graph.pdf  used on input li
ne 29.
(pdftex.def)             Requested size: 256.0pt x 235.01685pt.
 [33] [34]
Underfull \hbox (badness 10000) in paragraph at lines 80--81

 []

) (./class_model.tex <./class_model__inherit__graph.pdf>
<class_model__inherit__graph.pdf, id=3090, 160.6pt x 156.585pt>
File: class_model__inherit__graph.pdf Graphic file (type pdf)
<use class_model__inherit__graph.pdf>
Package pdftex.def Info: class_model__inherit__graph.pdf  used on input line 19
.
(pdftex.def)             Requested size: 160.0pt x 156.004pt.
 <./class_model__coll__graph.pdf

pdfTeX warning: pdflatex (file ./class_model__coll__graph.pdf): PDF inclusion: 
multiple pdfs with page group included in a single page
>
<class_model__coll__graph.pdf, id=3098, 160.6pt x 156.585pt>
File: class_model__coll__graph.pdf Graphic file (type pdf)
<use class_model__coll__graph.pdf>
Package pdftex.def Info: class_model__coll__graph.pdf  used on input line 29.
(pdftex.def)             Requested size: 160.0pt x 156.004pt.
 [35] [36] [37]
Underfull \hbox (badness 10000) detected at line 147
[][][]
 []

[38] [39] [40]
Underfull \hbox (badness 10000) detected at line 314
[][][]
 []


Underfull \hbox (badness 10000) detected at line 331
[][][]
 []


Underfull \hbox (badness 10000) detected at line 348
[][][]
 []


Underfull \hbox (badness 10000) detected at line 365
[][][]
 []

[41] [42] [43]) (./class_model_interface.tex <./class_model_interface__inherit_
_graph.pdf

pdfTeX warning: pdflatex (file ./class_model_interface__inherit__graph.pdf): PD
F inclusion: multiple pdfs with page group included in a single page
>
<class_model_interface__inherit__graph.pdf, id=3404, 160.6pt x 156.585pt>
File: class_model_interface__inherit__graph.pdf Graphic file (type pdf)
<use class_model_interface__inherit__graph.pdf>
Package pdftex.def Info: class_model_interface__inherit__graph.pdf  used on inp
ut line 19.
(pdftex.def)             Requested size: 160.0pt x 156.004pt.
 [44] [45] [46] [47] [48]
Underfull \hbox (badness 10000) detected at line 245
[][][]
 []


Underfull \hbox (badness 10000) detected at line 258
[][][]
 []


Underfull \hbox (badness 10000) detected at line 271
[][][]
 []


Underfull \hbox (badness 10000) detected at line 284
[][][]
 []

[49]
Overfull \vbox (5.7pt too high) has occurred while \output is active []

 [50])
(./class_system.tex <./class_system__inherit__graph.pdf

pdfTeX warning: pdflatex (file ./class_system__inherit__graph.pdf): PDF inclusi
on: multiple pdfs with page group included in a single page
>
<class_system__inherit__graph.pdf, id=3565, 167.62625pt x 156.585pt>
File: class_system__inherit__graph.pdf Graphic file (type pdf)
<use class_system__inherit__graph.pdf>
Package pdftex.def Info: class_system__inherit__graph.pdf  used on input line 1
9.
(pdftex.def)             Requested size: 167.0pt x 155.99922pt.
 <./class_system__coll__graph.pdf

pdfTeX warning: pdflatex (file ./class_system__coll__graph.pdf): PDF inclusion:
 multiple pdfs with page group included in a single page
>
<class_system__coll__graph.pdf, id=3573, 167.62625pt x 156.585pt>
File: class_system__coll__graph.pdf Graphic file (type pdf)
<use class_system__coll__graph.pdf>
Package pdftex.def Info: class_system__coll__graph.pdf  used on input line 29.
(pdftex.def)             Requested size: 167.0pt x 155.99922pt.
 [51] [52]
Underfull \hbox (badness 10000) detected at line 126
[][][]
 []

[53]
Underfull \hbox (badness 10000) detected at line 152
[][][]
 []


Underfull \hbox (badness 10000) in paragraph at lines 153--154

 []


Underfull \hbox (badness 10000) detected at line 170
[][][]
 []


Underfull \hbox (badness 10000) in paragraph at lines 171--172

 []

[54] [55] [56] [57] [58]) (./class_system_interface.tex <./class_system_interfa
ce__inherit__graph.pdf

pdfTeX warning: pdflatex (file ./class_system_interface__inherit__graph.pdf): P
DF inclusion: multiple pdfs with page group included in a single page
>
<class_system_interface__inherit__graph.pdf, id=3820, 167.62625pt x 156.585pt>
File: class_system_interface__inherit__graph.pdf Graphic file (type pdf)
<use class_system_interface__inherit__graph.pdf>
Package pdftex.def Info: class_system_interface__inherit__graph.pdf  used on in
put line 19.
(pdftex.def)             Requested size: 167.0pt x 155.99922pt.
 [59]
Underfull \hbox (badness 10000) detected at line 82
[][][]
 []


Underfull \hbox (badness 10000) in paragraph at lines 83--84

 []

[60]
Underfull \hbox (badness 10000) detected at line 96
[][][]
 []


Underfull \hbox (badness 10000) in paragraph at lines 97--98

 []

[61] [62]) (./class_unit_flow.tex [63]) (./class_unit_system.tex [64] [65])
[66]
Chapter 5.
(./flow_8cpp.tex <./flow_8cpp__incl.pdf

pdfTeX warning: pdflatex (file ./flow_8cpp__incl.pdf): PDF inclusion: multiple 
pdfs with page group included in a single page
>
<flow_8cpp__incl.pdf, id=3988, 309.155pt x 325.215pt>
File: flow_8cpp__incl.pdf Graphic file (type pdf)
<use flow_8cpp__incl.pdf>
Package pdftex.def Info: flow_8cpp__incl.pdf  used on input line 9.
(pdftex.def)             Requested size: 308.0pt x 324.02818pt.
) (./flow_8cpp_source.tex [67

]) (./flow_8h.tex <./flow_8h__incl.pdf>
<flow_8h__incl.pdf, id=4054, 309.155pt x 269.005pt>
File: flow_8h__incl.pdf Graphic file (type pdf)
<use flow_8h__incl.pdf>
Package pdftex.def Info: flow_8h__incl.pdf  used on input line 9.
(pdftex.def)             Requested size: 308.0pt x 268.0233pt.
 [68] <./flow_8h__dep__incl.pdf

pdfTeX warning: pdflatex (file ./flow_8h__dep__incl.pdf): PDF inclusion: multip
le pdfs with page group included in a single page
>
<flow_8h__dep__incl.pdf, id=4111, 660.4675pt x 291.0875pt>
File: flow_8h__dep__incl.pdf Graphic file (type pdf)
<use flow_8h__dep__incl.pdf>
Package pdftex.def Info: flow_8h__dep__incl.pdf  used on input line 17.
(pdftex.def)             Requested size: 350.0pt x 154.25786pt.
LaTeX Font Info:    Font shape `T1/phv/m/n' will be
(Font)              scaled to size 8.09995pt on input line 24.
LaTeX Font Info:    Font shape `T1/phv/m/it' in size <9> not available
(Font)              Font shape `T1/phv/m/sl' tried instead on input line 24.
LaTeX Font Info:    Font shape `T1/phv/m/sl' will be
(Font)              scaled to size 8.09995pt on input line 24.
) (./flow_8h_source.tex [69]) (./flowinterface_8h.tex <./flowinterface_8h__incl
.pdf>
<flowinterface_8h__incl.pdf, id=4175, 309.155pt x 212.795pt>
File: flowinterface_8h__incl.pdf Graphic file (type pdf)
<use flowinterface_8h__incl.pdf>
Package pdftex.def Info: flowinterface_8h__incl.pdf  used on input line 9.
(pdftex.def)             Requested size: 308.0pt x 212.01843pt.
 <./flowinterface_8h__dep__incl.pdf

pdfTeX warning: pdflatex (file ./flowinterface_8h__dep__incl.pdf): PDF inclusio
n: multiple pdfs with page group included in a single page
>
<flowinterface_8h__dep__incl.pdf, id=4183, 597.23125pt x 347.2975pt>
File: flowinterface_8h__dep__incl.pdf Graphic file (type pdf)
<use flowinterface_8h__dep__incl.pdf>
Package pdftex.def Info: flowinterface_8h__dep__incl.pdf  used on input line 17
.
(pdftex.def)             Requested size: 350.0pt x 203.53122pt.
 [70]) (./flowinterface_8h_source.tex) (./model_8cpp.tex <./model_8cpp__incl.pd
f>
<model_8cpp__incl.pdf, id=4260, 309.155pt x 381.425pt>
File: model_8cpp__incl.pdf Graphic file (type pdf)
<use model_8cpp__incl.pdf>
Package pdftex.def Info: model_8cpp__incl.pdf  used on input line 10.
(pdftex.def)             Requested size: 308.0pt x 380.03305pt.
 [71]) (./model_8cpp_source.tex [72] [73]) (./model_8h.tex <./model_8h__incl.pd
f

pdfTeX warning: pdflatex (file ./model_8h__incl.pdf): PDF inclusion: multiple p
dfs with page group included in a single page
>
<model_8h__incl.pdf, id=4514, 309.155pt x 325.215pt>
File: model_8h__incl.pdf Graphic file (type pdf)
<use model_8h__incl.pdf>
Package pdftex.def Info: model_8h__incl.pdf  used on input line 9.
(pdftex.def)             Requested size: 308.0pt x 324.02818pt.
 <./model_8h__dep__incl.pdf

pdfTeX warning: pdflatex (file ./model_8h__dep__incl.pdf): PDF inclusion: multi
ple pdfs with page group included in a single page
>
<model_8h__dep__incl.pdf, id=4522, 589.20125pt x 234.8775pt>
File: model_8h__dep__incl.pdf Graphic file (type pdf)
<use model_8h__dep__incl.pdf>
Package pdftex.def Info: model_8h__dep__incl.pdf  used on input line 17.
(pdftex.def)             Requested size: 350.0pt x 139.52267pt.
 [74]) (./model_8h_source.tex [75]) (./modelinterface_8h.tex <./modelinterface_
8h__incl.pdf>
<modelinterface_8h__incl.pdf, id=4668, 309.155pt x 269.005pt>
File: modelinterface_8h__incl.pdf Graphic file (type pdf)
<use modelinterface_8h__incl.pdf>
Package pdftex.def Info: modelinterface_8h__incl.pdf  used on input line 10.
(pdftex.def)             Requested size: 308.0pt x 268.0233pt.
 <./modelinterface_8h__dep__incl.pdf

pdfTeX warning: pdflatex (file ./modelinterface_8h__dep__incl.pdf): PDF inclusi
on: multiple pdfs with page group included in a single page
>
<modelinterface_8h__dep__incl.pdf, id=4676, 589.20125pt x 291.0875pt>
File: modelinterface_8h__dep__incl.pdf Graphic file (type pdf)
<use modelinterface_8h__dep__incl.pdf>
Package pdftex.def Info: modelinterface_8h__dep__incl.pdf  used on input line 1
8.
(pdftex.def)             Requested size: 350.0pt x 172.91272pt.
 [76]) (./modelinterface_8h_source.tex [77]) (./system_8cpp.tex <./system_8cpp_
_incl.pdf>
<system_8cpp__incl.pdf, id=4817, 309.155pt x 269.005pt>
File: system_8cpp__incl.pdf Graphic file (type pdf)
<use system_8cpp__incl.pdf>
Package pdftex.def Info: system_8cpp__incl.pdf  used on input line 9.
(pdftex.def)             Requested size: 308.0pt x 268.0233pt.
 [78]) (./system_8cpp_source.tex [79] [80]) (./system_8h.tex <./system_8h__incl
.pdf

pdfTeX warning: pdflatex (file ./system_8h__incl.pdf): PDF inclusion: multiple 
pdfs with page group included in a single page
>
<system_8h__incl.pdf, id=5032, 309.155pt x 212.795pt>
File: system_8h__incl.pdf Graphic file (type pdf)
<use system_8h__incl.pdf>
Package pdftex.def Info: system_8h__incl.pdf  used on input line 9.
(pdftex.def)             Requested size: 308.0pt x 212.01843pt.
 <./system_8h__dep__incl.pdf

pdfTeX warning: pdflatex (file ./system_8h__dep__incl.pdf): PDF inclusion: mult
iple pdfs with page group included in a single page
>
<system_8h__dep__incl.pdf, id=5040, 963.6pt x 291.0875pt>
File: system_8h__dep__incl.pdf Graphic file (type pdf)
<use system_8h__dep__incl.pdf>
Package pdftex.def Info: system_8h__dep__incl.pdf  used on input line 17.
(pdftex.def)             Requested size: 350.0pt x 105.72859pt.
 [81]) (./system_8h_source.tex [82]) (./systeminterface_8h.tex <./systeminterfa
ce_8h__incl.pdf

pdfTeX warning: pdflatex (file ./systeminterface_8h__incl.pdf): PDF inclusion: 
multiple pdfs with page group included in a single page
>
<systeminterface_8h__incl.pdf, id=5157, 309.155pt x 156.585pt>
File: systeminterface_8h__incl.pdf Graphic file (type pdf)
<use systeminterface_8h__incl.pdf>
Package pdftex.def Info: systeminterface_8h__incl.pdf  used on input line 12.
(pdftex.def)             Requested size: 308.0pt x 156.01357pt.
 [83] <./systeminterface_8h__dep__incl.pdf

pdfTeX warning: pdflatex (file ./systeminterface_8h__dep__incl.pdf): PDF inclus
ion: multiple pdfs with page group included in a single page
>
<systeminterface_8h__dep__incl.pdf, id=5223, 1047.915pt x 403.5075pt>
File: systeminterface_8h__dep__incl.pdf Graphic file (type pdf)
<use systeminterface_8h__dep__incl.pdf>
Package pdftex.def Info: systeminterface_8h__dep__incl.pdf  used on input line 
20.
(pdftex.def)             Requested size: 350.0pt x 134.76486pt.
) (./systeminterface_8h_source.tex [84]) (./funcional__tests_8cpp.tex <./funcio
nal__tests_8cpp__incl.pdf>
<funcional__tests_8cpp__incl.pdf, id=5283, 510.90875pt x 448.67625pt>
File: funcional__tests_8cpp__incl.pdf Graphic file (type pdf)
<use funcional__tests_8cpp__incl.pdf>
Package pdftex.def Info: funcional__tests_8cpp__incl.pdf  used on input line 9.

(pdftex.def)             Requested size: 350.0pt x 307.36192pt.
 [85] [86]) (./funcional__tests_8cpp_source.tex
[87] [88]) (./funcional__tests_8h.tex <./funcional__tests_8h__incl.pdf

pdfTeX warning: pdflatex (file ./funcional__tests_8h__incl.pdf): PDF inclusion:
 multiple pdfs with page group included in a single page
>
<funcional__tests_8h__incl.pdf, id=5612, 510.90875pt x 392.46625pt>
File: funcional__tests_8h__incl.pdf Graphic file (type pdf)
<use funcional__tests_8h__incl.pdf>
Package pdftex.def Info: funcional__tests_8h__incl.pdf  used on input line 14.
(pdftex.def)             Requested size: 350.0pt x 268.85571pt.
 <./funcional__tests_8h__dep__incl.pdf

pdfTeX warning: pdflatex (file ./funcional__tests_8h__dep__incl.pdf): PDF inclu
sion: multiple pdfs with page group included in a single page
>
<funcional__tests_8h__dep__incl.pdf, id=5620, 333.245pt x 178.6675pt>
File: funcional__tests_8h__dep__incl.pdf Graphic file (type pdf)
<use funcional__tests_8h__dep__incl.pdf>
Package pdftex.def Info: funcional__tests_8h__dep__incl.pdf  used on input line
 22.
(pdftex.def)             Requested size: 332.0pt x 178.01274pt.
 [89]) (./funcional__tests_8h_source.tex [90] [91])
(./funcional_2main_8cpp.tex <./funcional_2main_8cpp__incl.pdf

pdfTeX warning: pdflatex (file ./funcional_2main_8cpp__incl.pdf): PDF inclusion
: multiple pdfs with page group included in a single page
>
<funcional_2main_8cpp__incl.pdf, id=5892, 510.90875pt x 437.635pt>
File: funcional_2main_8cpp__incl.pdf Graphic file (type pdf)
<use funcional_2main_8cpp__incl.pdf>
Package pdftex.def Info: funcional_2main_8cpp__incl.pdf  used on input line 9.
(pdftex.def)             Requested size: 350.0pt x 299.7982pt.
 [92]) (./funcional_2main_8cpp_source.tex) (./unit_2main_8cpp.tex [93] <./unit_
2main_8cpp__incl.pdf>
<unit_2main_8cpp__incl.pdf, id=5983, 574.145pt x 437.635pt>
File: unit_2main_8cpp__incl.pdf Graphic file (type pdf)
<use unit_2main_8cpp__incl.pdf>
Package pdftex.def Info: unit_2main_8cpp__incl.pdf  used on input line 11.
(pdftex.def)             Requested size: 350.0pt x 266.79001pt.
 [94]) (./unit_2main_8cpp_source.tex)
(./mem__usage_8cpp.tex <./mem__usage_8cpp__incl.pdf>
<mem__usage_8cpp__incl.pdf, id=6029, 309.155pt x 212.795pt>
File: mem__usage_8cpp__incl.pdf Graphic file (type pdf)
<use mem__usage_8cpp__incl.pdf>
Package pdftex.def Info: mem__usage_8cpp__incl.pdf  used on input line 9.
(pdftex.def)             Requested size: 308.0pt x 212.01843pt.
 [95])
(./mem__usage_8cpp_source.tex [96]) (./mem__usage_8h.tex <./mem__usage_8h__incl
.pdf>
<mem__usage_8h__incl.pdf, id=6096, 309.155pt x 156.585pt>
File: mem__usage_8h__incl.pdf Graphic file (type pdf)
<use mem__usage_8h__incl.pdf>
Package pdftex.def Info: mem__usage_8h__incl.pdf  used on input line 12.
(pdftex.def)             Requested size: 308.0pt x 156.01357pt.
 <./mem__usage_8h__dep__incl.pdf

pdfTeX warning: pdflatex (file ./mem__usage_8h__dep__incl.pdf): PDF inclusion: 
multiple pdfs with page group included in a single page
>
<mem__usage_8h__dep__incl.pdf, id=6104, 689.57625pt x 269.005pt>
File: mem__usage_8h__dep__incl.pdf Graphic file (type pdf)
<use mem__usage_8h__dep__incl.pdf>
Package pdftex.def Info: mem__usage_8h__dep__incl.pdf  used on input line 20.
(pdftex.def)             Requested size: 350.0pt x 136.53398pt.
 [97]) (./mem__usage_8h_source.tex) (./unit__flow_8cpp.tex <./unit__flow_8cpp__
incl.pdf>
<unit__flow_8cpp__incl.pdf, id=6143, 381.425pt x 381.425pt>
File: unit__flow_8cpp__incl.pdf Graphic file (type pdf)
<use unit__flow_8cpp__incl.pdf>
Package pdftex.def Info: unit__flow_8cpp__incl.pdf  used on input line 10.
(pdftex.def)             Requested size: 350.0pt x 350.01314pt.
 [98] [99] [100]) (./unit__flow_8cpp_source.tex [101] [102] [103])
(./unit__flow_8h.tex <./unit__flow_8h__incl.pdf

pdfTeX warning: pdflatex (file ./unit__flow_8h__incl.pdf): PDF inclusion: multi
ple pdfs with page group included in a single page
>
<unit__flow_8h__incl.pdf, id=6590, 381.425pt x 325.215pt>
File: unit__flow_8h__incl.pdf Graphic file (type pdf)
<use unit__flow_8h__incl.pdf>
Package pdftex.def Info: unit__flow_8h__incl.pdf  used on input line 12.
(pdftex.def)             Requested size: 350.0pt x 298.43225pt.
 [104] <./unit__flow_8h__dep__incl.pdf

pdfTeX warning: pdflatex (file ./unit__flow_8h__dep__incl.pdf): PDF inclusion: 
multiple pdfs with page group included in a single page
>
<unit__flow_8h__dep__incl.pdf, id=6674, 389.455pt x 212.795pt>
File: unit__flow_8h__dep__incl.pdf Graphic file (type pdf)
<use unit__flow_8h__dep__incl.pdf>
Package pdftex.def Info: unit__flow_8h__dep__incl.pdf  used on input line 20.
(pdftex.def)             Requested size: 350.0pt x 191.24422pt.
 [105] [106] [107]) (./unit__flow_8h_source.tex [108]) (./unit__model_8cpp.tex 
<./unit__model_8cpp__incl.pdf

pdfTeX warning: pdflatex (file ./unit__model_8cpp__incl.pdf): PDF inclusion: mu
ltiple pdfs with page group included in a single page
>
<unit__model_8cpp__incl.pdf, id=6817, 490.83376pt x 437.635pt>
File: unit__model_8cpp__incl.pdf Graphic file (type pdf)
<use unit__model_8cpp__incl.pdf>
Package pdftex.def Info: unit__model_8cpp__incl.pdf  used on input line 10.
(pdftex.def)             Requested size: 350.0pt x 312.07193pt.
 [109] [110] [111] [112]) (./unit__model_8cpp_source.tex [113] [114] [115])
(./unit__model_8h.tex <./unit__model_8h__incl.pdf

pdfTeX warning: pdflatex (file ./unit__model_8h__incl.pdf): PDF inclusion: mult
iple pdfs with page group included in a single page
>
<unit__model_8h__incl.pdf, id=7365, 490.83376pt x 381.425pt>
File: unit__model_8h__incl.pdf Graphic file (type pdf)
<use unit__model_8h__incl.pdf>
Package pdftex.def Info: unit__model_8h__incl.pdf  used on input line 10.
(pdftex.def)             Requested size: 350.0pt x 271.98929pt.
 [116] <./unit__model_8h__dep__incl.pdf

pdfTeX warning: pdflatex (file ./unit__model_8h__dep__incl.pdf): PDF inclusion:
 multiple pdfs with page group included in a single page
>
<unit__model_8h__dep__incl.pdf, id=7429, 315.1775pt x 156.585pt>
File: unit__model_8h__dep__incl.pdf Graphic file (type pdf)
<use unit__model_8h__dep__incl.pdf>
Package pdftex.def Info: unit__model_8h__dep__incl.pdf  used on input line 18.
(pdftex.def)             Requested size: 314.0pt x 156.00879pt.
 [117] [118] [119]) (./unit__model_8h_source.tex [120])
(./unit__system_8cpp.tex <./unit__system_8cpp__incl.pdf

pdfTeX warning: pdflatex (file ./unit__system_8cpp__incl.pdf): PDF inclusion: m
ultiple pdfs with page group included in a single page
>
<unit__system_8cpp__incl.pdf, id=7547, 309.155pt x 325.215pt>
File: unit__system_8cpp__incl.pdf Graphic file (type pdf)
<use unit__system_8cpp__incl.pdf>
Package pdftex.def Info: unit__system_8cpp__incl.pdf  used on input line 10.
(pdftex.def)             Requested size: 308.0pt x 324.02818pt.
 [121] [122] [123]) (./unit__system_8cpp_source.tex [124] [125] [126])
(./unit__system_8h.tex <./unit__system_8h__incl.pdf

pdfTeX warning: pdflatex (file ./unit__system_8h__incl.pdf): PDF inclusion: mul
tiple pdfs with page group included in a single page
>
<unit__system_8h__incl.pdf, id=7968, 309.155pt x 269.005pt>
File: unit__system_8h__incl.pdf Graphic file (type pdf)
<use unit__system_8h__incl.pdf>
Package pdftex.def Info: unit__system_8h__incl.pdf  used on input line 10.
(pdftex.def)             Requested size: 308.0pt x 268.0233pt.
 <./unit__system_8h__dep__incl.pdf

pdfTeX warning: pdflatex (file ./unit__system_8h__dep__incl.pdf): PDF inclusion
: multiple pdfs with page group included in a single page
>
<unit__system_8h__dep__incl.pdf, id=7976, 321.2pt x 156.585pt>
File: unit__system_8h__dep__incl.pdf Graphic file (type pdf)
<use unit__system_8h__dep__incl.pdf>
Package pdftex.def Info: unit__system_8h__dep__incl.pdf  used on input line 18.

(pdftex.def)             Requested size: 320.0pt x 156.004pt.
 [127] [128] [129]) (./unit__system_8h_source.tex [130])
(./unit__tests_8cpp.tex <./unit__tests_8cpp__incl.pdf

pdfTeX warning: pdflatex (file ./unit__tests_8cpp__incl.pdf): PDF inclusion: mu
ltiple pdfs with page group included in a single page
>
<unit__tests_8cpp__incl.pdf, id=8137, 309.155pt x 325.215pt>
File: unit__tests_8cpp__incl.pdf Graphic file (type pdf)
<use unit__tests_8cpp__incl.pdf>
Package pdftex.def Info: unit__tests_8cpp__incl.pdf  used on input line 10.
(pdftex.def)             Requested size: 308.0pt x 324.02818pt.
 [131] [132]) (./unit__tests_8cpp_source.tex [133]) (./unit__tests_8h.tex <./un
it__tests_8h__incl.pdf

pdfTeX warning: pdflatex (file ./unit__tests_8h__incl.pdf): PDF inclusion: mult
iple pdfs with page group included in a single page
>
<unit__tests_8h__incl.pdf, id=8260, 309.155pt x 269.005pt>
File: unit__tests_8h__incl.pdf Graphic file (type pdf)
<use unit__tests_8h__incl.pdf>
Package pdftex.def Info: unit__tests_8h__incl.pdf  used on input line 10.
(pdftex.def)             Requested size: 308.0pt x 268.0233pt.
 [134] <./unit__tests_8h__dep__incl.pdf

pdfTeX warning: pdflatex (file ./unit__tests_8h__dep__incl.pdf): PDF inclusion:
 multiple pdfs with page group included in a single page
>
<unit__tests_8h__dep__incl.pdf, id=8320, 311.1625pt x 156.585pt>
File: unit__tests_8h__dep__incl.pdf Graphic file (type pdf)
<use unit__tests_8h__dep__incl.pdf>
Package pdftex.def Info: unit__tests_8h__dep__incl.pdf  used on input line 18.
(pdftex.def)             Requested size: 310.0pt x 156.00162pt.
 [135] [136]) (./unit__tests_8h_source.tex) [137] [138

] (./refman.ind [139


]
[140] [141] [142] [143] [144

])
Package atveryend Info: Empty hook `BeforeClearDocument' on input line 257.
Package atveryend Info: Empty hook `AfterLastShipout' on input line 257.
 (./refman.aux)
Package atveryend Info: Executing hook `AtVeryEndDocument' on input line 257.
Package atveryend Info: Executing hook `AtEndAfterFileList' on input line 257.
Package rerunfilecheck Info: File `refman.out' has not changed.
(rerunfilecheck)             Checksum: 7E818901E270C6F4C0075541BC7D86AC;84442.


LaTeX Warning: There were multiply-defined labels.

 ) 
Here is how much of TeX's memory you used:
 21053 strings out of 483183
 362762 string characters out of 5966293
 634689 words of memory out of 5000000
 32747 multiletter control sequences out of 15000+600000
 593358 words of font info for 97 fonts, out of 8000000 for 9000
 14 hyphenation exceptions out of 8191
 55i,16n,96p,977b,627s stack positions out of 5000i,500n,10000p,200000b,80000s
{/usr/share/texlive/texmf-dist/fonts/enc/dvips/base/8r.enc}</usr/share/texliv
e/texmf-dist/fonts/type1/public/amsfonts/cm/cmmi10.pfb></usr/share/texlive/texm
f-dist/fonts/type1/public/amsfonts/cm/cmmi8.pfb></usr/share/texlive/texmf-dist/
fonts/type1/public/amsfonts/cm/cmsy10.pfb></usr/share/texlive/texmf-dist/fonts/
type1/public/amsfonts/cm/cmsy7.pfb></usr/share/texlive/texmf-dist/fonts/type1/p
ublic/amsfonts/cm/cmsy8.pfb></usr/share/texlive/texmf-dist/fonts/type1/urw/cour
ier/ucrb8a.pfb></usr/share/texlive/texmf-dist/fonts/type1/urw/courier/ucrr8a.pf
b></usr/share/texlive/texmf-dist/fonts/type1/urw/courier/ucrro8a.pfb></usr/shar
e/texlive/texmf-dist/fonts/type1/urw/helvetic/uhvb8a.pfb></usr/share/texlive/te
xmf-dist/fonts/type1/urw/helvetic/uhvb8ac.pfb></usr/share/texlive/texmf-dist/fo
nts/type1/urw/helvetic/uhvr8a.pfb></usr/share/texlive/texmf-dist/fonts/type1/ur
w/helvetic/uhvro8a.pfb>
Output written on refman.pdf (156 pages, 1408377 bytes).
PDF statistics:
 9580 PDF objects out of 10688 (max. 8388607)
 9030 compressed objects within 91 object streams
 2867 named destinations out of 2984 (max. 500000)
 3445 words of extra memory for PDF output out of 10000 (max. 10000000)

