\BOOKMARK [0][-]{chapter.1}{\376\377\0001\000\040\000H\000i\000e\000r\000a\000r\000c\000h\000i\000c\000a\000l\000\040\000I\000n\000d\000e\000x}{}% 1
\BOOKMARK [1][-]{section.1.1}{\376\377\0001\000.\0001\000\040\000C\000l\000a\000s\000s\000\040\000H\000i\000e\000r\000a\000r\000c\000h\000y}{chapter.1}% 2
\BOOKMARK [0][-]{chapter.2}{\376\377\0002\000\040\000C\000l\000a\000s\000s\000\040\000I\000n\000d\000e\000x}{}% 3
\BOOKMARK [1][-]{section.2.1}{\376\377\0002\000.\0001\000\040\000C\000l\000a\000s\000s\000\040\000L\000i\000s\000t}{chapter.2}% 4
\BOOKMARK [0][-]{chapter.3}{\376\377\0003\000\040\000F\000i\000l\000e\000\040\000I\000n\000d\000e\000x}{}% 5
\BOOKMARK [1][-]{section.3.1}{\376\377\0003\000.\0001\000\040\000F\000i\000l\000e\000\040\000L\000i\000s\000t}{chapter.3}% 6
\BOOKMARK [0][-]{chapter.4}{\376\377\0004\000\040\000C\000l\000a\000s\000s\000\040\000D\000o\000c\000u\000m\000e\000n\000t\000a\000t\000i\000o\000n}{}% 7
\BOOKMARK [1][-]{section.4.1}{\376\377\0004\000.\0001\000\040\000C\000o\000m\000p\000l\000e\000x\000F\000l\000o\000w\000F\000\040\000C\000l\000a\000s\000s\000\040\000R\000e\000f\000e\000r\000e\000n\000c\000e}{chapter.4}% 8
\BOOKMARK [2][-]{subsection.4.1.1}{\376\377\0004\000.\0001\000.\0001\000\040\000D\000e\000t\000a\000i\000l\000e\000d\000\040\000D\000e\000s\000c\000r\000i\000p\000t\000i\000o\000n}{section.4.1}% 9
\BOOKMARK [2][-]{subsection.4.1.2}{\376\377\0004\000.\0001\000.\0002\000\040\000C\000o\000n\000s\000t\000r\000u\000c\000t\000o\000r\000\040\000\046\000\040\000D\000e\000s\000t\000r\000u\000c\000t\000o\000r\000\040\000D\000o\000c\000u\000m\000e\000n\000t\000a\000t\000i\000o\000n}{section.4.1}% 10
\BOOKMARK [3][-]{subsubsection.4.1.2.1}{\376\377\0004\000.\0001\000.\0002\000.\0001\000\040\000C\000o\000m\000p\000l\000e\000x\000F\000l\000o\000w\000F\000\050\000\051}{subsection.4.1.2}% 11
\BOOKMARK [2][-]{subsection.4.1.3}{\376\377\0004\000.\0001\000.\0003\000\040\000M\000e\000m\000b\000e\000r\000\040\000F\000u\000n\000c\000t\000i\000o\000n\000\040\000D\000o\000c\000u\000m\000e\000n\000t\000a\000t\000i\000o\000n}{section.4.1}% 12
\BOOKMARK [3][-]{subsubsection.4.1.3.1}{\376\377\0004\000.\0001\000.\0003\000.\0001\000\040\000e\000x\000e\000c\000u\000t\000e\000\050\000\051}{subsection.4.1.3}% 13
\BOOKMARK [1][-]{section.4.2}{\376\377\0004\000.\0002\000\040\000C\000o\000m\000p\000l\000e\000x\000F\000l\000o\000w\000G\000\040\000C\000l\000a\000s\000s\000\040\000R\000e\000f\000e\000r\000e\000n\000c\000e}{chapter.4}% 14
\BOOKMARK [2][-]{subsection.4.2.1}{\376\377\0004\000.\0002\000.\0001\000\040\000D\000e\000t\000a\000i\000l\000e\000d\000\040\000D\000e\000s\000c\000r\000i\000p\000t\000i\000o\000n}{section.4.2}% 15
\BOOKMARK [2][-]{subsection.4.2.2}{\376\377\0004\000.\0002\000.\0002\000\040\000C\000o\000n\000s\000t\000r\000u\000c\000t\000o\000r\000\040\000\046\000\040\000D\000e\000s\000t\000r\000u\000c\000t\000o\000r\000\040\000D\000o\000c\000u\000m\000e\000n\000t\000a\000t\000i\000o\000n}{section.4.2}% 16
\BOOKMARK [3][-]{subsubsection.4.2.2.1}{\376\377\0004\000.\0002\000.\0002\000.\0001\000\040\000C\000o\000m\000p\000l\000e\000x\000F\000l\000o\000w\000G\000\050\000\051}{subsection.4.2.2}% 17
\BOOKMARK [2][-]{subsection.4.2.3}{\376\377\0004\000.\0002\000.\0003\000\040\000M\000e\000m\000b\000e\000r\000\040\000F\000u\000n\000c\000t\000i\000o\000n\000\040\000D\000o\000c\000u\000m\000e\000n\000t\000a\000t\000i\000o\000n}{section.4.2}% 18
\BOOKMARK [3][-]{subsubsection.4.2.3.1}{\376\377\0004\000.\0002\000.\0003\000.\0001\000\040\000e\000x\000e\000c\000u\000t\000e\000\050\000\051}{subsection.4.2.3}% 19
\BOOKMARK [1][-]{section.4.3}{\376\377\0004\000.\0003\000\040\000C\000o\000m\000p\000l\000e\000x\000F\000l\000o\000w\000R\000\040\000C\000l\000a\000s\000s\000\040\000R\000e\000f\000e\000r\000e\000n\000c\000e}{chapter.4}% 20
\BOOKMARK [2][-]{subsection.4.3.1}{\376\377\0004\000.\0003\000.\0001\000\040\000D\000e\000t\000a\000i\000l\000e\000d\000\040\000D\000e\000s\000c\000r\000i\000p\000t\000i\000o\000n}{section.4.3}% 21
\BOOKMARK [2][-]{subsection.4.3.2}{\376\377\0004\000.\0003\000.\0002\000\040\000C\000o\000n\000s\000t\000r\000u\000c\000t\000o\000r\000\040\000\046\000\040\000D\000e\000s\000t\000r\000u\000c\000t\000o\000r\000\040\000D\000o\000c\000u\000m\000e\000n\000t\000a\000t\000i\000o\000n}{section.4.3}% 22
\BOOKMARK [3][-]{subsubsection.4.3.2.1}{\376\377\0004\000.\0003\000.\0002\000.\0001\000\040\000C\000o\000m\000p\000l\000e\000x\000F\000l\000o\000w\000R\000\050\000\051}{subsection.4.3.2}% 23
\BOOKMARK [2][-]{subsection.4.3.3}{\376\377\0004\000.\0003\000.\0003\000\040\000M\000e\000m\000b\000e\000r\000\040\000F\000u\000n\000c\000t\000i\000o\000n\000\040\000D\000o\000c\000u\000m\000e\000n\000t\000a\000t\000i\000o\000n}{section.4.3}% 24
\BOOKMARK [3][-]{subsubsection.4.3.3.1}{\376\377\0004\000.\0003\000.\0003\000.\0001\000\040\000e\000x\000e\000c\000u\000t\000e\000\050\000\051}{subsection.4.3.3}% 25
\BOOKMARK [1][-]{section.4.4}{\376\377\0004\000.\0004\000\040\000C\000o\000m\000p\000l\000e\000x\000F\000l\000o\000w\000T\000\040\000C\000l\000a\000s\000s\000\040\000R\000e\000f\000e\000r\000e\000n\000c\000e}{chapter.4}% 26
\BOOKMARK [2][-]{subsection.4.4.1}{\376\377\0004\000.\0004\000.\0001\000\040\000D\000e\000t\000a\000i\000l\000e\000d\000\040\000D\000e\000s\000c\000r\000i\000p\000t\000i\000o\000n}{section.4.4}% 27
\BOOKMARK [2][-]{subsection.4.4.2}{\376\377\0004\000.\0004\000.\0002\000\040\000C\000o\000n\000s\000t\000r\000u\000c\000t\000o\000r\000\040\000\046\000\040\000D\000e\000s\000t\000r\000u\000c\000t\000o\000r\000\040\000D\000o\000c\000u\000m\000e\000n\000t\000a\000t\000i\000o\000n}{section.4.4}% 28
\BOOKMARK [3][-]{subsubsection.4.4.2.1}{\376\377\0004\000.\0004\000.\0002\000.\0001\000\040\000C\000o\000m\000p\000l\000e\000x\000F\000l\000o\000w\000T\000\050\000\051}{subsection.4.4.2}% 29
\BOOKMARK [2][-]{subsection.4.4.3}{\376\377\0004\000.\0004\000.\0003\000\040\000M\000e\000m\000b\000e\000r\000\040\000F\000u\000n\000c\000t\000i\000o\000n\000\040\000D\000o\000c\000u\000m\000e\000n\000t\000a\000t\000i\000o\000n}{section.4.4}% 30
\BOOKMARK [3][-]{subsubsection.4.4.3.1}{\376\377\0004\000.\0004\000.\0003\000.\0001\000\040\000e\000x\000e\000c\000u\000t\000e\000\050\000\051}{subsection.4.4.3}% 31
\BOOKMARK [1][-]{section.4.5}{\376\377\0004\000.\0005\000\040\000C\000o\000m\000p\000l\000e\000x\000F\000l\000o\000w\000U\000\040\000C\000l\000a\000s\000s\000\040\000R\000e\000f\000e\000r\000e\000n\000c\000e}{chapter.4}% 32
\BOOKMARK [2][-]{subsection.4.5.1}{\376\377\0004\000.\0005\000.\0001\000\040\000D\000e\000t\000a\000i\000l\000e\000d\000\040\000D\000e\000s\000c\000r\000i\000p\000t\000i\000o\000n}{section.4.5}% 33
\BOOKMARK [2][-]{subsection.4.5.2}{\376\377\0004\000.\0005\000.\0002\000\040\000C\000o\000n\000s\000t\000r\000u\000c\000t\000o\000r\000\040\000\046\000\040\000D\000e\000s\000t\000r\000u\000c\000t\000o\000r\000\040\000D\000o\000c\000u\000m\000e\000n\000t\000a\000t\000i\000o\000n}{section.4.5}% 34
\BOOKMARK [3][-]{subsubsection.4.5.2.1}{\376\377\0004\000.\0005\000.\0002\000.\0001\000\040\000C\000o\000m\000p\000l\000e\000x\000F\000l\000o\000w\000U\000\050\000\051}{subsection.4.5.2}% 35
\BOOKMARK [2][-]{subsection.4.5.3}{\376\377\0004\000.\0005\000.\0003\000\040\000M\000e\000m\000b\000e\000r\000\040\000F\000u\000n\000c\000t\000i\000o\000n\000\040\000D\000o\000c\000u\000m\000e\000n\000t\000a\000t\000i\000o\000n}{section.4.5}% 36
\BOOKMARK [3][-]{subsubsection.4.5.3.1}{\376\377\0004\000.\0005\000.\0003\000.\0001\000\040\000e\000x\000e\000c\000u\000t\000e\000\050\000\051}{subsection.4.5.3}% 37
\BOOKMARK [1][-]{section.4.6}{\376\377\0004\000.\0006\000\040\000C\000o\000m\000p\000l\000e\000x\000F\000l\000o\000w\000V\000\040\000C\000l\000a\000s\000s\000\040\000R\000e\000f\000e\000r\000e\000n\000c\000e}{chapter.4}% 38
\BOOKMARK [2][-]{subsection.4.6.1}{\376\377\0004\000.\0006\000.\0001\000\040\000D\000e\000t\000a\000i\000l\000e\000d\000\040\000D\000e\000s\000c\000r\000i\000p\000t\000i\000o\000n}{section.4.6}% 39
\BOOKMARK [2][-]{subsection.4.6.2}{\376\377\0004\000.\0006\000.\0002\000\040\000C\000o\000n\000s\000t\000r\000u\000c\000t\000o\000r\000\040\000\046\000\040\000D\000e\000s\000t\000r\000u\000c\000t\000o\000r\000\040\000D\000o\000c\000u\000m\000e\000n\000t\000a\000t\000i\000o\000n}{section.4.6}% 40
\BOOKMARK [3][-]{subsubsection.4.6.2.1}{\376\377\0004\000.\0006\000.\0002\000.\0001\000\040\000C\000o\000m\000p\000l\000e\000x\000F\000l\000o\000w\000V\000\050\000\051}{subsection.4.6.2}% 41
\BOOKMARK [2][-]{subsection.4.6.3}{\376\377\0004\000.\0006\000.\0003\000\040\000M\000e\000m\000b\000e\000r\000\040\000F\000u\000n\000c\000t\000i\000o\000n\000\040\000D\000o\000c\000u\000m\000e\000n\000t\000a\000t\000i\000o\000n}{section.4.6}% 42
\BOOKMARK [3][-]{subsubsection.4.6.3.1}{\376\377\0004\000.\0006\000.\0003\000.\0001\000\040\000e\000x\000e\000c\000u\000t\000e\000\050\000\051}{subsection.4.6.3}% 43
\BOOKMARK [1][-]{section.4.7}{\376\377\0004\000.\0007\000\040\000E\000x\000p\000o\000n\000e\000n\000c\000i\000a\000l\000F\000l\000o\000w\000\040\000C\000l\000a\000s\000s\000\040\000R\000e\000f\000e\000r\000e\000n\000c\000e}{chapter.4}% 44
\BOOKMARK [2][-]{subsection.4.7.1}{\376\377\0004\000.\0007\000.\0001\000\040\000D\000e\000t\000a\000i\000l\000e\000d\000\040\000D\000e\000s\000c\000r\000i\000p\000t\000i\000o\000n}{section.4.7}% 45
\BOOKMARK [2][-]{subsection.4.7.2}{\376\377\0004\000.\0007\000.\0002\000\040\000C\000o\000n\000s\000t\000r\000u\000c\000t\000o\000r\000\040\000\046\000\040\000D\000e\000s\000t\000r\000u\000c\000t\000o\000r\000\040\000D\000o\000c\000u\000m\000e\000n\000t\000a\000t\000i\000o\000n}{section.4.7}% 46
\BOOKMARK [3][-]{subsubsection.4.7.2.1}{\376\377\0004\000.\0007\000.\0002\000.\0001\000\040\000E\000x\000p\000o\000n\000e\000n\000c\000i\000a\000l\000F\000l\000o\000w\000\050\000\051\000\040\000[\0001\000/\0002\000]}{subsection.4.7.2}% 47
\BOOKMARK [3][-]{subsubsection.4.7.2.2}{\376\377\0004\000.\0007\000.\0002\000.\0002\000\040\000E\000x\000p\000o\000n\000e\000n\000c\000i\000a\000l\000F\000l\000o\000w\000\050\000\051\000\040\000[\0002\000/\0002\000]}{subsection.4.7.2}% 48
\BOOKMARK [2][-]{subsection.4.7.3}{\376\377\0004\000.\0007\000.\0003\000\040\000M\000e\000m\000b\000e\000r\000\040\000F\000u\000n\000c\000t\000i\000o\000n\000\040\000D\000o\000c\000u\000m\000e\000n\000t\000a\000t\000i\000o\000n}{section.4.7}% 49
\BOOKMARK [3][-]{subsubsection.4.7.3.1}{\376\377\0004\000.\0007\000.\0003\000.\0001\000\040\000e\000x\000e\000c\000u\000t\000e\000\050\000\051\000\040\000[\0001\000/\0002\000]}{subsection.4.7.3}% 50
\BOOKMARK [3][-]{subsubsection.4.7.3.2}{\376\377\0004\000.\0007\000.\0003\000.\0002\000\040\000e\000x\000e\000c\000u\000t\000e\000\050\000\051\000\040\000[\0002\000/\0002\000]}{subsection.4.7.3}% 51
\BOOKMARK [1][-]{section.4.8}{\376\377\0004\000.\0008\000\040\000F\000l\000o\000w\000\040\000C\000l\000a\000s\000s\000\040\000R\000e\000f\000e\000r\000e\000n\000c\000e}{chapter.4}% 52
\BOOKMARK [2][-]{subsection.4.8.1}{\376\377\0004\000.\0008\000.\0001\000\040\000D\000e\000t\000a\000i\000l\000e\000d\000\040\000D\000e\000s\000c\000r\000i\000p\000t\000i\000o\000n}{section.4.8}% 53
\BOOKMARK [2][-]{subsection.4.8.2}{\376\377\0004\000.\0008\000.\0002\000\040\000C\000o\000n\000s\000t\000r\000u\000c\000t\000o\000r\000\040\000\046\000\040\000D\000e\000s\000t\000r\000u\000c\000t\000o\000r\000\040\000D\000o\000c\000u\000m\000e\000n\000t\000a\000t\000i\000o\000n}{section.4.8}% 54
\BOOKMARK [3][-]{subsubsection.4.8.2.1}{\376\377\0004\000.\0008\000.\0002\000.\0001\000\040\000F\000l\000o\000w\000\050\000\051\000\040\000[\0001\000/\0002\000]}{subsection.4.8.2}% 55
\BOOKMARK [3][-]{subsubsection.4.8.2.2}{\376\377\0004\000.\0008\000.\0002\000.\0002\000\040\000F\000l\000o\000w\000\050\000\051\000\040\000[\0002\000/\0002\000]}{subsection.4.8.2}% 56
\BOOKMARK [3][-]{subsubsection.4.8.2.3}{\376\377\0004\000.\0008\000.\0002\000.\0003\000\040\000\040\000F\000l\000o\000w\000\050\000\051}{subsection.4.8.2}% 57
\BOOKMARK [2][-]{subsection.4.8.3}{\376\377\0004\000.\0008\000.\0003\000\040\000M\000e\000m\000b\000e\000r\000\040\000F\000u\000n\000c\000t\000i\000o\000n\000\040\000D\000o\000c\000u\000m\000e\000n\000t\000a\000t\000i\000o\000n}{section.4.8}% 58
\BOOKMARK [3][-]{subsubsection.4.8.3.1}{\376\377\0004\000.\0008\000.\0003\000.\0001\000\040\000c\000l\000e\000a\000r\000S\000o\000u\000r\000c\000e\000\050\000\051}{subsection.4.8.3}% 59
\BOOKMARK [3][-]{subsubsection.4.8.3.2}{\376\377\0004\000.\0008\000.\0003\000.\0002\000\040\000c\000l\000e\000a\000r\000T\000a\000r\000g\000e\000t\000\050\000\051}{subsection.4.8.3}% 60
\BOOKMARK [3][-]{subsubsection.4.8.3.3}{\376\377\0004\000.\0008\000.\0003\000.\0003\000\040\000e\000x\000e\000c\000u\000t\000e\000\050\000\051}{subsection.4.8.3}% 61
\BOOKMARK [3][-]{subsubsection.4.8.3.4}{\376\377\0004\000.\0008\000.\0003\000.\0004\000\040\000g\000e\000t\000N\000a\000m\000e\000\050\000\051}{subsection.4.8.3}% 62
\BOOKMARK [3][-]{subsubsection.4.8.3.5}{\376\377\0004\000.\0008\000.\0003\000.\0005\000\040\000g\000e\000t\000S\000o\000u\000r\000c\000e\000\050\000\051}{subsection.4.8.3}% 63
\BOOKMARK [3][-]{subsubsection.4.8.3.6}{\376\377\0004\000.\0008\000.\0003\000.\0006\000\040\000g\000e\000t\000T\000a\000r\000g\000e\000t\000\050\000\051}{subsection.4.8.3}% 64
\BOOKMARK [3][-]{subsubsection.4.8.3.7}{\376\377\0004\000.\0008\000.\0003\000.\0007\000\040\000o\000p\000e\000r\000a\000t\000o\000r\000=\000\050\000\051}{subsection.4.8.3}% 65
\BOOKMARK [3][-]{subsubsection.4.8.3.8}{\376\377\0004\000.\0008\000.\0003\000.\0008\000\040\000s\000e\000t\000N\000a\000m\000e\000\050\000\051}{subsection.4.8.3}% 66
\BOOKMARK [3][-]{subsubsection.4.8.3.9}{\376\377\0004\000.\0008\000.\0003\000.\0009\000\040\000s\000e\000t\000S\000o\000u\000r\000c\000e\000\050\000\051}{subsection.4.8.3}% 67
\BOOKMARK [3][-]{subsubsection.4.8.3.10}{\376\377\0004\000.\0008\000.\0003\000.\0001\0000\000\040\000s\000e\000t\000T\000a\000r\000g\000e\000t\000\050\000\051}{subsection.4.8.3}% 68
\BOOKMARK [2][-]{subsection.4.8.4}{\376\377\0004\000.\0008\000.\0004\000\040\000F\000r\000i\000e\000n\000d\000s\000\040\000A\000n\000d\000\040\000R\000e\000l\000a\000t\000e\000d\000\040\000F\000u\000n\000c\000t\000i\000o\000n\000\040\000D\000o\000c\000u\000m\000e\000n\000t\000a\000t\000i\000o\000n}{section.4.8}% 69
\BOOKMARK [3][-]{subsubsection.4.8.4.1}{\376\377\0004\000.\0008\000.\0004\000.\0001\000\040\000M\000o\000d\000e\000l}{subsection.4.8.4}% 70
\BOOKMARK [3][-]{subsubsection.4.8.4.2}{\376\377\0004\000.\0008\000.\0004\000.\0002\000\040\000M\000o\000d\000e\000l\000I\000n\000t\000e\000r\000f\000a\000c\000e}{subsection.4.8.4}% 71
\BOOKMARK [3][-]{subsubsection.4.8.4.3}{\376\377\0004\000.\0008\000.\0004\000.\0003\000\040\000U\000n\000i\000t\000F\000l\000o\000w}{subsection.4.8.4}% 72
\BOOKMARK [2][-]{subsection.4.8.5}{\376\377\0004\000.\0008\000.\0005\000\040\000M\000e\000m\000b\000e\000r\000\040\000D\000a\000t\000a\000\040\000D\000o\000c\000u\000m\000e\000n\000t\000a\000t\000i\000o\000n}{section.4.8}% 73
\BOOKMARK [3][-]{subsubsection.4.8.5.1}{\376\377\0004\000.\0008\000.\0005\000.\0001\000\040\000n\000a\000m\000e}{subsection.4.8.5}% 74
\BOOKMARK [3][-]{subsubsection.4.8.5.2}{\376\377\0004\000.\0008\000.\0005\000.\0002\000\040\000s\000o\000u\000r\000c\000e}{subsection.4.8.5}% 75
\BOOKMARK [3][-]{subsubsection.4.8.5.3}{\376\377\0004\000.\0008\000.\0005\000.\0003\000\040\000t\000a\000r\000g\000e\000t}{subsection.4.8.5}% 76
\BOOKMARK [1][-]{section.4.9}{\376\377\0004\000.\0009\000\040\000F\000l\000o\000w\000I\000n\000t\000e\000f\000a\000c\000e\000\040\000C\000l\000a\000s\000s\000\040\000R\000e\000f\000e\000r\000e\000n\000c\000e}{chapter.4}% 77
\BOOKMARK [2][-]{subsection.4.9.1}{\376\377\0004\000.\0009\000.\0001\000\040\000D\000e\000t\000a\000i\000l\000e\000d\000\040\000D\000e\000s\000c\000r\000i\000p\000t\000i\000o\000n}{section.4.9}% 78
\BOOKMARK [2][-]{subsection.4.9.2}{\376\377\0004\000.\0009\000.\0002\000\040\000C\000o\000n\000s\000t\000r\000u\000c\000t\000o\000r\000\040\000\046\000\040\000D\000e\000s\000t\000r\000u\000c\000t\000o\000r\000\040\000D\000o\000c\000u\000m\000e\000n\000t\000a\000t\000i\000o\000n}{section.4.9}% 79
\BOOKMARK [3][-]{subsubsection.4.9.2.1}{\376\377\0004\000.\0009\000.\0002\000.\0001\000\040\000\040\000F\000l\000o\000w\000I\000n\000t\000e\000f\000a\000c\000e\000\050\000\051}{subsection.4.9.2}% 80
\BOOKMARK [2][-]{subsection.4.9.3}{\376\377\0004\000.\0009\000.\0003\000\040\000M\000e\000m\000b\000e\000r\000\040\000F\000u\000n\000c\000t\000i\000o\000n\000\040\000D\000o\000c\000u\000m\000e\000n\000t\000a\000t\000i\000o\000n}{section.4.9}% 81
\BOOKMARK [3][-]{subsubsection.4.9.3.1}{\376\377\0004\000.\0009\000.\0003\000.\0001\000\040\000c\000l\000e\000a\000r\000S\000o\000u\000r\000c\000e\000\050\000\051}{subsection.4.9.3}% 82
\BOOKMARK [3][-]{subsubsection.4.9.3.2}{\376\377\0004\000.\0009\000.\0003\000.\0002\000\040\000c\000l\000e\000a\000r\000T\000a\000r\000g\000e\000t\000\050\000\051}{subsection.4.9.3}% 83
\BOOKMARK [3][-]{subsubsection.4.9.3.3}{\376\377\0004\000.\0009\000.\0003\000.\0003\000\040\000e\000x\000e\000c\000u\000t\000e\000\050\000\051}{subsection.4.9.3}% 84
\BOOKMARK [3][-]{subsubsection.4.9.3.4}{\376\377\0004\000.\0009\000.\0003\000.\0004\000\040\000g\000e\000t\000N\000a\000m\000e\000\050\000\051}{subsection.4.9.3}% 85
\BOOKMARK [3][-]{subsubsection.4.9.3.5}{\376\377\0004\000.\0009\000.\0003\000.\0005\000\040\000g\000e\000t\000S\000o\000u\000r\000c\000e\000\050\000\051}{subsection.4.9.3}% 86
\BOOKMARK [3][-]{subsubsection.4.9.3.6}{\376\377\0004\000.\0009\000.\0003\000.\0006\000\040\000g\000e\000t\000T\000a\000r\000g\000e\000t\000\050\000\051}{subsection.4.9.3}% 87
\BOOKMARK [3][-]{subsubsection.4.9.3.7}{\376\377\0004\000.\0009\000.\0003\000.\0007\000\040\000s\000e\000t\000N\000a\000m\000e\000\050\000\051}{subsection.4.9.3}% 88
\BOOKMARK [3][-]{subsubsection.4.9.3.8}{\376\377\0004\000.\0009\000.\0003\000.\0008\000\040\000s\000e\000t\000S\000o\000u\000r\000c\000e\000\050\000\051}{subsection.4.9.3}% 89
\BOOKMARK [3][-]{subsubsection.4.9.3.9}{\376\377\0004\000.\0009\000.\0003\000.\0009\000\040\000s\000e\000t\000T\000a\000r\000g\000e\000t\000\050\000\051}{subsection.4.9.3}% 90
\BOOKMARK [1][-]{section.4.10}{\376\377\0004\000.\0001\0000\000\040\000L\000o\000g\000i\000s\000t\000i\000c\000F\000l\000o\000w\000\040\000C\000l\000a\000s\000s\000\040\000R\000e\000f\000e\000r\000e\000n\000c\000e}{chapter.4}% 91
\BOOKMARK [2][-]{subsection.4.10.1}{\376\377\0004\000.\0001\0000\000.\0001\000\040\000D\000e\000t\000a\000i\000l\000e\000d\000\040\000D\000e\000s\000c\000r\000i\000p\000t\000i\000o\000n}{section.4.10}% 92
\BOOKMARK [2][-]{subsection.4.10.2}{\376\377\0004\000.\0001\0000\000.\0002\000\040\000C\000o\000n\000s\000t\000r\000u\000c\000t\000o\000r\000\040\000\046\000\040\000D\000e\000s\000t\000r\000u\000c\000t\000o\000r\000\040\000D\000o\000c\000u\000m\000e\000n\000t\000a\000t\000i\000o\000n}{section.4.10}% 93
\BOOKMARK [3][-]{subsubsection.4.10.2.1}{\376\377\0004\000.\0001\0000\000.\0002\000.\0001\000\040\000L\000o\000g\000i\000s\000t\000i\000c\000F\000l\000o\000w\000\050\000\051}{subsection.4.10.2}% 94
\BOOKMARK [2][-]{subsection.4.10.3}{\376\377\0004\000.\0001\0000\000.\0003\000\040\000M\000e\000m\000b\000e\000r\000\040\000F\000u\000n\000c\000t\000i\000o\000n\000\040\000D\000o\000c\000u\000m\000e\000n\000t\000a\000t\000i\000o\000n}{section.4.10}% 95
\BOOKMARK [3][-]{subsubsection.4.10.3.1}{\376\377\0004\000.\0001\0000\000.\0003\000.\0001\000\040\000e\000x\000e\000c\000u\000t\000e\000\050\000\051}{subsection.4.10.3}% 96
\BOOKMARK [1][-]{section.4.11}{\376\377\0004\000.\0001\0001\000\040\000M\000o\000d\000e\000l\000\040\000C\000l\000a\000s\000s\000\040\000R\000e\000f\000e\000r\000e\000n\000c\000e}{chapter.4}% 97
\BOOKMARK [2][-]{subsection.4.11.1}{\376\377\0004\000.\0001\0001\000.\0001\000\040\000D\000e\000t\000a\000i\000l\000e\000d\000\040\000D\000e\000s\000c\000r\000i\000p\000t\000i\000o\000n}{section.4.11}% 98
\BOOKMARK [2][-]{subsection.4.11.2}{\376\377\0004\000.\0001\0001\000.\0002\000\040\000M\000e\000m\000b\000e\000r\000\040\000T\000y\000p\000e\000d\000e\000f\000\040\000D\000o\000c\000u\000m\000e\000n\000t\000a\000t\000i\000o\000n}{section.4.11}% 99
\BOOKMARK [3][-]{subsubsection.4.11.2.1}{\376\377\0004\000.\0001\0001\000.\0002\000.\0001\000\040\000f\000l\000o\000w\000I\000t\000e\000r\000a\000t\000o\000r}{subsection.4.11.2}% 100
\BOOKMARK [3][-]{subsubsection.4.11.2.2}{\376\377\0004\000.\0001\0001\000.\0002\000.\0002\000\040\000s\000y\000s\000t\000e\000m\000I\000t\000e\000r\000a\000t\000o\000r}{subsection.4.11.2}% 101
\BOOKMARK [2][-]{subsection.4.11.3}{\376\377\0004\000.\0001\0001\000.\0003\000\040\000C\000o\000n\000s\000t\000r\000u\000c\000t\000o\000r\000\040\000\046\000\040\000D\000e\000s\000t\000r\000u\000c\000t\000o\000r\000\040\000D\000o\000c\000u\000m\000e\000n\000t\000a\000t\000i\000o\000n}{section.4.11}% 102
\BOOKMARK [3][-]{subsubsection.4.11.3.1}{\376\377\0004\000.\0001\0001\000.\0003\000.\0001\000\040\000M\000o\000d\000e\000l\000\050\000\051}{subsection.4.11.3}% 103
\BOOKMARK [3][-]{subsubsection.4.11.3.2}{\376\377\0004\000.\0001\0001\000.\0003\000.\0002\000\040\000\040\000M\000o\000d\000e\000l\000\050\000\051}{subsection.4.11.3}% 104
\BOOKMARK [2][-]{subsection.4.11.4}{\376\377\0004\000.\0001\0001\000.\0004\000\040\000M\000e\000m\000b\000e\000r\000\040\000F\000u\000n\000c\000t\000i\000o\000n\000\040\000D\000o\000c\000u\000m\000e\000n\000t\000a\000t\000i\000o\000n}{section.4.11}% 105
\BOOKMARK [3][-]{subsubsection.4.11.4.1}{\376\377\0004\000.\0001\0001\000.\0004\000.\0001\000\040\000a\000d\000d\000\050\000\051\000\040\000[\0001\000/\0002\000]}{subsection.4.11.4}% 106
\BOOKMARK [3][-]{subsubsection.4.11.4.2}{\376\377\0004\000.\0001\0001\000.\0004\000.\0002\000\040\000a\000d\000d\000\050\000\051\000\040\000[\0002\000/\0002\000]}{subsection.4.11.4}% 107
\BOOKMARK [3][-]{subsubsection.4.11.4.3}{\376\377\0004\000.\0001\0001\000.\0004\000.\0003\000\040\000b\000e\000g\000i\000n\000F\000l\000o\000w\000s\000\050\000\051}{subsection.4.11.4}% 108
\BOOKMARK [3][-]{subsubsection.4.11.4.4}{\376\377\0004\000.\0001\0001\000.\0004\000.\0004\000\040\000b\000e\000g\000i\000n\000S\000y\000s\000t\000e\000m\000s\000\050\000\051}{subsection.4.11.4}% 109
\BOOKMARK [3][-]{subsubsection.4.11.4.5}{\376\377\0004\000.\0001\0001\000.\0004\000.\0005\000\040\000c\000r\000e\000a\000t\000e\000M\000o\000d\000e\000l\000\050\000\051}{subsection.4.11.4}% 110
\BOOKMARK [3][-]{subsubsection.4.11.4.6}{\376\377\0004\000.\0001\0001\000.\0004\000.\0006\000\040\000c\000r\000e\000a\000t\000e\000S\000y\000s\000t\000e\000m\000\050\000\051}{subsection.4.11.4}% 111
\BOOKMARK [3][-]{subsubsection.4.11.4.7}{\376\377\0004\000.\0001\0001\000.\0004\000.\0007\000\040\000e\000n\000d\000F\000l\000o\000w\000s\000\050\000\051}{subsection.4.11.4}% 112
\BOOKMARK [3][-]{subsubsection.4.11.4.8}{\376\377\0004\000.\0001\0001\000.\0004\000.\0008\000\040\000e\000n\000d\000S\000y\000s\000t\000e\000m\000s\000\050\000\051}{subsection.4.11.4}% 113
\BOOKMARK [3][-]{subsubsection.4.11.4.9}{\376\377\0004\000.\0001\0001\000.\0004\000.\0009\000\040\000e\000x\000e\000c\000u\000t\000e\000\050\000\051}{subsection.4.11.4}% 114
\BOOKMARK [3][-]{subsubsection.4.11.4.10}{\376\377\0004\000.\0001\0001\000.\0004\000.\0001\0000\000\040\000g\000e\000t\000F\000l\000o\000w\000\050\000\051}{subsection.4.11.4}% 115
\BOOKMARK [3][-]{subsubsection.4.11.4.11}{\376\377\0004\000.\0001\0001\000.\0004\000.\0001\0001\000\040\000g\000e\000t\000N\000a\000m\000e\000\050\000\051}{subsection.4.11.4}% 116
\BOOKMARK [3][-]{subsubsection.4.11.4.12}{\376\377\0004\000.\0001\0001\000.\0004\000.\0001\0002\000\040\000g\000e\000t\000S\000y\000s\000t\000e\000m\000\050\000\051}{subsection.4.11.4}% 117
\BOOKMARK [3][-]{subsubsection.4.11.4.13}{\376\377\0004\000.\0001\0001\000.\0004\000.\0001\0003\000\040\000g\000e\000t\000T\000i\000m\000e\000\050\000\051}{subsection.4.11.4}% 118
\BOOKMARK [3][-]{subsubsection.4.11.4.14}{\376\377\0004\000.\0001\0001\000.\0004\000.\0001\0004\000\040\000i\000n\000c\000r\000e\000m\000e\000n\000t\000T\000i\000m\000e\000\050\000\051}{subsection.4.11.4}% 119
\BOOKMARK [3][-]{subsubsection.4.11.4.15}{\376\377\0004\000.\0001\0001\000.\0004\000.\0001\0005\000\040\000r\000e\000m\000o\000v\000e\000\050\000\051\000\040\000[\0001\000/\0002\000]}{subsection.4.11.4}% 120
\BOOKMARK [3][-]{subsubsection.4.11.4.16}{\376\377\0004\000.\0001\0001\000.\0004\000.\0001\0006\000\040\000r\000e\000m\000o\000v\000e\000\050\000\051\000\040\000[\0002\000/\0002\000]}{subsection.4.11.4}% 121
\BOOKMARK [3][-]{subsubsection.4.11.4.17}{\376\377\0004\000.\0001\0001\000.\0004\000.\0001\0007\000\040\000s\000e\000t\000N\000a\000m\000e\000\050\000\051}{subsection.4.11.4}% 122
\BOOKMARK [3][-]{subsubsection.4.11.4.18}{\376\377\0004\000.\0001\0001\000.\0004\000.\0001\0008\000\040\000s\000e\000t\000T\000i\000m\000e\000\050\000\051}{subsection.4.11.4}% 123
\BOOKMARK [2][-]{subsection.4.11.5}{\376\377\0004\000.\0001\0001\000.\0005\000\040\000M\000e\000m\000b\000e\000r\000\040\000D\000a\000t\000a\000\040\000D\000o\000c\000u\000m\000e\000n\000t\000a\000t\000i\000o\000n}{section.4.11}% 124
\BOOKMARK [3][-]{subsubsection.4.11.5.1}{\376\377\0004\000.\0001\0001\000.\0005\000.\0001\000\040\000f\000l\000o\000w\000s}{subsection.4.11.5}% 125
\BOOKMARK [3][-]{subsubsection.4.11.5.2}{\376\377\0004\000.\0001\0001\000.\0005\000.\0002\000\040\000m\000o\000d\000e\000l\000s}{subsection.4.11.5}% 126
\BOOKMARK [3][-]{subsubsection.4.11.5.3}{\376\377\0004\000.\0001\0001\000.\0005\000.\0003\000\040\000n\000a\000m\000e}{subsection.4.11.5}% 127
\BOOKMARK [3][-]{subsubsection.4.11.5.4}{\376\377\0004\000.\0001\0001\000.\0005\000.\0004\000\040\000s\000y\000s\000t\000e\000m\000s}{subsection.4.11.5}% 128
\BOOKMARK [3][-]{subsubsection.4.11.5.5}{\376\377\0004\000.\0001\0001\000.\0005\000.\0005\000\040\000t\000i\000m\000e}{subsection.4.11.5}% 129
\BOOKMARK [1][-]{section.4.12}{\376\377\0004\000.\0001\0002\000\040\000M\000o\000d\000e\000l\000I\000n\000t\000e\000r\000f\000a\000c\000e\000\040\000C\000l\000a\000s\000s\000\040\000R\000e\000f\000e\000r\000e\000n\000c\000e}{chapter.4}% 130
\BOOKMARK [2][-]{subsection.4.12.1}{\376\377\0004\000.\0001\0002\000.\0001\000\040\000D\000e\000t\000a\000i\000l\000e\000d\000\040\000D\000e\000s\000c\000r\000i\000p\000t\000i\000o\000n}{section.4.12}% 131
\BOOKMARK [2][-]{subsection.4.12.2}{\376\377\0004\000.\0001\0002\000.\0002\000\040\000M\000e\000m\000b\000e\000r\000\040\000T\000y\000p\000e\000d\000e\000f\000\040\000D\000o\000c\000u\000m\000e\000n\000t\000a\000t\000i\000o\000n}{section.4.12}% 132
\BOOKMARK [3][-]{subsubsection.4.12.2.1}{\376\377\0004\000.\0001\0002\000.\0002\000.\0001\000\040\000f\000l\000o\000w\000I\000t\000e\000r\000a\000t\000o\000r}{subsection.4.12.2}% 133
\BOOKMARK [3][-]{subsubsection.4.12.2.2}{\376\377\0004\000.\0001\0002\000.\0002\000.\0002\000\040\000s\000y\000s\000t\000e\000m\000I\000t\000e\000r\000a\000t\000o\000r}{subsection.4.12.2}% 134
\BOOKMARK [2][-]{subsection.4.12.3}{\376\377\0004\000.\0001\0002\000.\0003\000\040\000C\000o\000n\000s\000t\000r\000u\000c\000t\000o\000r\000\040\000\046\000\040\000D\000e\000s\000t\000r\000u\000c\000t\000o\000r\000\040\000D\000o\000c\000u\000m\000e\000n\000t\000a\000t\000i\000o\000n}{section.4.12}% 135
\BOOKMARK [3][-]{subsubsection.4.12.3.1}{\376\377\0004\000.\0001\0002\000.\0003\000.\0001\000\040\000\040\000M\000o\000d\000e\000l\000I\000n\000t\000e\000r\000f\000a\000c\000e\000\050\000\051}{subsection.4.12.3}% 136
\BOOKMARK [2][-]{subsection.4.12.4}{\376\377\0004\000.\0001\0002\000.\0004\000\040\000M\000e\000m\000b\000e\000r\000\040\000F\000u\000n\000c\000t\000i\000o\000n\000\040\000D\000o\000c\000u\000m\000e\000n\000t\000a\000t\000i\000o\000n}{section.4.12}% 137
\BOOKMARK [3][-]{subsubsection.4.12.4.1}{\376\377\0004\000.\0001\0002\000.\0004\000.\0001\000\040\000a\000d\000d\000\050\000\051\000\040\000[\0001\000/\0002\000]}{subsection.4.12.4}% 138
\BOOKMARK [3][-]{subsubsection.4.12.4.2}{\376\377\0004\000.\0001\0002\000.\0004\000.\0002\000\040\000a\000d\000d\000\050\000\051\000\040\000[\0002\000/\0002\000]}{subsection.4.12.4}% 139
\BOOKMARK [3][-]{subsubsection.4.12.4.3}{\376\377\0004\000.\0001\0002\000.\0004\000.\0003\000\040\000b\000e\000g\000i\000n\000F\000l\000o\000w\000s\000\050\000\051}{subsection.4.12.4}% 140
\BOOKMARK [3][-]{subsubsection.4.12.4.4}{\376\377\0004\000.\0001\0002\000.\0004\000.\0004\000\040\000b\000e\000g\000i\000n\000S\000y\000s\000t\000e\000m\000s\000\050\000\051}{subsection.4.12.4}% 141
\BOOKMARK [3][-]{subsubsection.4.12.4.5}{\376\377\0004\000.\0001\0002\000.\0004\000.\0005\000\040\000c\000r\000e\000a\000t\000e\000F\000l\000o\000w\000\050\000\051}{subsection.4.12.4}% 142
\BOOKMARK [3][-]{subsubsection.4.12.4.6}{\376\377\0004\000.\0001\0002\000.\0004\000.\0006\000\040\000c\000r\000e\000a\000t\000e\000M\000o\000d\000e\000l\000\050\000\051}{subsection.4.12.4}% 143
\BOOKMARK [3][-]{subsubsection.4.12.4.7}{\376\377\0004\000.\0001\0002\000.\0004\000.\0007\000\040\000c\000r\000e\000a\000t\000e\000S\000y\000s\000t\000e\000m\000\050\000\051}{subsection.4.12.4}% 144
\BOOKMARK [3][-]{subsubsection.4.12.4.8}{\376\377\0004\000.\0001\0002\000.\0004\000.\0008\000\040\000e\000n\000d\000F\000l\000o\000w\000s\000\050\000\051}{subsection.4.12.4}% 145
\BOOKMARK [3][-]{subsubsection.4.12.4.9}{\376\377\0004\000.\0001\0002\000.\0004\000.\0009\000\040\000e\000n\000d\000S\000y\000s\000t\000e\000m\000s\000\050\000\051}{subsection.4.12.4}% 146
\BOOKMARK [3][-]{subsubsection.4.12.4.10}{\376\377\0004\000.\0001\0002\000.\0004\000.\0001\0000\000\040\000e\000x\000e\000c\000u\000t\000e\000\050\000\051}{subsection.4.12.4}% 147
\BOOKMARK [3][-]{subsubsection.4.12.4.11}{\376\377\0004\000.\0001\0002\000.\0004\000.\0001\0001\000\040\000g\000e\000t\000F\000l\000o\000w\000\050\000\051}{subsection.4.12.4}% 148
\BOOKMARK [3][-]{subsubsection.4.12.4.12}{\376\377\0004\000.\0001\0002\000.\0004\000.\0001\0002\000\040\000g\000e\000t\000N\000a\000m\000e\000\050\000\051}{subsection.4.12.4}% 149
\BOOKMARK [3][-]{subsubsection.4.12.4.13}{\376\377\0004\000.\0001\0002\000.\0004\000.\0001\0003\000\040\000g\000e\000t\000S\000y\000s\000t\000e\000m\000\050\000\051}{subsection.4.12.4}% 150
\BOOKMARK [3][-]{subsubsection.4.12.4.14}{\376\377\0004\000.\0001\0002\000.\0004\000.\0001\0004\000\040\000g\000e\000t\000T\000i\000m\000e\000\050\000\051}{subsection.4.12.4}% 151
\BOOKMARK [3][-]{subsubsection.4.12.4.15}{\376\377\0004\000.\0001\0002\000.\0004\000.\0001\0005\000\040\000i\000n\000c\000r\000e\000m\000e\000n\000t\000T\000i\000m\000e\000\050\000\051}{subsection.4.12.4}% 152
\BOOKMARK [3][-]{subsubsection.4.12.4.16}{\376\377\0004\000.\0001\0002\000.\0004\000.\0001\0006\000\040\000r\000e\000m\000o\000v\000e\000\050\000\051\000\040\000[\0001\000/\0002\000]}{subsection.4.12.4}% 153
\BOOKMARK [3][-]{subsubsection.4.12.4.17}{\376\377\0004\000.\0001\0002\000.\0004\000.\0001\0007\000\040\000r\000e\000m\000o\000v\000e\000\050\000\051\000\040\000[\0002\000/\0002\000]}{subsection.4.12.4}% 154
\BOOKMARK [3][-]{subsubsection.4.12.4.18}{\376\377\0004\000.\0001\0002\000.\0004\000.\0001\0008\000\040\000s\000e\000t\000N\000a\000m\000e\000\050\000\051}{subsection.4.12.4}% 155
\BOOKMARK [3][-]{subsubsection.4.12.4.19}{\376\377\0004\000.\0001\0002\000.\0004\000.\0001\0009\000\040\000s\000e\000t\000T\000i\000m\000e\000\050\000\051}{subsection.4.12.4}% 156
\BOOKMARK [1][-]{section.4.13}{\376\377\0004\000.\0001\0003\000\040\000S\000y\000s\000t\000e\000m\000\040\000C\000l\000a\000s\000s\000\040\000R\000e\000f\000e\000r\000e\000n\000c\000e}{chapter.4}% 157
\BOOKMARK [2][-]{subsection.4.13.1}{\376\377\0004\000.\0001\0003\000.\0001\000\040\000D\000e\000t\000a\000i\000l\000e\000d\000\040\000D\000e\000s\000c\000r\000i\000p\000t\000i\000o\000n}{section.4.13}% 158
\BOOKMARK [2][-]{subsection.4.13.2}{\376\377\0004\000.\0001\0003\000.\0002\000\040\000C\000o\000n\000s\000t\000r\000u\000c\000t\000o\000r\000\040\000\046\000\040\000D\000e\000s\000t\000r\000u\000c\000t\000o\000r\000\040\000D\000o\000c\000u\000m\000e\000n\000t\000a\000t\000i\000o\000n}{section.4.13}% 159
\BOOKMARK [3][-]{subsubsection.4.13.2.1}{\376\377\0004\000.\0001\0003\000.\0002\000.\0001\000\040\000S\000y\000s\000t\000e\000m\000\050\000\051\000\040\000[\0001\000/\0002\000]}{subsection.4.13.2}% 160
\BOOKMARK [3][-]{subsubsection.4.13.2.2}{\376\377\0004\000.\0001\0003\000.\0002\000.\0002\000\040\000S\000y\000s\000t\000e\000m\000\050\000\051\000\040\000[\0002\000/\0002\000]}{subsection.4.13.2}% 161
\BOOKMARK [3][-]{subsubsection.4.13.2.3}{\376\377\0004\000.\0001\0003\000.\0002\000.\0003\000\040\000\040\000S\000y\000s\000t\000e\000m\000\050\000\051}{subsection.4.13.2}% 162
\BOOKMARK [2][-]{subsection.4.13.3}{\376\377\0004\000.\0001\0003\000.\0003\000\040\000M\000e\000m\000b\000e\000r\000\040\000F\000u\000n\000c\000t\000i\000o\000n\000\040\000D\000o\000c\000u\000m\000e\000n\000t\000a\000t\000i\000o\000n}{section.4.13}% 163
\BOOKMARK [3][-]{subsubsection.4.13.3.1}{\376\377\0004\000.\0001\0003\000.\0003\000.\0001\000\040\000g\000e\000t\000N\000a\000m\000e\000\050\000\051}{subsection.4.13.3}% 164
\BOOKMARK [3][-]{subsubsection.4.13.3.2}{\376\377\0004\000.\0001\0003\000.\0003\000.\0002\000\040\000g\000e\000t\000V\000a\000l\000u\000e\000\050\000\051}{subsection.4.13.3}% 165
\BOOKMARK [3][-]{subsubsection.4.13.3.3}{\376\377\0004\000.\0001\0003\000.\0003\000.\0003\000\040\000o\000p\000e\000r\000a\000t\000o\000r\000*\000\050\000\051\000\040\000[\0001\000/\0002\000]}{subsection.4.13.3}% 166
\BOOKMARK [3][-]{subsubsection.4.13.3.4}{\376\377\0004\000.\0001\0003\000.\0003\000.\0004\000\040\000o\000p\000e\000r\000a\000t\000o\000r\000*\000\050\000\051\000\040\000[\0002\000/\0002\000]}{subsection.4.13.3}% 167
\BOOKMARK [3][-]{subsubsection.4.13.3.5}{\376\377\0004\000.\0001\0003\000.\0003\000.\0005\000\040\000o\000p\000e\000r\000a\000t\000o\000r\000+\000\050\000\051\000\040\000[\0001\000/\0002\000]}{subsection.4.13.3}% 168
\BOOKMARK [3][-]{subsubsection.4.13.3.6}{\376\377\0004\000.\0001\0003\000.\0003\000.\0006\000\040\000o\000p\000e\000r\000a\000t\000o\000r\000+\000\050\000\051\000\040\000[\0002\000/\0002\000]}{subsection.4.13.3}% 169
\BOOKMARK [3][-]{subsubsection.4.13.3.7}{\376\377\0004\000.\0001\0003\000.\0003\000.\0007\000\040\000o\000p\000e\000r\000a\000t\000o\000r\000-\000\050\000\051\000\040\000[\0001\000/\0002\000]}{subsection.4.13.3}% 170
\BOOKMARK [3][-]{subsubsection.4.13.3.8}{\376\377\0004\000.\0001\0003\000.\0003\000.\0008\000\040\000o\000p\000e\000r\000a\000t\000o\000r\000-\000\050\000\051\000\040\000[\0002\000/\0002\000]}{subsection.4.13.3}% 171
\BOOKMARK [3][-]{subsubsection.4.13.3.9}{\376\377\0004\000.\0001\0003\000.\0003\000.\0009\000\040\000o\000p\000e\000r\000a\000t\000o\000r\000/\000\050\000\051\000\040\000[\0001\000/\0002\000]}{subsection.4.13.3}% 172
\BOOKMARK [3][-]{subsubsection.4.13.3.10}{\376\377\0004\000.\0001\0003\000.\0003\000.\0001\0000\000\040\000o\000p\000e\000r\000a\000t\000o\000r\000/\000\050\000\051\000\040\000[\0002\000/\0002\000]}{subsection.4.13.3}% 173
\BOOKMARK [3][-]{subsubsection.4.13.3.11}{\376\377\0004\000.\0001\0003\000.\0003\000.\0001\0001\000\040\000o\000p\000e\000r\000a\000t\000o\000r\000=\000\050\000\051}{subsection.4.13.3}% 174
\BOOKMARK [3][-]{subsubsection.4.13.3.12}{\376\377\0004\000.\0001\0003\000.\0003\000.\0001\0002\000\040\000s\000e\000t\000N\000a\000m\000e\000\050\000\051}{subsection.4.13.3}% 175
\BOOKMARK [3][-]{subsubsection.4.13.3.13}{\376\377\0004\000.\0001\0003\000.\0003\000.\0001\0003\000\040\000s\000e\000t\000V\000a\000l\000u\000e\000\050\000\051}{subsection.4.13.3}% 176
\BOOKMARK [2][-]{subsection.4.13.4}{\376\377\0004\000.\0001\0003\000.\0004\000\040\000F\000r\000i\000e\000n\000d\000s\000\040\000A\000n\000d\000\040\000R\000e\000l\000a\000t\000e\000d\000\040\000F\000u\000n\000c\000t\000i\000o\000n\000\040\000D\000o\000c\000u\000m\000e\000n\000t\000a\000t\000i\000o\000n}{section.4.13}% 177
\BOOKMARK [3][-]{subsubsection.4.13.4.1}{\376\377\0004\000.\0001\0003\000.\0004\000.\0001\000\040\000F\000l\000o\000w}{subsection.4.13.4}% 178
\BOOKMARK [3][-]{subsubsection.4.13.4.2}{\376\377\0004\000.\0001\0003\000.\0004\000.\0002\000\040\000M\000o\000d\000e\000l}{subsection.4.13.4}% 179
\BOOKMARK [3][-]{subsubsection.4.13.4.3}{\376\377\0004\000.\0001\0003\000.\0004\000.\0003\000\040\000U\000n\000i\000t\000S\000y\000s\000t\000e\000m}{subsection.4.13.4}% 180
\BOOKMARK [2][-]{subsection.4.13.5}{\376\377\0004\000.\0001\0003\000.\0005\000\040\000M\000e\000m\000b\000e\000r\000\040\000D\000a\000t\000a\000\040\000D\000o\000c\000u\000m\000e\000n\000t\000a\000t\000i\000o\000n}{section.4.13}% 181
\BOOKMARK [3][-]{subsubsection.4.13.5.1}{\376\377\0004\000.\0001\0003\000.\0005\000.\0001\000\040\000n\000a\000m\000e}{subsection.4.13.5}% 182
\BOOKMARK [3][-]{subsubsection.4.13.5.2}{\376\377\0004\000.\0001\0003\000.\0005\000.\0002\000\040\000v\000a\000l\000u\000e}{subsection.4.13.5}% 183
\BOOKMARK [1][-]{section.4.14}{\376\377\0004\000.\0001\0004\000\040\000S\000y\000s\000t\000e\000m\000I\000n\000t\000e\000r\000f\000a\000c\000e\000\040\000C\000l\000a\000s\000s\000\040\000R\000e\000f\000e\000r\000e\000n\000c\000e}{chapter.4}% 184
\BOOKMARK [2][-]{subsection.4.14.1}{\376\377\0004\000.\0001\0004\000.\0001\000\040\000D\000e\000t\000a\000i\000l\000e\000d\000\040\000D\000e\000s\000c\000r\000i\000p\000t\000i\000o\000n}{section.4.14}% 185
\BOOKMARK [2][-]{subsection.4.14.2}{\376\377\0004\000.\0001\0004\000.\0002\000\040\000C\000o\000n\000s\000t\000r\000u\000c\000t\000o\000r\000\040\000\046\000\040\000D\000e\000s\000t\000r\000u\000c\000t\000o\000r\000\040\000D\000o\000c\000u\000m\000e\000n\000t\000a\000t\000i\000o\000n}{section.4.14}% 186
\BOOKMARK [3][-]{subsubsection.4.14.2.1}{\376\377\0004\000.\0001\0004\000.\0002\000.\0001\000\040\000\040\000S\000y\000s\000t\000e\000m\000I\000n\000t\000e\000r\000f\000a\000c\000e\000\050\000\051}{subsection.4.14.2}% 187
\BOOKMARK [2][-]{subsection.4.14.3}{\376\377\0004\000.\0001\0004\000.\0003\000\040\000M\000e\000m\000b\000e\000r\000\040\000F\000u\000n\000c\000t\000i\000o\000n\000\040\000D\000o\000c\000u\000m\000e\000n\000t\000a\000t\000i\000o\000n}{section.4.14}% 188
\BOOKMARK [3][-]{subsubsection.4.14.3.1}{\376\377\0004\000.\0001\0004\000.\0003\000.\0001\000\040\000g\000e\000t\000N\000a\000m\000e\000\050\000\051}{subsection.4.14.3}% 189
\BOOKMARK [3][-]{subsubsection.4.14.3.2}{\376\377\0004\000.\0001\0004\000.\0003\000.\0002\000\040\000g\000e\000t\000V\000a\000l\000u\000e\000\050\000\051}{subsection.4.14.3}% 190
\BOOKMARK [3][-]{subsubsection.4.14.3.3}{\376\377\0004\000.\0001\0004\000.\0003\000.\0003\000\040\000o\000p\000e\000r\000a\000t\000o\000r\000*\000\050\000\051\000\040\000[\0001\000/\0002\000]}{subsection.4.14.3}% 191
\BOOKMARK [3][-]{subsubsection.4.14.3.4}{\376\377\0004\000.\0001\0004\000.\0003\000.\0004\000\040\000o\000p\000e\000r\000a\000t\000o\000r\000*\000\050\000\051\000\040\000[\0002\000/\0002\000]}{subsection.4.14.3}% 192
\BOOKMARK [3][-]{subsubsection.4.14.3.5}{\376\377\0004\000.\0001\0004\000.\0003\000.\0005\000\040\000o\000p\000e\000r\000a\000t\000o\000r\000+\000\050\000\051\000\040\000[\0001\000/\0002\000]}{subsection.4.14.3}% 193
\BOOKMARK [3][-]{subsubsection.4.14.3.6}{\376\377\0004\000.\0001\0004\000.\0003\000.\0006\000\040\000o\000p\000e\000r\000a\000t\000o\000r\000+\000\050\000\051\000\040\000[\0002\000/\0002\000]}{subsection.4.14.3}% 194
\BOOKMARK [3][-]{subsubsection.4.14.3.7}{\376\377\0004\000.\0001\0004\000.\0003\000.\0007\000\040\000o\000p\000e\000r\000a\000t\000o\000r\000-\000\050\000\051\000\040\000[\0001\000/\0002\000]}{subsection.4.14.3}% 195
\BOOKMARK [3][-]{subsubsection.4.14.3.8}{\376\377\0004\000.\0001\0004\000.\0003\000.\0008\000\040\000o\000p\000e\000r\000a\000t\000o\000r\000-\000\050\000\051\000\040\000[\0002\000/\0002\000]}{subsection.4.14.3}% 196
\BOOKMARK [3][-]{subsubsection.4.14.3.9}{\376\377\0004\000.\0001\0004\000.\0003\000.\0009\000\040\000o\000p\000e\000r\000a\000t\000o\000r\000/\000\050\000\051\000\040\000[\0001\000/\0002\000]}{subsection.4.14.3}% 197
\BOOKMARK [3][-]{subsubsection.4.14.3.10}{\376\377\0004\000.\0001\0004\000.\0003\000.\0001\0000\000\040\000o\000p\000e\000r\000a\000t\000o\000r\000/\000\050\000\051\000\040\000[\0002\000/\0002\000]}{subsection.4.14.3}% 198
\BOOKMARK [3][-]{subsubsection.4.14.3.11}{\376\377\0004\000.\0001\0004\000.\0003\000.\0001\0001\000\040\000s\000e\000t\000N\000a\000m\000e\000\050\000\051}{subsection.4.14.3}% 199
\BOOKMARK [3][-]{subsubsection.4.14.3.12}{\376\377\0004\000.\0001\0004\000.\0003\000.\0001\0002\000\040\000s\000e\000t\000V\000a\000l\000u\000e\000\050\000\051}{subsection.4.14.3}% 200
\BOOKMARK [1][-]{section.4.15}{\376\377\0004\000.\0001\0005\000\040\000U\000n\000i\000t\000F\000l\000o\000w\000\040\000C\000l\000a\000s\000s\000\040\000R\000e\000f\000e\000r\000e\000n\000c\000e}{chapter.4}% 201
\BOOKMARK [2][-]{subsection.4.15.1}{\376\377\0004\000.\0001\0005\000.\0001\000\040\000D\000e\000t\000a\000i\000l\000e\000d\000\040\000D\000e\000s\000c\000r\000i\000p\000t\000i\000o\000n}{section.4.15}% 202
\BOOKMARK [2][-]{subsection.4.15.2}{\376\377\0004\000.\0001\0005\000.\0002\000\040\000C\000o\000n\000s\000t\000r\000u\000c\000t\000o\000r\000\040\000\046\000\040\000D\000e\000s\000t\000r\000u\000c\000t\000o\000r\000\040\000D\000o\000c\000u\000m\000e\000n\000t\000a\000t\000i\000o\000n}{section.4.15}% 203
\BOOKMARK [3][-]{subsubsection.4.15.2.1}{\376\377\0004\000.\0001\0005\000.\0002\000.\0001\000\040\000U\000n\000i\000t\000F\000l\000o\000w\000\050\000\051}{subsection.4.15.2}% 204
\BOOKMARK [3][-]{subsubsection.4.15.2.2}{\376\377\0004\000.\0001\0005\000.\0002\000.\0002\000\040\000\040\000U\000n\000i\000t\000F\000l\000o\000w\000\050\000\051}{subsection.4.15.2}% 205
\BOOKMARK [2][-]{subsection.4.15.3}{\376\377\0004\000.\0001\0005\000.\0003\000\040\000M\000e\000m\000b\000e\000r\000\040\000F\000u\000n\000c\000t\000i\000o\000n\000\040\000D\000o\000c\000u\000m\000e\000n\000t\000a\000t\000i\000o\000n}{section.4.15}% 206
\BOOKMARK [3][-]{subsubsection.4.15.3.1}{\376\377\0004\000.\0001\0005\000.\0003\000.\0001\000\040\000u\000n\000i\000t\000\137\000f\000l\000o\000w\000\137\000a\000s\000s\000i\000n\000g\000m\000e\000n\000t\000O\000p\000e\000r\000a\000t\000o\000r\000\050\000\051}{subsection.4.15.3}% 207
\BOOKMARK [3][-]{subsubsection.4.15.3.2}{\376\377\0004\000.\0001\0005\000.\0003\000.\0002\000\040\000u\000n\000i\000t\000\137\000f\000l\000o\000w\000\137\000c\000o\000p\000y\000\137\000c\000o\000n\000s\000t\000r\000u\000c\000t\000o\000r\000\050\000\051}{subsection.4.15.3}% 208
\BOOKMARK [1][-]{section.4.16}{\376\377\0004\000.\0001\0006\000\040\000U\000n\000i\000t\000S\000y\000s\000t\000e\000m\000\040\000C\000l\000a\000s\000s\000\040\000R\000e\000f\000e\000r\000e\000n\000c\000e}{chapter.4}% 209
\BOOKMARK [2][-]{subsection.4.16.1}{\376\377\0004\000.\0001\0006\000.\0001\000\040\000D\000e\000t\000a\000i\000l\000e\000d\000\040\000D\000e\000s\000c\000r\000i\000p\000t\000i\000o\000n}{section.4.16}% 210
\BOOKMARK [2][-]{subsection.4.16.2}{\376\377\0004\000.\0001\0006\000.\0002\000\040\000C\000o\000n\000s\000t\000r\000u\000c\000t\000o\000r\000\040\000\046\000\040\000D\000e\000s\000t\000r\000u\000c\000t\000o\000r\000\040\000D\000o\000c\000u\000m\000e\000n\000t\000a\000t\000i\000o\000n}{section.4.16}% 211
\BOOKMARK [3][-]{subsubsection.4.16.2.1}{\376\377\0004\000.\0001\0006\000.\0002\000.\0001\000\040\000U\000n\000i\000t\000S\000y\000s\000t\000e\000m\000\050\000\051}{subsection.4.16.2}% 212
\BOOKMARK [3][-]{subsubsection.4.16.2.2}{\376\377\0004\000.\0001\0006\000.\0002\000.\0002\000\040\000\040\000U\000n\000i\000t\000S\000y\000s\000t\000e\000m\000\050\000\051}{subsection.4.16.2}% 213
\BOOKMARK [2][-]{subsection.4.16.3}{\376\377\0004\000.\0001\0006\000.\0003\000\040\000M\000e\000m\000b\000e\000r\000\040\000F\000u\000n\000c\000t\000i\000o\000n\000\040\000D\000o\000c\000u\000m\000e\000n\000t\000a\000t\000i\000o\000n}{section.4.16}% 214
\BOOKMARK [3][-]{subsubsection.4.16.3.1}{\376\377\0004\000.\0001\0006\000.\0003\000.\0001\000\040\000u\000n\000i\000t\000\137\000s\000y\000s\000t\000e\000m\000\137\000a\000s\000s\000i\000n\000g\000m\000e\000n\000t\000O\000p\000e\000r\000a\000t\000o\000r\000\050\000\051}{subsection.4.16.3}% 215
\BOOKMARK [3][-]{subsubsection.4.16.3.2}{\376\377\0004\000.\0001\0006\000.\0003\000.\0002\000\040\000u\000n\000i\000t\000\137\000s\000y\000s\000t\000e\000m\000\137\000c\000o\000p\000y\000\137\000c\000o\000n\000s\000t\000r\000u\000c\000t\000o\000r\000\050\000\051}{subsection.4.16.3}% 216
\BOOKMARK [0][-]{chapter.5}{\376\377\0005\000\040\000F\000i\000l\000e\000\040\000D\000o\000c\000u\000m\000e\000n\000t\000a\000t\000i\000o\000n}{}% 217
\BOOKMARK [1][-]{section.5.1}{\376\377\0005\000.\0001\000\040\000s\000r\000c\000/\000f\000l\000o\000w\000.\000c\000p\000p\000\040\000F\000i\000l\000e\000\040\000R\000e\000f\000e\000r\000e\000n\000c\000e}{chapter.5}% 218
\BOOKMARK [1][-]{section.5.2}{\376\377\0005\000.\0002\000\040\000f\000l\000o\000w\000.\000c\000p\000p}{chapter.5}% 219
\BOOKMARK [1][-]{section.5.3}{\376\377\0005\000.\0003\000\040\000s\000r\000c\000/\000f\000l\000o\000w\000.\000h\000\040\000F\000i\000l\000e\000\040\000R\000e\000f\000e\000r\000e\000n\000c\000e}{chapter.5}% 220
\BOOKMARK [1][-]{section.5.4}{\376\377\0005\000.\0004\000\040\000f\000l\000o\000w\000.\000h}{chapter.5}% 221
\BOOKMARK [1][-]{section.5.5}{\376\377\0005\000.\0005\000\040\000s\000r\000c\000/\000f\000l\000o\000w\000i\000n\000t\000e\000r\000f\000a\000c\000e\000.\000h\000\040\000F\000i\000l\000e\000\040\000R\000e\000f\000e\000r\000e\000n\000c\000e}{chapter.5}% 222
\BOOKMARK [1][-]{section.5.6}{\376\377\0005\000.\0006\000\040\000f\000l\000o\000w\000i\000n\000t\000e\000r\000f\000a\000c\000e\000.\000h}{chapter.5}% 223
\BOOKMARK [1][-]{section.5.7}{\376\377\0005\000.\0007\000\040\000s\000r\000c\000/\000m\000o\000d\000e\000l\000.\000c\000p\000p\000\040\000F\000i\000l\000e\000\040\000R\000e\000f\000e\000r\000e\000n\000c\000e}{chapter.5}% 224
\BOOKMARK [1][-]{section.5.8}{\376\377\0005\000.\0008\000\040\000m\000o\000d\000e\000l\000.\000c\000p\000p}{chapter.5}% 225
\BOOKMARK [1][-]{section.5.9}{\376\377\0005\000.\0009\000\040\000s\000r\000c\000/\000m\000o\000d\000e\000l\000.\000h\000\040\000F\000i\000l\000e\000\040\000R\000e\000f\000e\000r\000e\000n\000c\000e}{chapter.5}% 226
\BOOKMARK [1][-]{section.5.10}{\376\377\0005\000.\0001\0000\000\040\000m\000o\000d\000e\000l\000.\000h}{chapter.5}% 227
\BOOKMARK [1][-]{section.5.11}{\376\377\0005\000.\0001\0001\000\040\000s\000r\000c\000/\000m\000o\000d\000e\000l\000i\000n\000t\000e\000r\000f\000a\000c\000e\000.\000h\000\040\000F\000i\000l\000e\000\040\000R\000e\000f\000e\000r\000e\000n\000c\000e}{chapter.5}% 228
\BOOKMARK [1][-]{section.5.12}{\376\377\0005\000.\0001\0002\000\040\000m\000o\000d\000e\000l\000i\000n\000t\000e\000r\000f\000a\000c\000e\000.\000h}{chapter.5}% 229
\BOOKMARK [1][-]{section.5.13}{\376\377\0005\000.\0001\0003\000\040\000s\000r\000c\000/\000s\000y\000s\000t\000e\000m\000.\000c\000p\000p\000\040\000F\000i\000l\000e\000\040\000R\000e\000f\000e\000r\000e\000n\000c\000e}{chapter.5}% 230
\BOOKMARK [2][-]{subsection.5.13.1}{\376\377\0005\000.\0001\0003\000.\0001\000\040\000F\000u\000n\000c\000t\000i\000o\000n\000\040\000D\000o\000c\000u\000m\000e\000n\000t\000a\000t\000i\000o\000n}{section.5.13}% 231
\BOOKMARK [3][-]{subsubsection.5.13.1.1}{\376\377\0005\000.\0001\0003\000.\0001\000.\0001\000\040\000o\000p\000e\000r\000a\000t\000o\000r\000*\000\050\000\051}{subsection.5.13.1}% 232
\BOOKMARK [3][-]{subsubsection.5.13.1.2}{\376\377\0005\000.\0001\0003\000.\0001\000.\0002\000\040\000o\000p\000e\000r\000a\000t\000o\000r\000+\000\050\000\051}{subsection.5.13.1}% 233
\BOOKMARK [3][-]{subsubsection.5.13.1.3}{\376\377\0005\000.\0001\0003\000.\0001\000.\0003\000\040\000o\000p\000e\000r\000a\000t\000o\000r\000-\000\050\000\051}{subsection.5.13.1}% 234
\BOOKMARK [3][-]{subsubsection.5.13.1.4}{\376\377\0005\000.\0001\0003\000.\0001\000.\0004\000\040\000o\000p\000e\000r\000a\000t\000o\000r\000/\000\050\000\051}{subsection.5.13.1}% 235
\BOOKMARK [1][-]{section.5.14}{\376\377\0005\000.\0001\0004\000\040\000s\000y\000s\000t\000e\000m\000.\000c\000p\000p}{chapter.5}% 236
\BOOKMARK [1][-]{section.5.15}{\376\377\0005\000.\0001\0005\000\040\000s\000r\000c\000/\000s\000y\000s\000t\000e\000m\000.\000h\000\040\000F\000i\000l\000e\000\040\000R\000e\000f\000e\000r\000e\000n\000c\000e}{chapter.5}% 237
\BOOKMARK [2][-]{subsection.5.15.1}{\376\377\0005\000.\0001\0005\000.\0001\000\040\000F\000u\000n\000c\000t\000i\000o\000n\000\040\000D\000o\000c\000u\000m\000e\000n\000t\000a\000t\000i\000o\000n}{section.5.15}% 238
\BOOKMARK [3][-]{subsubsection.5.15.1.1}{\376\377\0005\000.\0001\0005\000.\0001\000.\0001\000\040\000o\000p\000e\000r\000a\000t\000o\000r\000*\000\050\000\051}{subsection.5.15.1}% 239
\BOOKMARK [3][-]{subsubsection.5.15.1.2}{\376\377\0005\000.\0001\0005\000.\0001\000.\0002\000\040\000o\000p\000e\000r\000a\000t\000o\000r\000+\000\050\000\051}{subsection.5.15.1}% 240
\BOOKMARK [3][-]{subsubsection.5.15.1.3}{\376\377\0005\000.\0001\0005\000.\0001\000.\0003\000\040\000o\000p\000e\000r\000a\000t\000o\000r\000-\000\050\000\051}{subsection.5.15.1}% 241
\BOOKMARK [3][-]{subsubsection.5.15.1.4}{\376\377\0005\000.\0001\0005\000.\0001\000.\0004\000\040\000o\000p\000e\000r\000a\000t\000o\000r\000/\000\050\000\051}{subsection.5.15.1}% 242
\BOOKMARK [1][-]{section.5.16}{\376\377\0005\000.\0001\0006\000\040\000s\000y\000s\000t\000e\000m\000.\000h}{chapter.5}% 243
\BOOKMARK [1][-]{section.5.17}{\376\377\0005\000.\0001\0007\000\040\000s\000r\000c\000/\000s\000y\000s\000t\000e\000m\000i\000n\000t\000e\000r\000f\000a\000c\000e\000.\000h\000\040\000F\000i\000l\000e\000\040\000R\000e\000f\000e\000r\000e\000n\000c\000e}{chapter.5}% 244
\BOOKMARK [1][-]{section.5.18}{\376\377\0005\000.\0001\0008\000\040\000s\000y\000s\000t\000e\000m\000i\000n\000t\000e\000r\000f\000a\000c\000e\000.\000h}{chapter.5}% 245
\BOOKMARK [1][-]{section.5.19}{\376\377\0005\000.\0001\0009\000\040\000t\000e\000s\000t\000/\000f\000u\000n\000c\000i\000o\000n\000a\000l\000/\000f\000u\000n\000c\000i\000o\000n\000a\000l\000\137\000t\000e\000s\000t\000s\000.\000c\000p\000p\000\040\000F\000i\000l\000e\000\040\000R\000e\000f\000e\000r\000e\000n\000c\000e}{chapter.5}% 246
\BOOKMARK [2][-]{subsection.5.19.1}{\376\377\0005\000.\0001\0009\000.\0001\000\040\000F\000u\000n\000c\000t\000i\000o\000n\000\040\000D\000o\000c\000u\000m\000e\000n\000t\000a\000t\000i\000o\000n}{section.5.19}% 247
\BOOKMARK [3][-]{subsubsection.5.19.1.1}{\376\377\0005\000.\0001\0009\000.\0001\000.\0001\000\040\000c\000o\000m\000p\000l\000e\000x\000F\000u\000n\000c\000i\000o\000n\000a\000l\000T\000e\000s\000t\000\050\000\051}{subsection.5.19.1}% 248
\BOOKMARK [3][-]{subsubsection.5.19.1.2}{\376\377\0005\000.\0001\0009\000.\0001\000.\0002\000\040\000e\000x\000p\000o\000n\000e\000n\000t\000i\000a\000l\000F\000u\000n\000c\000i\000o\000n\000a\000l\000T\000e\000s\000t\000\050\000\051}{subsection.5.19.1}% 249
\BOOKMARK [3][-]{subsubsection.5.19.1.3}{\376\377\0005\000.\0001\0009\000.\0001\000.\0003\000\040\000l\000o\000g\000i\000s\000t\000i\000c\000a\000l\000F\000u\000n\000c\000i\000o\000n\000a\000l\000T\000e\000s\000t\000\050\000\051}{subsection.5.19.1}% 250
\BOOKMARK [1][-]{section.5.20}{\376\377\0005\000.\0002\0000\000\040\000f\000u\000n\000c\000i\000o\000n\000a\000l\000\137\000t\000e\000s\000t\000s\000.\000c\000p\000p}{chapter.5}% 251
\BOOKMARK [1][-]{section.5.21}{\376\377\0005\000.\0002\0001\000\040\000t\000e\000s\000t\000/\000f\000u\000n\000c\000i\000o\000n\000a\000l\000/\000f\000u\000n\000c\000i\000o\000n\000a\000l\000\137\000t\000e\000s\000t\000s\000.\000h\000\040\000F\000i\000l\000e\000\040\000R\000e\000f\000e\000r\000e\000n\000c\000e}{chapter.5}% 252
\BOOKMARK [2][-]{subsection.5.21.1}{\376\377\0005\000.\0002\0001\000.\0001\000\040\000F\000u\000n\000c\000t\000i\000o\000n\000\040\000D\000o\000c\000u\000m\000e\000n\000t\000a\000t\000i\000o\000n}{section.5.21}% 253
\BOOKMARK [3][-]{subsubsection.5.21.1.1}{\376\377\0005\000.\0002\0001\000.\0001\000.\0001\000\040\000c\000o\000m\000p\000l\000e\000x\000F\000u\000n\000c\000i\000o\000n\000a\000l\000T\000e\000s\000t\000\050\000\051}{subsection.5.21.1}% 254
\BOOKMARK [3][-]{subsubsection.5.21.1.2}{\376\377\0005\000.\0002\0001\000.\0001\000.\0002\000\040\000e\000x\000p\000o\000n\000e\000n\000t\000i\000a\000l\000F\000u\000n\000c\000i\000o\000n\000a\000l\000T\000e\000s\000t\000\050\000\051}{subsection.5.21.1}% 255
\BOOKMARK [3][-]{subsubsection.5.21.1.3}{\376\377\0005\000.\0002\0001\000.\0001\000.\0003\000\040\000l\000o\000g\000i\000s\000t\000i\000c\000a\000l\000F\000u\000n\000c\000i\000o\000n\000a\000l\000T\000e\000s\000t\000\050\000\051}{subsection.5.21.1}% 256
\BOOKMARK [1][-]{section.5.22}{\376\377\0005\000.\0002\0002\000\040\000f\000u\000n\000c\000i\000o\000n\000a\000l\000\137\000t\000e\000s\000t\000s\000.\000h}{chapter.5}% 257
\BOOKMARK [1][-]{section.5.23}{\376\377\0005\000.\0002\0003\000\040\000t\000e\000s\000t\000/\000f\000u\000n\000c\000i\000o\000n\000a\000l\000/\000m\000a\000i\000n\000.\000c\000p\000p\000\040\000F\000i\000l\000e\000\040\000R\000e\000f\000e\000r\000e\000n\000c\000e}{chapter.5}% 258
\BOOKMARK [2][-]{subsection.5.23.1}{\376\377\0005\000.\0002\0003\000.\0001\000\040\000F\000u\000n\000c\000t\000i\000o\000n\000\040\000D\000o\000c\000u\000m\000e\000n\000t\000a\000t\000i\000o\000n}{section.5.23}% 259
\BOOKMARK [3][-]{subsubsection.5.23.1.1}{\376\377\0005\000.\0002\0003\000.\0001\000.\0001\000\040\000m\000a\000i\000n\000\050\000\051}{subsection.5.23.1}% 260
\BOOKMARK [1][-]{section.5.24}{\376\377\0005\000.\0002\0004\000\040\000m\000a\000i\000n\000.\000c\000p\000p}{chapter.5}% 261
\BOOKMARK [1][-]{section.5.25}{\376\377\0005\000.\0002\0005\000\040\000t\000e\000s\000t\000/\000u\000n\000i\000t\000/\000m\000a\000i\000n\000.\000c\000p\000p\000\040\000F\000i\000l\000e\000\040\000R\000e\000f\000e\000r\000e\000n\000c\000e}{chapter.5}% 262
\BOOKMARK [2][-]{subsection.5.25.1}{\376\377\0005\000.\0002\0005\000.\0001\000\040\000M\000a\000c\000r\000o\000\040\000D\000e\000f\000i\000n\000i\000t\000i\000o\000n\000\040\000D\000o\000c\000u\000m\000e\000n\000t\000a\000t\000i\000o\000n}{section.5.25}% 263
\BOOKMARK [3][-]{subsubsection.5.25.1.1}{\376\377\0005\000.\0002\0005\000.\0001\000.\0001\000\040\000M\000A\000I\000N\000\137\000U\000N\000I\000T\000\137\000T\000E\000S\000T\000S}{subsection.5.25.1}% 264
\BOOKMARK [2][-]{subsection.5.25.2}{\376\377\0005\000.\0002\0005\000.\0002\000\040\000F\000u\000n\000c\000t\000i\000o\000n\000\040\000D\000o\000c\000u\000m\000e\000n\000t\000a\000t\000i\000o\000n}{section.5.25}% 265
\BOOKMARK [3][-]{subsubsection.5.25.2.1}{\376\377\0005\000.\0002\0005\000.\0002\000.\0001\000\040\000m\000a\000i\000n\000\050\000\051}{subsection.5.25.2}% 266
\BOOKMARK [1][-]{section.5.26}{\376\377\0005\000.\0002\0006\000\040\000m\000a\000i\000n\000.\000c\000p\000p}{chapter.5}% 267
\BOOKMARK [1][-]{section.5.27}{\376\377\0005\000.\0002\0007\000\040\000t\000e\000s\000t\000/\000u\000n\000i\000t\000/\000m\000e\000m\000\137\000u\000s\000a\000g\000e\000.\000c\000p\000p\000\040\000F\000i\000l\000e\000\040\000R\000e\000f\000e\000r\000e\000n\000c\000e}{chapter.5}% 268
\BOOKMARK [2][-]{subsection.5.27.1}{\376\377\0005\000.\0002\0007\000.\0001\000\040\000F\000u\000n\000c\000t\000i\000o\000n\000\040\000D\000o\000c\000u\000m\000e\000n\000t\000a\000t\000i\000o\000n}{section.5.27}% 269
\BOOKMARK [3][-]{subsubsection.5.27.1.1}{\376\377\0005\000.\0002\0007\000.\0001\000.\0001\000\040\000m\000e\000m\000o\000r\000y\000\137\000u\000s\000a\000g\000e\000\050\000\051}{subsection.5.27.1}% 270
\BOOKMARK [1][-]{section.5.28}{\376\377\0005\000.\0002\0008\000\040\000m\000e\000m\000\137\000u\000s\000a\000g\000e\000.\000c\000p\000p}{chapter.5}% 271
\BOOKMARK [1][-]{section.5.29}{\376\377\0005\000.\0002\0009\000\040\000t\000e\000s\000t\000/\000u\000n\000i\000t\000/\000m\000e\000m\000\137\000u\000s\000a\000g\000e\000.\000h\000\040\000F\000i\000l\000e\000\040\000R\000e\000f\000e\000r\000e\000n\000c\000e}{chapter.5}% 272
\BOOKMARK [2][-]{subsection.5.29.1}{\376\377\0005\000.\0002\0009\000.\0001\000\040\000F\000u\000n\000c\000t\000i\000o\000n\000\040\000D\000o\000c\000u\000m\000e\000n\000t\000a\000t\000i\000o\000n}{section.5.29}% 273
\BOOKMARK [3][-]{subsubsection.5.29.1.1}{\376\377\0005\000.\0002\0009\000.\0001\000.\0001\000\040\000m\000e\000m\000o\000r\000y\000\137\000u\000s\000a\000g\000e\000\050\000\051}{subsection.5.29.1}% 274
\BOOKMARK [1][-]{section.5.30}{\376\377\0005\000.\0003\0000\000\040\000m\000e\000m\000\137\000u\000s\000a\000g\000e\000.\000h}{chapter.5}% 275
\BOOKMARK [1][-]{section.5.31}{\376\377\0005\000.\0003\0001\000\040\000t\000e\000s\000t\000/\000u\000n\000i\000t\000/\000u\000n\000i\000t\000\137\000f\000l\000o\000w\000.\000c\000p\000p\000\040\000F\000i\000l\000e\000\040\000R\000e\000f\000e\000r\000e\000n\000c\000e}{chapter.5}% 276
\BOOKMARK [2][-]{subsection.5.31.1}{\376\377\0005\000.\0003\0001\000.\0001\000\040\000F\000u\000n\000c\000t\000i\000o\000n\000\040\000D\000o\000c\000u\000m\000e\000n\000t\000a\000t\000i\000o\000n}{section.5.31}% 277
\BOOKMARK [3][-]{subsubsection.5.31.1.1}{\376\377\0005\000.\0003\0001\000.\0001\000.\0001\000\040\000r\000u\000n\000\137\000u\000n\000i\000t\000\137\000t\000e\000s\000t\000s\000\137\000f\000l\000o\000w\000\050\000\051}{subsection.5.31.1}% 278
\BOOKMARK [3][-]{subsubsection.5.31.1.2}{\376\377\0005\000.\0003\0001\000.\0001\000.\0002\000\040\000u\000n\000i\000t\000\137\000f\000l\000o\000w\000\137\000c\000l\000e\000a\000r\000S\000o\000u\000r\000c\000e\000\050\000\051}{subsection.5.31.1}% 279
\BOOKMARK [3][-]{subsubsection.5.31.1.3}{\376\377\0005\000.\0003\0001\000.\0001\000.\0003\000\040\000u\000n\000i\000t\000\137\000f\000l\000o\000w\000\137\000c\000l\000e\000a\000r\000T\000a\000r\000g\000e\000t\000\050\000\051}{subsection.5.31.1}% 280
\BOOKMARK [3][-]{subsubsection.5.31.1.4}{\376\377\0005\000.\0003\0001\000.\0001\000.\0004\000\040\000u\000n\000i\000t\000\137\000f\000l\000o\000w\000\137\000c\000o\000n\000s\000t\000r\000u\000c\000t\000o\000r\000\050\000\051}{subsection.5.31.1}% 281
\BOOKMARK [3][-]{subsubsection.5.31.1.5}{\376\377\0005\000.\0003\0001\000.\0001\000.\0005\000\040\000u\000n\000i\000t\000\137\000f\000l\000o\000w\000\137\000d\000e\000s\000t\000r\000u\000c\000t\000o\000r\000\050\000\051}{subsection.5.31.1}% 282
\BOOKMARK [3][-]{subsubsection.5.31.1.6}{\376\377\0005\000.\0003\0001\000.\0001\000.\0006\000\040\000u\000n\000i\000t\000\137\000f\000l\000o\000w\000\137\000e\000x\000e\000c\000u\000t\000e\000\050\000\051}{subsection.5.31.1}% 283
\BOOKMARK [3][-]{subsubsection.5.31.1.7}{\376\377\0005\000.\0003\0001\000.\0001\000.\0007\000\040\000u\000n\000i\000t\000\137\000f\000l\000o\000w\000\137\000g\000e\000t\000N\000a\000m\000e\000\050\000\051}{subsection.5.31.1}% 284
\BOOKMARK [3][-]{subsubsection.5.31.1.8}{\376\377\0005\000.\0003\0001\000.\0001\000.\0008\000\040\000u\000n\000i\000t\000\137\000f\000l\000o\000w\000\137\000g\000e\000t\000S\000o\000u\000r\000c\000e\000\050\000\051}{subsection.5.31.1}% 285
\BOOKMARK [3][-]{subsubsection.5.31.1.9}{\376\377\0005\000.\0003\0001\000.\0001\000.\0009\000\040\000u\000n\000i\000t\000\137\000f\000l\000o\000w\000\137\000g\000e\000t\000T\000a\000r\000g\000e\000t\000\050\000\051}{subsection.5.31.1}% 286
\BOOKMARK [3][-]{subsubsection.5.31.1.10}{\376\377\0005\000.\0003\0001\000.\0001\000.\0001\0000\000\040\000u\000n\000i\000t\000\137\000f\000l\000o\000w\000\137\000s\000e\000t\000N\000a\000m\000e\000\050\000\051}{subsection.5.31.1}% 287
\BOOKMARK [3][-]{subsubsection.5.31.1.11}{\376\377\0005\000.\0003\0001\000.\0001\000.\0001\0001\000\040\000u\000n\000i\000t\000\137\000f\000l\000o\000w\000\137\000s\000e\000t\000S\000o\000u\000r\000c\000e\000\050\000\051}{subsection.5.31.1}% 288
\BOOKMARK [3][-]{subsubsection.5.31.1.12}{\376\377\0005\000.\0003\0001\000.\0001\000.\0001\0002\000\040\000u\000n\000i\000t\000\137\000f\000l\000o\000w\000\137\000s\000e\000t\000T\000a\000r\000g\000e\000t\000\050\000\051}{subsection.5.31.1}% 289
\BOOKMARK [1][-]{section.5.32}{\376\377\0005\000.\0003\0002\000\040\000u\000n\000i\000t\000\137\000f\000l\000o\000w\000.\000c\000p\000p}{chapter.5}% 290
\BOOKMARK [1][-]{section.5.33}{\376\377\0005\000.\0003\0003\000\040\000t\000e\000s\000t\000/\000u\000n\000i\000t\000/\000u\000n\000i\000t\000\137\000f\000l\000o\000w\000.\000h\000\040\000F\000i\000l\000e\000\040\000R\000e\000f\000e\000r\000e\000n\000c\000e}{chapter.5}% 291
\BOOKMARK [2][-]{subsection.5.33.1}{\376\377\0005\000.\0003\0003\000.\0001\000\040\000M\000a\000c\000r\000o\000\040\000D\000e\000f\000i\000n\000i\000t\000i\000o\000n\000\040\000D\000o\000c\000u\000m\000e\000n\000t\000a\000t\000i\000o\000n}{section.5.33}% 292
\BOOKMARK [3][-]{subsubsection.5.33.1.1}{\376\377\0005\000.\0003\0003\000.\0001\000.\0001\000\040\000G\000R\000E\000E\000N}{subsection.5.33.1}% 293
\BOOKMARK [3][-]{subsubsection.5.33.1.2}{\376\377\0005\000.\0003\0003\000.\0001\000.\0002\000\040\000R\000E\000S\000E\000T}{subsection.5.33.1}% 294
\BOOKMARK [2][-]{subsection.5.33.2}{\376\377\0005\000.\0003\0003\000.\0002\000\040\000F\000u\000n\000c\000t\000i\000o\000n\000\040\000D\000o\000c\000u\000m\000e\000n\000t\000a\000t\000i\000o\000n}{section.5.33}% 295
\BOOKMARK [3][-]{subsubsection.5.33.2.1}{\376\377\0005\000.\0003\0003\000.\0002\000.\0001\000\040\000r\000u\000n\000\137\000u\000n\000i\000t\000\137\000t\000e\000s\000t\000s\000\137\000f\000l\000o\000w\000\050\000\051}{subsection.5.33.2}% 296
\BOOKMARK [3][-]{subsubsection.5.33.2.2}{\376\377\0005\000.\0003\0003\000.\0002\000.\0002\000\040\000u\000n\000i\000t\000\137\000f\000l\000o\000w\000\137\000c\000l\000e\000a\000r\000S\000o\000u\000r\000c\000e\000\050\000\051}{subsection.5.33.2}% 297
\BOOKMARK [3][-]{subsubsection.5.33.2.3}{\376\377\0005\000.\0003\0003\000.\0002\000.\0003\000\040\000u\000n\000i\000t\000\137\000f\000l\000o\000w\000\137\000c\000l\000e\000a\000r\000T\000a\000r\000g\000e\000t\000\050\000\051}{subsection.5.33.2}% 298
\BOOKMARK [3][-]{subsubsection.5.33.2.4}{\376\377\0005\000.\0003\0003\000.\0002\000.\0004\000\040\000u\000n\000i\000t\000\137\000f\000l\000o\000w\000\137\000c\000o\000n\000s\000t\000r\000u\000c\000t\000o\000r\000\050\000\051}{subsection.5.33.2}% 299
\BOOKMARK [3][-]{subsubsection.5.33.2.5}{\376\377\0005\000.\0003\0003\000.\0002\000.\0005\000\040\000u\000n\000i\000t\000\137\000f\000l\000o\000w\000\137\000d\000e\000s\000t\000r\000u\000c\000t\000o\000r\000\050\000\051}{subsection.5.33.2}% 300
\BOOKMARK [3][-]{subsubsection.5.33.2.6}{\376\377\0005\000.\0003\0003\000.\0002\000.\0006\000\040\000u\000n\000i\000t\000\137\000f\000l\000o\000w\000\137\000e\000x\000e\000c\000u\000t\000e\000\050\000\051}{subsection.5.33.2}% 301
\BOOKMARK [3][-]{subsubsection.5.33.2.7}{\376\377\0005\000.\0003\0003\000.\0002\000.\0007\000\040\000u\000n\000i\000t\000\137\000f\000l\000o\000w\000\137\000g\000e\000t\000N\000a\000m\000e\000\050\000\051}{subsection.5.33.2}% 302
\BOOKMARK [3][-]{subsubsection.5.33.2.8}{\376\377\0005\000.\0003\0003\000.\0002\000.\0008\000\040\000u\000n\000i\000t\000\137\000f\000l\000o\000w\000\137\000g\000e\000t\000S\000o\000u\000r\000c\000e\000\050\000\051}{subsection.5.33.2}% 303
\BOOKMARK [3][-]{subsubsection.5.33.2.9}{\376\377\0005\000.\0003\0003\000.\0002\000.\0009\000\040\000u\000n\000i\000t\000\137\000f\000l\000o\000w\000\137\000g\000e\000t\000T\000a\000r\000g\000e\000t\000\050\000\051}{subsection.5.33.2}% 304
\BOOKMARK [3][-]{subsubsection.5.33.2.10}{\376\377\0005\000.\0003\0003\000.\0002\000.\0001\0000\000\040\000u\000n\000i\000t\000\137\000f\000l\000o\000w\000\137\000s\000e\000t\000N\000a\000m\000e\000\050\000\051}{subsection.5.33.2}% 305
\BOOKMARK [3][-]{subsubsection.5.33.2.11}{\376\377\0005\000.\0003\0003\000.\0002\000.\0001\0001\000\040\000u\000n\000i\000t\000\137\000f\000l\000o\000w\000\137\000s\000e\000t\000S\000o\000u\000r\000c\000e\000\050\000\051}{subsection.5.33.2}% 306
\BOOKMARK [3][-]{subsubsection.5.33.2.12}{\376\377\0005\000.\0003\0003\000.\0002\000.\0001\0002\000\040\000u\000n\000i\000t\000\137\000f\000l\000o\000w\000\137\000s\000e\000t\000T\000a\000r\000g\000e\000t\000\050\000\051}{subsection.5.33.2}% 307
\BOOKMARK [1][-]{section.5.34}{\376\377\0005\000.\0003\0004\000\040\000u\000n\000i\000t\000\137\000f\000l\000o\000w\000.\000h}{chapter.5}% 308
\BOOKMARK [1][-]{section.5.35}{\376\377\0005\000.\0003\0005\000\040\000t\000e\000s\000t\000/\000u\000n\000i\000t\000/\000u\000n\000i\000t\000\137\000m\000o\000d\000e\000l\000.\000c\000p\000p\000\040\000F\000i\000l\000e\000\040\000R\000e\000f\000e\000r\000e\000n\000c\000e}{chapter.5}% 309
\BOOKMARK [2][-]{subsection.5.35.1}{\376\377\0005\000.\0003\0005\000.\0001\000\040\000F\000u\000n\000c\000t\000i\000o\000n\000\040\000D\000o\000c\000u\000m\000e\000n\000t\000a\000t\000i\000o\000n}{section.5.35}% 310
\BOOKMARK [3][-]{subsubsection.5.35.1.1}{\376\377\0005\000.\0003\0005\000.\0001\000.\0001\000\040\000r\000u\000n\000\137\000u\000n\000i\000t\000\137\000t\000e\000s\000t\000s\000\137\000m\000o\000d\000e\000l\000\050\000\051}{subsection.5.35.1}% 311
\BOOKMARK [3][-]{subsubsection.5.35.1.2}{\376\377\0005\000.\0003\0005\000.\0001\000.\0002\000\040\000u\000n\000i\000t\000\137\000m\000o\000d\000e\000l\000\137\000a\000d\000d\000F\000l\000o\000w\000\050\000\051}{subsection.5.35.1}% 312
\BOOKMARK [3][-]{subsubsection.5.35.1.3}{\376\377\0005\000.\0003\0005\000.\0001\000.\0003\000\040\000u\000n\000i\000t\000\137\000m\000o\000d\000e\000l\000\137\000a\000d\000d\000S\000y\000s\000t\000e\000m\000\050\000\051}{subsection.5.35.1}% 313
\BOOKMARK [3][-]{subsubsection.5.35.1.4}{\376\377\0005\000.\0003\0005\000.\0001\000.\0004\000\040\000u\000n\000i\000t\000\137\000m\000o\000d\000e\000l\000\137\000c\000o\000n\000s\000t\000r\000u\000c\000t\000o\000r\000\050\000\051}{subsection.5.35.1}% 314
\BOOKMARK [3][-]{subsubsection.5.35.1.5}{\376\377\0005\000.\0003\0005\000.\0001\000.\0005\000\040\000u\000n\000i\000t\000\137\000m\000o\000d\000e\000l\000\137\000d\000e\000s\000t\000r\000u\000c\000t\000o\000r\000\050\000\051}{subsection.5.35.1}% 315
\BOOKMARK [3][-]{subsubsection.5.35.1.6}{\376\377\0005\000.\0003\0005\000.\0001\000.\0006\000\040\000u\000n\000i\000t\000\137\000m\000o\000d\000e\000l\000\137\000e\000x\000e\000c\000u\000t\000e\000\050\000\051}{subsection.5.35.1}% 316
\BOOKMARK [3][-]{subsubsection.5.35.1.7}{\376\377\0005\000.\0003\0005\000.\0001\000.\0007\000\040\000u\000n\000i\000t\000\137\000m\000o\000d\000e\000l\000\137\000g\000e\000t\000N\000a\000m\000e\000\050\000\051}{subsection.5.35.1}% 317
\BOOKMARK [3][-]{subsubsection.5.35.1.8}{\376\377\0005\000.\0003\0005\000.\0001\000.\0008\000\040\000u\000n\000i\000t\000\137\000m\000o\000d\000e\000l\000\137\000g\000e\000t\000T\000i\000m\000e\000\050\000\051}{subsection.5.35.1}% 318
\BOOKMARK [3][-]{subsubsection.5.35.1.9}{\376\377\0005\000.\0003\0005\000.\0001\000.\0009\000\040\000u\000n\000i\000t\000\137\000m\000o\000d\000e\000l\000\137\000i\000n\000c\000r\000e\000m\000e\000n\000t\000T\000i\000m\000e\000\050\000\051}{subsection.5.35.1}% 319
\BOOKMARK [3][-]{subsubsection.5.35.1.10}{\376\377\0005\000.\0003\0005\000.\0001\000.\0001\0000\000\040\000u\000n\000i\000t\000\137\000m\000o\000d\000e\000l\000\137\000r\000e\000m\000o\000v\000e\000F\000l\000o\000w\000\050\000\051}{subsection.5.35.1}% 320
\BOOKMARK [3][-]{subsubsection.5.35.1.11}{\376\377\0005\000.\0003\0005\000.\0001\000.\0001\0001\000\040\000u\000n\000i\000t\000\137\000m\000o\000d\000e\000l\000\137\000r\000e\000m\000o\000v\000e\000S\000y\000s\000t\000e\000m\000\050\000\051}{subsection.5.35.1}% 321
\BOOKMARK [3][-]{subsubsection.5.35.1.12}{\376\377\0005\000.\0003\0005\000.\0001\000.\0001\0002\000\040\000u\000n\000i\000t\000\137\000m\000o\000d\000e\000l\000\137\000s\000e\000t\000N\000a\000m\000e\000\050\000\051}{subsection.5.35.1}% 322
\BOOKMARK [3][-]{subsubsection.5.35.1.13}{\376\377\0005\000.\0003\0005\000.\0001\000.\0001\0003\000\040\000u\000n\000i\000t\000\137\000m\000o\000d\000e\000l\000\137\000s\000e\000t\000T\000i\000m\000e\000\050\000\051}{subsection.5.35.1}% 323
\BOOKMARK [1][-]{section.5.36}{\376\377\0005\000.\0003\0006\000\040\000u\000n\000i\000t\000\137\000m\000o\000d\000e\000l\000.\000c\000p\000p}{chapter.5}% 324
\BOOKMARK [1][-]{section.5.37}{\376\377\0005\000.\0003\0007\000\040\000t\000e\000s\000t\000/\000u\000n\000i\000t\000/\000u\000n\000i\000t\000\137\000m\000o\000d\000e\000l\000.\000h\000\040\000F\000i\000l\000e\000\040\000R\000e\000f\000e\000r\000e\000n\000c\000e}{chapter.5}% 325
\BOOKMARK [2][-]{subsection.5.37.1}{\376\377\0005\000.\0003\0007\000.\0001\000\040\000M\000a\000c\000r\000o\000\040\000D\000e\000f\000i\000n\000i\000t\000i\000o\000n\000\040\000D\000o\000c\000u\000m\000e\000n\000t\000a\000t\000i\000o\000n}{section.5.37}% 326
\BOOKMARK [3][-]{subsubsection.5.37.1.1}{\376\377\0005\000.\0003\0007\000.\0001\000.\0001\000\040\000G\000R\000E\000E\000N}{subsection.5.37.1}% 327
\BOOKMARK [3][-]{subsubsection.5.37.1.2}{\376\377\0005\000.\0003\0007\000.\0001\000.\0002\000\040\000R\000E\000S\000E\000T}{subsection.5.37.1}% 328
\BOOKMARK [2][-]{subsection.5.37.2}{\376\377\0005\000.\0003\0007\000.\0002\000\040\000F\000u\000n\000c\000t\000i\000o\000n\000\040\000D\000o\000c\000u\000m\000e\000n\000t\000a\000t\000i\000o\000n}{section.5.37}% 329
\BOOKMARK [3][-]{subsubsection.5.37.2.1}{\376\377\0005\000.\0003\0007\000.\0002\000.\0001\000\040\000r\000u\000n\000\137\000u\000n\000i\000t\000\137\000t\000e\000s\000t\000s\000\137\000m\000o\000d\000e\000l\000\050\000\051}{subsection.5.37.2}% 330
\BOOKMARK [3][-]{subsubsection.5.37.2.2}{\376\377\0005\000.\0003\0007\000.\0002\000.\0002\000\040\000u\000n\000i\000t\000\137\000m\000o\000d\000e\000l\000\137\000a\000d\000d\000F\000l\000o\000w\000\050\000\051}{subsection.5.37.2}% 331
\BOOKMARK [3][-]{subsubsection.5.37.2.3}{\376\377\0005\000.\0003\0007\000.\0002\000.\0003\000\040\000u\000n\000i\000t\000\137\000m\000o\000d\000e\000l\000\137\000a\000d\000d\000S\000y\000s\000t\000e\000m\000\050\000\051}{subsection.5.37.2}% 332
\BOOKMARK [3][-]{subsubsection.5.37.2.4}{\376\377\0005\000.\0003\0007\000.\0002\000.\0004\000\040\000u\000n\000i\000t\000\137\000m\000o\000d\000e\000l\000\137\000c\000o\000n\000s\000t\000r\000u\000c\000t\000o\000r\000\050\000\051}{subsection.5.37.2}% 333
\BOOKMARK [3][-]{subsubsection.5.37.2.5}{\376\377\0005\000.\0003\0007\000.\0002\000.\0005\000\040\000u\000n\000i\000t\000\137\000m\000o\000d\000e\000l\000\137\000d\000e\000s\000t\000r\000u\000c\000t\000o\000r\000\050\000\051}{subsection.5.37.2}% 334
\BOOKMARK [3][-]{subsubsection.5.37.2.6}{\376\377\0005\000.\0003\0007\000.\0002\000.\0006\000\040\000u\000n\000i\000t\000\137\000m\000o\000d\000e\000l\000\137\000g\000e\000t\000N\000a\000m\000e\000\050\000\051}{subsection.5.37.2}% 335
\BOOKMARK [3][-]{subsubsection.5.37.2.7}{\376\377\0005\000.\0003\0007\000.\0002\000.\0007\000\040\000u\000n\000i\000t\000\137\000m\000o\000d\000e\000l\000\137\000g\000e\000t\000T\000i\000m\000e\000\050\000\051}{subsection.5.37.2}% 336
\BOOKMARK [3][-]{subsubsection.5.37.2.8}{\376\377\0005\000.\0003\0007\000.\0002\000.\0008\000\040\000u\000n\000i\000t\000\137\000m\000o\000d\000e\000l\000\137\000i\000n\000c\000r\000e\000m\000e\000n\000t\000T\000i\000m\000e\000\050\000\051}{subsection.5.37.2}% 337
\BOOKMARK [3][-]{subsubsection.5.37.2.9}{\376\377\0005\000.\0003\0007\000.\0002\000.\0009\000\040\000u\000n\000i\000t\000\137\000m\000o\000d\000e\000l\000\137\000r\000e\000m\000o\000v\000e\000F\000l\000o\000w\000\050\000\051}{subsection.5.37.2}% 338
\BOOKMARK [3][-]{subsubsection.5.37.2.10}{\376\377\0005\000.\0003\0007\000.\0002\000.\0001\0000\000\040\000u\000n\000i\000t\000\137\000m\000o\000d\000e\000l\000\137\000r\000e\000m\000o\000v\000e\000S\000y\000s\000t\000e\000m\000\050\000\051}{subsection.5.37.2}% 339
\BOOKMARK [3][-]{subsubsection.5.37.2.11}{\376\377\0005\000.\0003\0007\000.\0002\000.\0001\0001\000\040\000u\000n\000i\000t\000\137\000m\000o\000d\000e\000l\000\137\000s\000e\000t\000N\000a\000m\000e\000\050\000\051}{subsection.5.37.2}% 340
\BOOKMARK [3][-]{subsubsection.5.37.2.12}{\376\377\0005\000.\0003\0007\000.\0002\000.\0001\0002\000\040\000u\000n\000i\000t\000\137\000m\000o\000d\000e\000l\000\137\000s\000e\000t\000T\000i\000m\000e\000\050\000\051}{subsection.5.37.2}% 341
\BOOKMARK [1][-]{section.5.38}{\376\377\0005\000.\0003\0008\000\040\000u\000n\000i\000t\000\137\000m\000o\000d\000e\000l\000.\000h}{chapter.5}% 342
\BOOKMARK [1][-]{section.5.39}{\376\377\0005\000.\0003\0009\000\040\000t\000e\000s\000t\000/\000u\000n\000i\000t\000/\000u\000n\000i\000t\000\137\000s\000y\000s\000t\000e\000m\000.\000c\000p\000p\000\040\000F\000i\000l\000e\000\040\000R\000e\000f\000e\000r\000e\000n\000c\000e}{chapter.5}% 343
\BOOKMARK [2][-]{subsection.5.39.1}{\376\377\0005\000.\0003\0009\000.\0001\000\040\000F\000u\000n\000c\000t\000i\000o\000n\000\040\000D\000o\000c\000u\000m\000e\000n\000t\000a\000t\000i\000o\000n}{section.5.39}% 344
\BOOKMARK [3][-]{subsubsection.5.39.1.1}{\376\377\0005\000.\0003\0009\000.\0001\000.\0001\000\040\000r\000u\000n\000\137\000u\000n\000i\000t\000\137\000t\000e\000s\000t\000s\000\137\000s\000y\000s\000t\000e\000m\000\050\000\051}{subsection.5.39.1}% 345
\BOOKMARK [3][-]{subsubsection.5.39.1.2}{\376\377\0005\000.\0003\0009\000.\0001\000.\0002\000\040\000u\000n\000i\000t\000\137\000s\000y\000s\000t\000e\000m\000\137\000c\000o\000n\000s\000t\000r\000u\000c\000t\000o\000r\000\050\000\051}{subsection.5.39.1}% 346
\BOOKMARK [3][-]{subsubsection.5.39.1.3}{\376\377\0005\000.\0003\0009\000.\0001\000.\0003\000\040\000u\000n\000i\000t\000\137\000s\000y\000s\000t\000e\000m\000\137\000d\000e\000s\000t\000r\000u\000c\000t\000o\000r\000\050\000\051}{subsection.5.39.1}% 347
\BOOKMARK [3][-]{subsubsection.5.39.1.4}{\376\377\0005\000.\0003\0009\000.\0001\000.\0004\000\040\000u\000n\000i\000t\000\137\000s\000y\000s\000t\000e\000m\000\137\000d\000i\000v\000i\000s\000i\000o\000n\000O\000p\000e\000r\000a\000t\000o\000r\000\050\000\051}{subsection.5.39.1}% 348
\BOOKMARK [3][-]{subsubsection.5.39.1.5}{\376\377\0005\000.\0003\0009\000.\0001\000.\0005\000\040\000u\000n\000i\000t\000\137\000s\000y\000s\000t\000e\000m\000\137\000g\000e\000t\000N\000a\000m\000e\000\050\000\051}{subsection.5.39.1}% 349
\BOOKMARK [3][-]{subsubsection.5.39.1.6}{\376\377\0005\000.\0003\0009\000.\0001\000.\0006\000\040\000u\000n\000i\000t\000\137\000s\000y\000s\000t\000e\000m\000\137\000g\000e\000t\000V\000a\000l\000u\000e\000\050\000\051}{subsection.5.39.1}% 350
\BOOKMARK [3][-]{subsubsection.5.39.1.7}{\376\377\0005\000.\0003\0009\000.\0001\000.\0007\000\040\000u\000n\000i\000t\000\137\000s\000y\000s\000t\000e\000m\000\137\000m\000i\000n\000u\000s\000O\000p\000e\000r\000a\000t\000o\000r\000\050\000\051}{subsection.5.39.1}% 351
\BOOKMARK [3][-]{subsubsection.5.39.1.8}{\376\377\0005\000.\0003\0009\000.\0001\000.\0008\000\040\000u\000n\000i\000t\000\137\000s\000y\000s\000t\000e\000m\000\137\000s\000e\000t\000N\000a\000m\000e\000\050\000\051}{subsection.5.39.1}% 352
\BOOKMARK [3][-]{subsubsection.5.39.1.9}{\376\377\0005\000.\0003\0009\000.\0001\000.\0009\000\040\000u\000n\000i\000t\000\137\000s\000y\000s\000t\000e\000m\000\137\000s\000e\000t\000V\000a\000l\000u\000e\000\050\000\051}{subsection.5.39.1}% 353
\BOOKMARK [3][-]{subsubsection.5.39.1.10}{\376\377\0005\000.\0003\0009\000.\0001\000.\0001\0000\000\040\000u\000n\000i\000t\000\137\000s\000y\000s\000t\000e\000m\000\137\000s\000u\000m\000O\000p\000e\000r\000a\000t\000o\000r\000\050\000\051}{subsection.5.39.1}% 354
\BOOKMARK [3][-]{subsubsection.5.39.1.11}{\376\377\0005\000.\0003\0009\000.\0001\000.\0001\0001\000\040\000u\000n\000i\000t\000\137\000s\000y\000s\000t\000e\000m\000\137\000t\000i\000m\000e\000s\000O\000p\000e\000r\000a\000t\000o\000r\000\050\000\051}{subsection.5.39.1}% 355
\BOOKMARK [1][-]{section.5.40}{\376\377\0005\000.\0004\0000\000\040\000u\000n\000i\000t\000\137\000s\000y\000s\000t\000e\000m\000.\000c\000p\000p}{chapter.5}% 356
\BOOKMARK [1][-]{section.5.41}{\376\377\0005\000.\0004\0001\000\040\000t\000e\000s\000t\000/\000u\000n\000i\000t\000/\000u\000n\000i\000t\000\137\000s\000y\000s\000t\000e\000m\000.\000h\000\040\000F\000i\000l\000e\000\040\000R\000e\000f\000e\000r\000e\000n\000c\000e}{chapter.5}% 357
\BOOKMARK [2][-]{subsection.5.41.1}{\376\377\0005\000.\0004\0001\000.\0001\000\040\000M\000a\000c\000r\000o\000\040\000D\000e\000f\000i\000n\000i\000t\000i\000o\000n\000\040\000D\000o\000c\000u\000m\000e\000n\000t\000a\000t\000i\000o\000n}{section.5.41}% 358
\BOOKMARK [3][-]{subsubsection.5.41.1.1}{\376\377\0005\000.\0004\0001\000.\0001\000.\0001\000\040\000G\000R\000E\000E\000N}{subsection.5.41.1}% 359
\BOOKMARK [3][-]{subsubsection.5.41.1.2}{\376\377\0005\000.\0004\0001\000.\0001\000.\0002\000\040\000R\000E\000S\000E\000T}{subsection.5.41.1}% 360
\BOOKMARK [2][-]{subsection.5.41.2}{\376\377\0005\000.\0004\0001\000.\0002\000\040\000F\000u\000n\000c\000t\000i\000o\000n\000\040\000D\000o\000c\000u\000m\000e\000n\000t\000a\000t\000i\000o\000n}{section.5.41}% 361
\BOOKMARK [3][-]{subsubsection.5.41.2.1}{\376\377\0005\000.\0004\0001\000.\0002\000.\0001\000\040\000r\000u\000n\000\137\000u\000n\000i\000t\000\137\000t\000e\000s\000t\000s\000\137\000s\000y\000s\000t\000e\000m\000\050\000\051}{subsection.5.41.2}% 362
\BOOKMARK [3][-]{subsubsection.5.41.2.2}{\376\377\0005\000.\0004\0001\000.\0002\000.\0002\000\040\000u\000n\000i\000t\000\137\000s\000y\000s\000t\000e\000m\000\137\000c\000o\000n\000s\000t\000r\000u\000c\000t\000o\000r\000\050\000\051}{subsection.5.41.2}% 363
\BOOKMARK [3][-]{subsubsection.5.41.2.3}{\376\377\0005\000.\0004\0001\000.\0002\000.\0003\000\040\000u\000n\000i\000t\000\137\000s\000y\000s\000t\000e\000m\000\137\000d\000e\000s\000t\000r\000u\000c\000t\000o\000r\000\050\000\051}{subsection.5.41.2}% 364
\BOOKMARK [3][-]{subsubsection.5.41.2.4}{\376\377\0005\000.\0004\0001\000.\0002\000.\0004\000\040\000u\000n\000i\000t\000\137\000s\000y\000s\000t\000e\000m\000\137\000d\000i\000v\000i\000s\000i\000o\000n\000O\000p\000e\000r\000a\000t\000o\000r\000\050\000\051}{subsection.5.41.2}% 365
\BOOKMARK [3][-]{subsubsection.5.41.2.5}{\376\377\0005\000.\0004\0001\000.\0002\000.\0005\000\040\000u\000n\000i\000t\000\137\000s\000y\000s\000t\000e\000m\000\137\000g\000e\000t\000N\000a\000m\000e\000\050\000\051}{subsection.5.41.2}% 366
\BOOKMARK [3][-]{subsubsection.5.41.2.6}{\376\377\0005\000.\0004\0001\000.\0002\000.\0006\000\040\000u\000n\000i\000t\000\137\000s\000y\000s\000t\000e\000m\000\137\000g\000e\000t\000V\000a\000l\000u\000e\000\050\000\051}{subsection.5.41.2}% 367
\BOOKMARK [3][-]{subsubsection.5.41.2.7}{\376\377\0005\000.\0004\0001\000.\0002\000.\0007\000\040\000u\000n\000i\000t\000\137\000s\000y\000s\000t\000e\000m\000\137\000m\000i\000n\000u\000s\000O\000p\000e\000r\000a\000t\000o\000r\000\050\000\051}{subsection.5.41.2}% 368
\BOOKMARK [3][-]{subsubsection.5.41.2.8}{\376\377\0005\000.\0004\0001\000.\0002\000.\0008\000\040\000u\000n\000i\000t\000\137\000s\000y\000s\000t\000e\000m\000\137\000s\000e\000t\000N\000a\000m\000e\000\050\000\051}{subsection.5.41.2}% 369
\BOOKMARK [3][-]{subsubsection.5.41.2.9}{\376\377\0005\000.\0004\0001\000.\0002\000.\0009\000\040\000u\000n\000i\000t\000\137\000s\000y\000s\000t\000e\000m\000\137\000s\000e\000t\000V\000a\000l\000u\000e\000\050\000\051}{subsection.5.41.2}% 370
\BOOKMARK [3][-]{subsubsection.5.41.2.10}{\376\377\0005\000.\0004\0001\000.\0002\000.\0001\0000\000\040\000u\000n\000i\000t\000\137\000s\000y\000s\000t\000e\000m\000\137\000s\000u\000m\000O\000p\000e\000r\000a\000t\000o\000r\000\050\000\051}{subsection.5.41.2}% 371
\BOOKMARK [3][-]{subsubsection.5.41.2.11}{\376\377\0005\000.\0004\0001\000.\0002\000.\0001\0001\000\040\000u\000n\000i\000t\000\137\000s\000y\000s\000t\000e\000m\000\137\000t\000i\000m\000e\000s\000O\000p\000e\000r\000a\000t\000o\000r\000\050\000\051}{subsection.5.41.2}% 372
\BOOKMARK [1][-]{section.5.42}{\376\377\0005\000.\0004\0002\000\040\000u\000n\000i\000t\000\137\000s\000y\000s\000t\000e\000m\000.\000h}{chapter.5}% 373
\BOOKMARK [1][-]{section.5.43}{\376\377\0005\000.\0004\0003\000\040\000t\000e\000s\000t\000/\000u\000n\000i\000t\000/\000u\000n\000i\000t\000\137\000t\000e\000s\000t\000s\000.\000c\000p\000p\000\040\000F\000i\000l\000e\000\040\000R\000e\000f\000e\000r\000e\000n\000c\000e}{chapter.5}% 374
\BOOKMARK [2][-]{subsection.5.43.1}{\376\377\0005\000.\0004\0003\000.\0001\000\040\000F\000u\000n\000c\000t\000i\000o\000n\000\040\000D\000o\000c\000u\000m\000e\000n\000t\000a\000t\000i\000o\000n}{section.5.43}% 375
\BOOKMARK [3][-]{subsubsection.5.43.1.1}{\376\377\0005\000.\0004\0003\000.\0001\000.\0001\000\040\000r\000u\000n\000\137\000u\000n\000i\000t\000\137\000t\000e\000s\000t\000s\000\137\000g\000l\000o\000b\000a\000l\000s\000\050\000\051}{subsection.5.43.1}% 376
\BOOKMARK [3][-]{subsubsection.5.43.1.2}{\376\377\0005\000.\0004\0003\000.\0001\000.\0002\000\040\000u\000n\000i\000t\000\137\000t\000e\000s\000t\000\137\000g\000l\000o\000b\000a\000l\000\137\000d\000i\000v\000i\000s\000i\000o\000n\000O\000p\000e\000r\000a\000t\000o\000r\000\050\000\051}{subsection.5.43.1}% 377
\BOOKMARK [3][-]{subsubsection.5.43.1.3}{\376\377\0005\000.\0004\0003\000.\0001\000.\0003\000\040\000u\000n\000i\000t\000\137\000t\000e\000s\000t\000\137\000g\000l\000o\000b\000a\000l\000\137\000m\000i\000n\000u\000s\000O\000p\000e\000r\000a\000t\000o\000r\000\050\000\051}{subsection.5.43.1}% 378
\BOOKMARK [3][-]{subsubsection.5.43.1.4}{\376\377\0005\000.\0004\0003\000.\0001\000.\0004\000\040\000u\000n\000i\000t\000\137\000t\000e\000s\000t\000\137\000g\000l\000o\000b\000a\000l\000\137\000s\000u\000m\000O\000p\000e\000r\000a\000t\000o\000r\000\050\000\051}{subsection.5.43.1}% 379
\BOOKMARK [3][-]{subsubsection.5.43.1.5}{\376\377\0005\000.\0004\0003\000.\0001\000.\0005\000\040\000u\000n\000i\000t\000\137\000t\000e\000s\000t\000\137\000g\000l\000o\000b\000a\000l\000\137\000t\000i\000m\000e\000s\000O\000p\000e\000r\000a\000t\000o\000r\000\050\000\051}{subsection.5.43.1}% 380
\BOOKMARK [1][-]{section.5.44}{\376\377\0005\000.\0004\0004\000\040\000u\000n\000i\000t\000\137\000t\000e\000s\000t\000s\000.\000c\000p\000p}{chapter.5}% 381
\BOOKMARK [1][-]{section.5.45}{\376\377\0005\000.\0004\0005\000\040\000t\000e\000s\000t\000/\000u\000n\000i\000t\000/\000u\000n\000i\000t\000\137\000t\000e\000s\000t\000s\000.\000h\000\040\000F\000i\000l\000e\000\040\000R\000e\000f\000e\000r\000e\000n\000c\000e}{chapter.5}% 382
\BOOKMARK [2][-]{subsection.5.45.1}{\376\377\0005\000.\0004\0005\000.\0001\000\040\000M\000a\000c\000r\000o\000\040\000D\000e\000f\000i\000n\000i\000t\000i\000o\000n\000\040\000D\000o\000c\000u\000m\000e\000n\000t\000a\000t\000i\000o\000n}{section.5.45}% 383
\BOOKMARK [3][-]{subsubsection.5.45.1.1}{\376\377\0005\000.\0004\0005\000.\0001\000.\0001\000\040\000G\000R\000E\000E\000N}{subsection.5.45.1}% 384
\BOOKMARK [3][-]{subsubsection.5.45.1.2}{\376\377\0005\000.\0004\0005\000.\0001\000.\0002\000\040\000R\000E\000S\000E\000T}{subsection.5.45.1}% 385
\BOOKMARK [2][-]{subsection.5.45.2}{\376\377\0005\000.\0004\0005\000.\0002\000\040\000F\000u\000n\000c\000t\000i\000o\000n\000\040\000D\000o\000c\000u\000m\000e\000n\000t\000a\000t\000i\000o\000n}{section.5.45}% 386
\BOOKMARK [3][-]{subsubsection.5.45.2.1}{\376\377\0005\000.\0004\0005\000.\0002\000.\0001\000\040\000r\000u\000n\000\137\000u\000n\000i\000t\000\137\000t\000e\000s\000t\000s\000\137\000g\000l\000o\000b\000a\000l\000s\000\050\000\051}{subsection.5.45.2}% 387
\BOOKMARK [3][-]{subsubsection.5.45.2.2}{\376\377\0005\000.\0004\0005\000.\0002\000.\0002\000\040\000u\000n\000i\000t\000\137\000t\000e\000s\000t\000\137\000g\000l\000o\000b\000a\000l\000\137\000d\000i\000v\000i\000s\000i\000o\000n\000O\000p\000e\000r\000a\000t\000o\000r\000\050\000\051}{subsection.5.45.2}% 388
\BOOKMARK [3][-]{subsubsection.5.45.2.3}{\376\377\0005\000.\0004\0005\000.\0002\000.\0003\000\040\000u\000n\000i\000t\000\137\000t\000e\000s\000t\000\137\000g\000l\000o\000b\000a\000l\000\137\000m\000i\000n\000u\000s\000O\000p\000e\000r\000a\000t\000o\000r\000\050\000\051}{subsection.5.45.2}% 389
\BOOKMARK [3][-]{subsubsection.5.45.2.4}{\376\377\0005\000.\0004\0005\000.\0002\000.\0004\000\040\000u\000n\000i\000t\000\137\000t\000e\000s\000t\000\137\000g\000l\000o\000b\000a\000l\000\137\000s\000u\000m\000O\000p\000e\000r\000a\000t\000o\000r\000\050\000\051}{subsection.5.45.2}% 390
\BOOKMARK [3][-]{subsubsection.5.45.2.5}{\376\377\0005\000.\0004\0005\000.\0002\000.\0005\000\040\000u\000n\000i\000t\000\137\000t\000e\000s\000t\000\137\000g\000l\000o\000b\000a\000l\000\137\000t\000i\000m\000e\000s\000O\000p\000e\000r\000a\000t\000o\000r\000\050\000\051}{subsection.5.45.2}% 391
\BOOKMARK [1][-]{section.5.46}{\376\377\0005\000.\0004\0006\000\040\000u\000n\000i\000t\000\137\000t\000e\000s\000t\000s\000.\000h}{chapter.5}% 392
\BOOKMARK [0][-]{section*.127}{\376\377\000I\000n\000d\000e\000x}{}% 393
